   1              		.cpu cortex-m7
   2              		.arch armv7e-m
   3              		.fpu fpv5-d16
   4              		.eabi_attribute 28, 1
   5              		.eabi_attribute 20, 1
   6              		.eabi_attribute 21, 1
   7              		.eabi_attribute 23, 3
   8              		.eabi_attribute 24, 1
   9              		.eabi_attribute 25, 1
  10              		.eabi_attribute 26, 1
  11              		.eabi_attribute 30, 6
  12              		.eabi_attribute 34, 1
  13              		.eabi_attribute 18, 4
  14              		.file	"zf_driver_delay.c"
  15              		.text
  16              	.Ltext0:
  17              		.cfi_sections	.debug_frame
  18              		.section	.text.zf_delay_ms,"ax",%progbits
  19              		.align	1
  20              		.p2align 4,,15
  21              		.weak	zf_delay_ms
  22              		.syntax unified
  23              		.thumb
  24              		.thumb_func
  26              	zf_delay_ms:
  27              	.LFB459:
  28              		.file 1 "libraries/zf_driver/zf_driver_delay.c"
   1:libraries/zf_driver/zf_driver_delay.c **** /**************************************************************************************************
   2:libraries/zf_driver/zf_driver_delay.c **** * Stellar-SR5E1E3 Opensource Library å³ï¼ˆStellar-SR5E1E3 å¼€æºåº“ï¼‰æ˜¯ä¸€ä¸ªåŸºäºå®˜æ–¹ SDK æ
   3:libraries/zf_driver/zf_driver_delay.c **** * Copyright (c) 2022 SEEKFREE é€é£ç§‘æŠ€
   4:libraries/zf_driver/zf_driver_delay.c **** *
   5:libraries/zf_driver/zf_driver_delay.c **** * æœ¬æ–‡ä»¶æ˜¯ Stellar-SR5E1E3 å¼€æºåº“çš„ä¸€éƒ¨åˆ†
   6:libraries/zf_driver/zf_driver_delay.c **** *
   7:libraries/zf_driver/zf_driver_delay.c **** * Stellar-SR5E1E3 å¼€æºåº“ æ˜¯å…è´¹è½¯ä»¶
   8:libraries/zf_driver/zf_driver_delay.c **** * æ‚¨å¯ä»¥æ ¹æ®è‡ªç”±è½¯ä»¶åŸºé‡‘ä¼šå‘å¸ƒçš„ GPLï¼ˆGNU General Public Licenseï¼Œå³ GNUé€šç”¨å…¬
   9:libraries/zf_driver/zf_driver_delay.c **** * å³ GPL çš„ç¬¬3ç‰ˆï¼ˆå³ GPL3.0ï¼‰æˆ–ï¼ˆæ‚¨é€‰æ‹©çš„ï¼‰ä»»ä½•åæ¥çš„ç‰ˆæœ¬ï¼Œé‡æ–°å‘å¸ƒå’Œ/æˆ
  10:libraries/zf_driver/zf_driver_delay.c **** *
  11:libraries/zf_driver/zf_driver_delay.c **** * æœ¬å¼€æºåº“çš„å‘å¸ƒæ˜¯å¸Œæœ›å®ƒèƒ½å‘æŒ¥ä½œç”¨ï¼Œä½†å¹¶æœªå¯¹å…¶ä½œä»»ä½•çš„ä¿è¯
  12:libraries/zf_driver/zf_driver_delay.c **** * ç”šè‡³æ²¡æœ‰éšå«çš„é€‚é”€æ€§æˆ–é€‚åˆç‰¹å®šç”¨é€”çš„ä¿è¯
  13:libraries/zf_driver/zf_driver_delay.c **** * æ›´å¤šç»†èŠ‚è¯·å‚è§ GPL
  14:libraries/zf_driver/zf_driver_delay.c **** *
  15:libraries/zf_driver/zf_driver_delay.c **** * æ‚¨åº”è¯¥åœ¨æ”¶åˆ°æœ¬å¼€æºåº“çš„åŒæ—¶æ”¶åˆ°ä¸€ä»½ GPL çš„å‰¯æœ¬
  16:libraries/zf_driver/zf_driver_delay.c **** * å¦‚æœæ²¡æœ‰ï¼Œè¯·å‚é˜…<https://www.gnu.org/licenses/>
  17:libraries/zf_driver/zf_driver_delay.c **** *
  18:libraries/zf_driver/zf_driver_delay.c **** * é¢å¤–æ³¨æ˜ï¼š
  19:libraries/zf_driver/zf_driver_delay.c **** * æœ¬å¼€æºåº“ä½¿ç”¨ GPL3.0 å¼€æºè®¸å¯è¯åè®® ä»¥ä¸Šè®¸å¯ç”³æ˜ä¸ºè¯‘æ–‡ç‰ˆæœ¬
  20:libraries/zf_driver/zf_driver_delay.c **** * è®¸å¯ç”³æ˜è‹±æ–‡ç‰ˆåœ¨ libraries/doc æ–‡ä»¶å¤¹ä¸‹çš„ GPL3_permission_statement.txt æ–‡ä»¶ä¸­
  21:libraries/zf_driver/zf_driver_delay.c **** * è®¸å¯è¯å‰¯æœ¬åœ¨ libraries æ–‡ä»¶å¤¹ä¸‹ å³è¯¥æ–‡ä»¶å¤¹ä¸‹çš„ LICENSE æ–‡ä»¶
  22:libraries/zf_driver/zf_driver_delay.c **** * æ¬¢è¿å„ä½ä½¿ç”¨å¹¶ä¼ æ’­æœ¬ç¨‹åº ä½†ä¿®æ”¹å†…å®¹æ—¶å¿…é¡»ä¿ç•™é€é£ç§‘æŠ€çš„ç‰ˆæƒå£°æ˜ï¼ˆ
  23:libraries/zf_driver/zf_driver_delay.c **** *
  24:libraries/zf_driver/zf_driver_delay.c **** * æ–‡ä»¶åç§°          zf_driver_delay
  25:libraries/zf_driver/zf_driver_delay.c **** * å…¬å¸åç§°          æˆéƒ½é€é£ç§‘æŠ€æœ‰é™å…¬å¸
  26:libraries/zf_driver/zf_driver_delay.c **** * ç‰ˆæœ¬ä¿¡æ¯          æŸ¥çœ‹ libraries/doc æ–‡ä»¶å¤¹å†… version æ–‡ä»¶ ç‰ˆæœ¬è¯´æ˜
  27:libraries/zf_driver/zf_driver_delay.c **** * å¼€å‘ç¯å¢ƒ          StellarStudio 7.0.0
  28:libraries/zf_driver/zf_driver_delay.c **** * é€‚ç”¨å¹³å°          Stellar-SR5E1E3
  29:libraries/zf_driver/zf_driver_delay.c **** * åº—é“ºé“¾æ¥          https://www.seekfree.cn/
  30:libraries/zf_driver/zf_driver_delay.c **** ***************************************************************************************************
  31:libraries/zf_driver/zf_driver_delay.c **** 
  32:libraries/zf_driver/zf_driver_delay.c **** // è‡ªèº«å¤´æ–‡ä»¶
  33:libraries/zf_driver/zf_driver_delay.c **** #include "zf_driver_delay.h"
  34:libraries/zf_driver/zf_driver_delay.c **** 
  35:libraries/zf_driver/zf_driver_delay.c **** // æ­¤å¤„å®šä¹‰ æœ¬æ–‡ä»¶çš„æ‰€æœ‰å‡½æ•°å…·ä½“å®šä¹‰ è¿™é‡Œä¸å…è®¸ç”¨æˆ·ä¿®æ”¹
  36:libraries/zf_driver/zf_driver_delay.c **** // >>>>>>>>>>>>>>>>>>>>>>>>>>>>>>>>>>>>>>>>> Part Start >>>>>>>>>>>>>>>>>>>>>>>>>>>>>>>>>>>>>>>>>
  37:libraries/zf_driver/zf_driver_delay.c **** //-------------------------------------------------------------------------------------------------
  38:libraries/zf_driver/zf_driver_delay.c **** // å‡½æ•°ç®€ä»‹     DELAY å»¶æ—¶å‡½æ•° ms çº§åˆ«
  39:libraries/zf_driver/zf_driver_delay.c **** // å‚æ•°è¯´æ˜     time                éœ€è¦å»¶æ—¶çš„æ—¶é—´ ms å•ä½
  40:libraries/zf_driver/zf_driver_delay.c **** // è¿”å›å‚æ•°     void
  41:libraries/zf_driver/zf_driver_delay.c **** // ä½¿ç”¨ç¤ºä¾‹     zf_delay_ms(time);
  42:libraries/zf_driver/zf_driver_delay.c **** // å¤‡æ³¨ä¿¡æ¯     æœ¬å‡½æ•°ä½¿ç”¨å¼±å®šä¹‰ è¿™æ ·åšçš„ç›®çš„æ˜¯åœ¨ç§»æ¤æ“ä½œç³»ç»Ÿæ—¶å¯ä»¥é‡
  43:libraries/zf_driver/zf_driver_delay.c **** //-------------------------------------------------------------------------------------------------
  44:libraries/zf_driver/zf_driver_delay.c **** ZF_WEAK void zf_delay_ms (uint32 time)
  45:libraries/zf_driver/zf_driver_delay.c **** {
  29              		.loc 1 45 1
  30              		.cfi_startproc
  31              		@ args = 0, pretend = 0, frame = 32
  32              		@ frame_needed = 0, uses_anonymous_args = 0
  33              		@ link register save eliminated.
  34 0000 88B0     		sub	sp, sp, #32
  35              		.cfi_def_cfa_offset 32
  36 0002 0190     		str	r0, [sp, #4]
  46:libraries/zf_driver/zf_driver_delay.c ****     vuint32 ms_temp         = 0;
  37              		.loc 1 46 13
  38 0004 0023     		movs	r3, #0
  39 0006 0793     		str	r3, [sp, #28]
  47:libraries/zf_driver/zf_driver_delay.c **** 
  48:libraries/zf_driver/zf_driver_delay.c ****     vuint32 us_temp1        = 0;
  40              		.loc 1 48 13
  41 0008 0023     		movs	r3, #0
  42 000a 0693     		str	r3, [sp, #24]
  49:libraries/zf_driver/zf_driver_delay.c ****     vuint32 us_temp2        = 0;
  43              		.loc 1 49 13
  44 000c 0023     		movs	r3, #0
  45 000e 0593     		str	r3, [sp, #20]
  50:libraries/zf_driver/zf_driver_delay.c **** 
  51:libraries/zf_driver/zf_driver_delay.c ****     vuint32 counter_temp1   = 0;
  46              		.loc 1 51 13
  47 0010 0023     		movs	r3, #0
  48 0012 0493     		str	r3, [sp, #16]
  52:libraries/zf_driver/zf_driver_delay.c ****     vuint32 counter_temp2   = 0;
  49              		.loc 1 52 13
  50 0014 0023     		movs	r3, #0
  51 0016 0393     		str	r3, [sp, #12]
  53:libraries/zf_driver/zf_driver_delay.c **** 
  54:libraries/zf_driver/zf_driver_delay.c ****     while(time)
  52              		.loc 1 54 10
  53 0018 53E0     		b	.L2
  54              	.L8:
  55:libraries/zf_driver/zf_driver_delay.c ****     {
  56:libraries/zf_driver/zf_driver_delay.c ****         ms_temp = (time >= 10) ? (10) : (time);                                 // å»¶æ—¶ä»¥ 10ms ä
  55              		.loc 1 56 39
  56 001a 019B     		ldr	r3, [sp, #4]
  57 001c 0A2B     		cmp	r3, #10
  58 001e 28BF     		it	cs
  59 0020 0A23     		movcs	r3, #10
  60              		.loc 1 56 17
  61 0022 0793     		str	r3, [sp, #28]
  57:libraries/zf_driver/zf_driver_delay.c ****         time -= ms_temp;                                                        // ä¸è¶³ 10ms å°±ä
  62              		.loc 1 57 9
  63 0024 079B     		ldr	r3, [sp, #28]
  64              		.loc 1 57 14
  65 0026 019A     		ldr	r2, [sp, #4]
  66 0028 D31A     		subs	r3, r2, r3
  67 002a 0193     		str	r3, [sp, #4]
  68              	.L3:
  58:libraries/zf_driver/zf_driver_delay.c **** 
  59:libraries/zf_driver/zf_driver_delay.c ****         do                                                                      // é€šè¿‡ä¸¤ä¸ª vol
  60:libraries/zf_driver/zf_driver_delay.c ****         {                                                                       // ä¸€èˆ¬æƒ…å†µä¸‹è
  61:libraries/zf_driver/zf_driver_delay.c ****             counter_temp1 = DRV_TIM_TS.tim_ts->CNT;                             // volatile å˜é‡è
  69              		.loc 1 61 39 discriminator 1
  70 002c 284B     		ldr	r3, .L9
  71 002e 1B68     		ldr	r3, [r3]
  72              		.loc 1 61 46 discriminator 1
  73 0030 5B6A     		ldr	r3, [r3, #36]
  74              		.loc 1 61 27 discriminator 1
  75 0032 0493     		str	r3, [sp, #16]
  62:libraries/zf_driver/zf_driver_delay.c ****             counter_temp2 = DRV_TIM_TS.tim_ts->CNT;                             // volatile å˜é‡è
  76              		.loc 1 62 39 discriminator 1
  77 0034 264B     		ldr	r3, .L9
  78 0036 1B68     		ldr	r3, [r3]
  79              		.loc 1 62 46 discriminator 1
  80 0038 5B6A     		ldr	r3, [r3, #36]
  81              		.loc 1 62 27 discriminator 1
  82 003a 0393     		str	r3, [sp, #12]
  63:libraries/zf_driver/zf_driver_delay.c ****         }while(counter_temp1 != counter_temp2);                                 // ä½†ä¸æ’é™¤é‡å
  83              		.loc 1 63 30 discriminator 1
  84 003c 049A     		ldr	r2, [sp, #16]
  85 003e 039B     		ldr	r3, [sp, #12]
  86              		.loc 1 63 9 discriminator 1
  87 0040 9A42     		cmp	r2, r3
  88 0042 F3D1     		bne	.L3
  64:libraries/zf_driver/zf_driver_delay.c **** 
  65:libraries/zf_driver/zf_driver_delay.c ****         us_temp1 = counter_temp1 + ms_temp * 1000;                              // è®¡ç®—å»¶æ—¶åç
  89              		.loc 1 65 44
  90 0044 079B     		ldr	r3, [sp, #28]
  91 0046 4FF47A72 		mov	r2, #1000
  92 004a 03FB02F2 		mul	r2, r3, r2
  93              		.loc 1 65 34
  94 004e 049B     		ldr	r3, [sp, #16]
  95 0050 1344     		add	r3, r3, r2
  96              		.loc 1 65 18
  97 0052 0693     		str	r3, [sp, #24]
  66:libraries/zf_driver/zf_driver_delay.c ****         us_temp2 = us_temp1 % 50000;                                            // è®¡ç®—å»¶æ—¶åè
  98              		.loc 1 66 29
  99 0054 069A     		ldr	r2, [sp, #24]
 100 0056 1309     		lsrs	r3, r2, #4
 101 0058 1E49     		ldr	r1, .L9+4
 102 005a A1FB0313 		umull	r1, r3, r1, r3
 103 005e DB09     		lsrs	r3, r3, #7
 104 0060 4CF25031 		movw	r1, #50000
 105 0064 01FB03F3 		mul	r3, r1, r3
 106 0068 D31A     		subs	r3, r2, r3
 107              		.loc 1 66 18
 108 006a 0593     		str	r3, [sp, #20]
 109              	.L4:
  67:libraries/zf_driver/zf_driver_delay.c **** 
  68:libraries/zf_driver/zf_driver_delay.c ****         for(;;)
  69:libraries/zf_driver/zf_driver_delay.c ****         {
  70:libraries/zf_driver/zf_driver_delay.c ****             do                                                                  // é€šè¿‡ä¸¤ä¸ª vol
  71:libraries/zf_driver/zf_driver_delay.c ****             {                                                                   // ä¸€èˆ¬æƒ…å†µä¸‹è
  72:libraries/zf_driver/zf_driver_delay.c ****                 counter_temp1 = DRV_TIM_TS.tim_ts->CNT;                         // volatile å˜é‡è
 110              		.loc 1 72 43 discriminator 1
 111 006c 184B     		ldr	r3, .L9
 112 006e 1B68     		ldr	r3, [r3]
 113              		.loc 1 72 50 discriminator 1
 114 0070 5B6A     		ldr	r3, [r3, #36]
 115              		.loc 1 72 31 discriminator 1
 116 0072 0493     		str	r3, [sp, #16]
  73:libraries/zf_driver/zf_driver_delay.c ****                 counter_temp2 = DRV_TIM_TS.tim_ts->CNT;                         // volatile å˜é‡è
 117              		.loc 1 73 43 discriminator 1
 118 0074 164B     		ldr	r3, .L9
 119 0076 1B68     		ldr	r3, [r3]
 120              		.loc 1 73 50 discriminator 1
 121 0078 5B6A     		ldr	r3, [r3, #36]
 122              		.loc 1 73 31 discriminator 1
 123 007a 0393     		str	r3, [sp, #12]
  74:libraries/zf_driver/zf_driver_delay.c ****             }while(counter_temp1 != counter_temp2);                             // ä½†ä¸æ’é™¤é‡å
 124              		.loc 1 74 34 discriminator 1
 125 007c 049A     		ldr	r2, [sp, #16]
 126 007e 039B     		ldr	r3, [sp, #12]
 127              		.loc 1 74 13 discriminator 1
 128 0080 9A42     		cmp	r2, r3
 129 0082 F3D1     		bne	.L4
  75:libraries/zf_driver/zf_driver_delay.c **** 
  76:libraries/zf_driver/zf_driver_delay.c ****             if(us_temp1 >= 50000)                                               // åˆ¤æ–­æ˜¯å¦è¶…å
 130              		.loc 1 76 25
 131 0084 069B     		ldr	r3, [sp, #24]
 132              		.loc 1 76 15
 133 0086 4CF24F32 		movw	r2, #49999
 134 008a 9342     		cmp	r3, r2
 135 008c 09D9     		bls	.L5
  77:libraries/zf_driver/zf_driver_delay.c ****             {                                                                   // è¶…å‡ºè®¡æ•°å€¼å
  78:libraries/zf_driver/zf_driver_delay.c ****                 if(counter_temp1 < 50000 / 2 && counter_temp1 > us_temp2)       // ç­‰åˆ°ä¸‹ä¸ªå‘¨æ
 136              		.loc 1 78 34
 137 008e 049B     		ldr	r3, [sp, #16]
 138              		.loc 1 78 19
 139 0090 46F2A712 		movw	r2, #24999
 140 0094 9342     		cmp	r3, r2
 141 0096 E9D8     		bhi	.L4
 142              		.loc 1 78 63 discriminator 1
 143 0098 049A     		ldr	r2, [sp, #16]
 144 009a 059B     		ldr	r3, [sp, #20]
 145              		.loc 1 78 46 discriminator 1
 146 009c 9A42     		cmp	r2, r3
 147 009e E5D9     		bls	.L4
  79:libraries/zf_driver/zf_driver_delay.c ****                 {
  80:libraries/zf_driver/zf_driver_delay.c ****                     break;
 148              		.loc 1 80 21
 149 00a0 0FE0     		b	.L2
 150              	.L5:
  81:libraries/zf_driver/zf_driver_delay.c ****                 }
  82:libraries/zf_driver/zf_driver_delay.c ****             }
  83:libraries/zf_driver/zf_driver_delay.c ****             else
  84:libraries/zf_driver/zf_driver_delay.c ****             {
  85:libraries/zf_driver/zf_driver_delay.c ****                 if(50000 - us_temp2 <= 100)
 151              		.loc 1 85 26
 152 00a2 059A     		ldr	r2, [sp, #20]
 153 00a4 4CF25033 		movw	r3, #50000
 154 00a8 9B1A     		subs	r3, r3, r2
 155              		.loc 1 85 19
 156 00aa 642B     		cmp	r3, #100
 157 00ac 05D8     		bhi	.L7
  86:libraries/zf_driver/zf_driver_delay.c ****                 {
  87:libraries/zf_driver/zf_driver_delay.c ****                     if(counter_temp1 < 50000 / 2)
 158              		.loc 1 87 38
 159 00ae 049B     		ldr	r3, [sp, #16]
 160              		.loc 1 87 23
 161 00b0 46F2A712 		movw	r2, #24999
 162 00b4 9342     		cmp	r3, r2
 163 00b6 D9D8     		bhi	.L4
  88:libraries/zf_driver/zf_driver_delay.c ****                     {
  89:libraries/zf_driver/zf_driver_delay.c ****                         break;
 164              		.loc 1 89 25
 165 00b8 03E0     		b	.L2
 166              	.L7:
  90:libraries/zf_driver/zf_driver_delay.c ****                     }
  91:libraries/zf_driver/zf_driver_delay.c ****                 }
  92:libraries/zf_driver/zf_driver_delay.c ****                 else
  93:libraries/zf_driver/zf_driver_delay.c ****                 {
  94:libraries/zf_driver/zf_driver_delay.c ****                     if(counter_temp1 > us_temp2)
 167              		.loc 1 94 38
 168 00ba 049A     		ldr	r2, [sp, #16]
 169 00bc 059B     		ldr	r3, [sp, #20]
 170              		.loc 1 94 23
 171 00be 9A42     		cmp	r2, r3
 172 00c0 D4D9     		bls	.L4
 173              	.L2:
  54:libraries/zf_driver/zf_driver_delay.c ****     {
 174              		.loc 1 54 10
 175 00c2 019B     		ldr	r3, [sp, #4]
 176 00c4 002B     		cmp	r3, #0
 177 00c6 A8D1     		bne	.L8
  95:libraries/zf_driver/zf_driver_delay.c ****                     {
  96:libraries/zf_driver/zf_driver_delay.c ****                         break;
  97:libraries/zf_driver/zf_driver_delay.c ****                     }
  98:libraries/zf_driver/zf_driver_delay.c ****                 }
  99:libraries/zf_driver/zf_driver_delay.c ****             }
 100:libraries/zf_driver/zf_driver_delay.c ****         }
 101:libraries/zf_driver/zf_driver_delay.c ****     }
 102:libraries/zf_driver/zf_driver_delay.c **** }
 178              		.loc 1 102 1
 179 00c8 00BF     		nop
 180 00ca 00BF     		nop
 181 00cc 08B0     		add	sp, sp, #32
 182              		.cfi_def_cfa_offset 0
 183              		@ sp needed
 184 00ce 7047     		bx	lr
 185              	.L10:
 186              		.align	2
 187              	.L9:
 188 00d0 00000000 		.word	DRV_TIM_TS
 189 00d4 C55A7C0A 		.word	175921861
 190              		.cfi_endproc
 191              	.LFE459:
 193              		.section	.text.zf_delay_us,"ax",%progbits
 194              		.align	1
 195              		.p2align 4,,15
 196              		.weak	zf_delay_us
 197              		.syntax unified
 198              		.thumb
 199              		.thumb_func
 201              	zf_delay_us:
 202              	.LFB460:
 103:libraries/zf_driver/zf_driver_delay.c **** 
 104:libraries/zf_driver/zf_driver_delay.c **** //-------------------------------------------------------------------------------------------------
 105:libraries/zf_driver/zf_driver_delay.c **** // å‡½æ•°ç®€ä»‹     DELAY å»¶æ—¶å‡½æ•° us çº§åˆ«
 106:libraries/zf_driver/zf_driver_delay.c **** // å‚æ•°è¯´æ˜     time                éœ€è¦å»¶æ—¶çš„æ—¶é—´ us å•ä½ èŒƒå›´ 1-10000
 107:libraries/zf_driver/zf_driver_delay.c **** // è¿”å›å‚æ•°     void
 108:libraries/zf_driver/zf_driver_delay.c **** // ä½¿ç”¨ç¤ºä¾‹     zf_delay_us(time);
 109:libraries/zf_driver/zf_driver_delay.c **** // å¤‡æ³¨ä¿¡æ¯     å—é™äºç¨‹åºè¿è¡Œè·³è½¬ æ­¤å»¶æ—¶ä¼šæ¯”è¾“å…¥å€¼é«˜å‡ºä¸€äº›
 110:libraries/zf_driver/zf_driver_delay.c **** //              æœ¬å‡½æ•°ä½¿ç”¨å¼±å®šä¹‰ è¿™æ ·åšçš„ç›®çš„æ˜¯åœ¨ç§»æ¤æ“ä½œç³»ç»Ÿæ—¶å¯ä»¥é‡è½½æ
 111:libraries/zf_driver/zf_driver_delay.c **** //-------------------------------------------------------------------------------------------------
 112:libraries/zf_driver/zf_driver_delay.c **** ZF_WEAK void zf_delay_us (uint32 time)
 113:libraries/zf_driver/zf_driver_delay.c **** {
 203              		.loc 1 113 1
 204              		.cfi_startproc
 205              		@ args = 0, pretend = 0, frame = 32
 206              		@ frame_needed = 0, uses_anonymous_args = 0
 207              		@ link register save eliminated.
 208 0000 88B0     		sub	sp, sp, #32
 209              		.cfi_def_cfa_offset 32
 210 0002 0190     		str	r0, [sp, #4]
 114:libraries/zf_driver/zf_driver_delay.c ****     vuint32 us_temp         = 0;
 211              		.loc 1 114 13
 212 0004 0023     		movs	r3, #0
 213 0006 0793     		str	r3, [sp, #28]
 115:libraries/zf_driver/zf_driver_delay.c **** 
 116:libraries/zf_driver/zf_driver_delay.c ****     vuint32 us_temp1        = 0;
 214              		.loc 1 116 13
 215 0008 0023     		movs	r3, #0
 216 000a 0693     		str	r3, [sp, #24]
 117:libraries/zf_driver/zf_driver_delay.c ****     vuint32 us_temp2        = 0;
 217              		.loc 1 117 13
 218 000c 0023     		movs	r3, #0
 219 000e 0593     		str	r3, [sp, #20]
 118:libraries/zf_driver/zf_driver_delay.c **** 
 119:libraries/zf_driver/zf_driver_delay.c ****     vuint32 counter_temp1   = 0;
 220              		.loc 1 119 13
 221 0010 0023     		movs	r3, #0
 222 0012 0493     		str	r3, [sp, #16]
 120:libraries/zf_driver/zf_driver_delay.c ****     vuint32 counter_temp2   = 0;
 223              		.loc 1 120 13
 224 0014 0023     		movs	r3, #0
 225 0016 0393     		str	r3, [sp, #12]
 121:libraries/zf_driver/zf_driver_delay.c **** 
 122:libraries/zf_driver/zf_driver_delay.c ****     us_temp = (10000 <= time) ? (10000) : (time);                               // é™åˆ¶æœ€é•¿çš„å
 226              		.loc 1 122 41
 227 0018 019B     		ldr	r3, [sp, #4]
 228 001a 42F21072 		movw	r2, #10000
 229 001e 9342     		cmp	r3, r2
 230 0020 28BF     		it	cs
 231 0022 1346     		movcs	r3, r2
 232              		.loc 1 122 13
 233 0024 0793     		str	r3, [sp, #28]
 234              	.L12:
 123:libraries/zf_driver/zf_driver_delay.c **** 
 124:libraries/zf_driver/zf_driver_delay.c ****     do                                                                          // é€šè¿‡ä¸¤ä¸ª vol
 125:libraries/zf_driver/zf_driver_delay.c ****     {                                                                           // ä¸€èˆ¬æƒ…å†µä¸‹è
 126:libraries/zf_driver/zf_driver_delay.c ****         counter_temp1 = DRV_TIM_TS.tim_ts->CNT;                                 // volatile å˜é‡è
 235              		.loc 1 126 35 discriminator 1
 236 0026 264B     		ldr	r3, .L19
 237 0028 1B68     		ldr	r3, [r3]
 238              		.loc 1 126 42 discriminator 1
 239 002a 5B6A     		ldr	r3, [r3, #36]
 240              		.loc 1 126 23 discriminator 1
 241 002c 0493     		str	r3, [sp, #16]
 127:libraries/zf_driver/zf_driver_delay.c ****         counter_temp2 = DRV_TIM_TS.tim_ts->CNT;                                 // volatile å˜é‡è
 242              		.loc 1 127 35 discriminator 1
 243 002e 244B     		ldr	r3, .L19
 244 0030 1B68     		ldr	r3, [r3]
 245              		.loc 1 127 42 discriminator 1
 246 0032 5B6A     		ldr	r3, [r3, #36]
 247              		.loc 1 127 23 discriminator 1
 248 0034 0393     		str	r3, [sp, #12]
 128:libraries/zf_driver/zf_driver_delay.c ****     }while(counter_temp1 != counter_temp2);                                     // ä½†ä¸æ’é™¤é‡å
 249              		.loc 1 128 26 discriminator 1
 250 0036 049A     		ldr	r2, [sp, #16]
 251 0038 039B     		ldr	r3, [sp, #12]
 252              		.loc 1 128 5 discriminator 1
 253 003a 9A42     		cmp	r2, r3
 254 003c F3D1     		bne	.L12
 129:libraries/zf_driver/zf_driver_delay.c **** 
 130:libraries/zf_driver/zf_driver_delay.c ****     us_temp1 = counter_temp1 + us_temp;                                         // è®¡ç®—å»¶æ—¶åç
 255              		.loc 1 130 30
 256 003e 049A     		ldr	r2, [sp, #16]
 257 0040 079B     		ldr	r3, [sp, #28]
 258 0042 1344     		add	r3, r3, r2
 259              		.loc 1 130 14
 260 0044 0693     		str	r3, [sp, #24]
 131:libraries/zf_driver/zf_driver_delay.c ****     us_temp2 = us_temp1 % 50000;                                                // è®¡ç®—å»¶æ—¶åè
 261              		.loc 1 131 25
 262 0046 069A     		ldr	r2, [sp, #24]
 263 0048 1309     		lsrs	r3, r2, #4
 264 004a 1E49     		ldr	r1, .L19+4
 265 004c A1FB0313 		umull	r1, r3, r1, r3
 266 0050 DB09     		lsrs	r3, r3, #7
 267 0052 4CF25031 		movw	r1, #50000
 268 0056 01FB03F3 		mul	r3, r1, r3
 269 005a D31A     		subs	r3, r2, r3
 270              		.loc 1 131 14
 271 005c 0593     		str	r3, [sp, #20]
 272              	.L13:
 132:libraries/zf_driver/zf_driver_delay.c **** 
 133:libraries/zf_driver/zf_driver_delay.c ****     for(;;)
 134:libraries/zf_driver/zf_driver_delay.c ****     {
 135:libraries/zf_driver/zf_driver_delay.c ****         do                                                                      // é€šè¿‡ä¸¤ä¸ª vol
 136:libraries/zf_driver/zf_driver_delay.c ****         {                                                                       // ä¸€èˆ¬æƒ…å†µä¸‹è
 137:libraries/zf_driver/zf_driver_delay.c ****             counter_temp1 = DRV_TIM_TS.tim_ts->CNT;                             // volatile å˜é‡è
 273              		.loc 1 137 39 discriminator 1
 274 005e 184B     		ldr	r3, .L19
 275 0060 1B68     		ldr	r3, [r3]
 276              		.loc 1 137 46 discriminator 1
 277 0062 5B6A     		ldr	r3, [r3, #36]
 278              		.loc 1 137 27 discriminator 1
 279 0064 0493     		str	r3, [sp, #16]
 138:libraries/zf_driver/zf_driver_delay.c ****             counter_temp2 = DRV_TIM_TS.tim_ts->CNT;                             // volatile å˜é‡è
 280              		.loc 1 138 39 discriminator 1
 281 0066 164B     		ldr	r3, .L19
 282 0068 1B68     		ldr	r3, [r3]
 283              		.loc 1 138 46 discriminator 1
 284 006a 5B6A     		ldr	r3, [r3, #36]
 285              		.loc 1 138 27 discriminator 1
 286 006c 0393     		str	r3, [sp, #12]
 139:libraries/zf_driver/zf_driver_delay.c ****         }while(counter_temp1 != counter_temp2);                                 // ä½†ä¸æ’é™¤é‡å
 287              		.loc 1 139 30 discriminator 1
 288 006e 049A     		ldr	r2, [sp, #16]
 289 0070 039B     		ldr	r3, [sp, #12]
 290              		.loc 1 139 9 discriminator 1
 291 0072 9A42     		cmp	r2, r3
 292 0074 F3D1     		bne	.L13
 140:libraries/zf_driver/zf_driver_delay.c **** 
 141:libraries/zf_driver/zf_driver_delay.c ****         if(us_temp1 >= 50000)                                                   // åˆ¤æ–­æ˜¯å¦è¶…å
 293              		.loc 1 141 21
 294 0076 069B     		ldr	r3, [sp, #24]
 295              		.loc 1 141 11
 296 0078 4CF24F32 		movw	r2, #49999
 297 007c 9342     		cmp	r3, r2
 298 007e 09D9     		bls	.L14
 142:libraries/zf_driver/zf_driver_delay.c ****         {                                                                       // è¶…å‡ºè®¡æ•°å€¼å
 143:libraries/zf_driver/zf_driver_delay.c ****             if(counter_temp1 < 50000 / 2 && counter_temp1 > us_temp2)           // ç­‰åˆ°ä¸‹ä¸ªå‘¨æ
 299              		.loc 1 143 30
 300 0080 049B     		ldr	r3, [sp, #16]
 301              		.loc 1 143 15
 302 0082 46F2A712 		movw	r2, #24999
 303 0086 9342     		cmp	r3, r2
 304 0088 E9D8     		bhi	.L13
 305              		.loc 1 143 59 discriminator 1
 306 008a 049A     		ldr	r2, [sp, #16]
 307 008c 059B     		ldr	r3, [sp, #20]
 308              		.loc 1 143 42 discriminator 1
 309 008e 9A42     		cmp	r2, r3
 310 0090 E5D9     		bls	.L13
 144:libraries/zf_driver/zf_driver_delay.c ****             {
 145:libraries/zf_driver/zf_driver_delay.c ****                 break;
 311              		.loc 1 145 17
 312 0092 11E0     		b	.L16
 313              	.L14:
 146:libraries/zf_driver/zf_driver_delay.c ****             }
 147:libraries/zf_driver/zf_driver_delay.c ****         }
 148:libraries/zf_driver/zf_driver_delay.c ****         else
 149:libraries/zf_driver/zf_driver_delay.c ****         {
 150:libraries/zf_driver/zf_driver_delay.c ****             if(50000 - us_temp2 <= 100)
 314              		.loc 1 150 22
 315 0094 059A     		ldr	r2, [sp, #20]
 316 0096 4CF25033 		movw	r3, #50000
 317 009a 9B1A     		subs	r3, r3, r2
 318              		.loc 1 150 15
 319 009c 642B     		cmp	r3, #100
 320 009e 05D8     		bhi	.L17
 151:libraries/zf_driver/zf_driver_delay.c ****             {
 152:libraries/zf_driver/zf_driver_delay.c ****                 if(counter_temp1 < 50000 / 2)
 321              		.loc 1 152 34
 322 00a0 049B     		ldr	r3, [sp, #16]
 323              		.loc 1 152 19
 324 00a2 46F2A712 		movw	r2, #24999
 325 00a6 9342     		cmp	r3, r2
 326 00a8 D9D8     		bhi	.L13
 153:libraries/zf_driver/zf_driver_delay.c ****                 {
 154:libraries/zf_driver/zf_driver_delay.c ****                     break;
 327              		.loc 1 154 21
 328 00aa 05E0     		b	.L16
 329              	.L17:
 155:libraries/zf_driver/zf_driver_delay.c ****                 }
 156:libraries/zf_driver/zf_driver_delay.c ****             }
 157:libraries/zf_driver/zf_driver_delay.c ****             else
 158:libraries/zf_driver/zf_driver_delay.c ****             {
 159:libraries/zf_driver/zf_driver_delay.c ****                 if(counter_temp1 > us_temp2)
 330              		.loc 1 159 34
 331 00ac 049A     		ldr	r2, [sp, #16]
 332 00ae 059B     		ldr	r3, [sp, #20]
 333              		.loc 1 159 19
 334 00b0 9A42     		cmp	r2, r3
 335 00b2 00D8     		bhi	.L18
 133:libraries/zf_driver/zf_driver_delay.c ****     {
 336              		.loc 1 133 5 discriminator 1
 337 00b4 D3E7     		b	.L13
 338              	.L18:
 160:libraries/zf_driver/zf_driver_delay.c ****                 {
 161:libraries/zf_driver/zf_driver_delay.c ****                     break;
 339              		.loc 1 161 21
 340 00b6 00BF     		nop
 341              	.L16:
 162:libraries/zf_driver/zf_driver_delay.c ****                 }
 163:libraries/zf_driver/zf_driver_delay.c ****             }
 164:libraries/zf_driver/zf_driver_delay.c ****         }
 165:libraries/zf_driver/zf_driver_delay.c ****     }
 166:libraries/zf_driver/zf_driver_delay.c **** }
 342              		.loc 1 166 1
 343 00b8 00BF     		nop
 344 00ba 08B0     		add	sp, sp, #32
 345              		.cfi_def_cfa_offset 0
 346              		@ sp needed
 347 00bc 7047     		bx	lr
 348              	.L20:
 349 00be 00BF     		.align	2
 350              	.L19:
 351 00c0 00000000 		.word	DRV_TIM_TS
 352 00c4 C55A7C0A 		.word	175921861
 353              		.cfi_endproc
 354              	.LFE460:
 356              		.section	.text.zf_delay_init,"ax",%progbits
 357              		.align	1
 358              		.p2align 4,,15
 359              		.weak	zf_delay_init
 360              		.syntax unified
 361              		.thumb
 362              		.thumb_func
 364              	zf_delay_init:
 365              	.LFB461:
 167:libraries/zf_driver/zf_driver_delay.c **** 
 168:libraries/zf_driver/zf_driver_delay.c **** //-------------------------------------------------------------------------------------------------
 169:libraries/zf_driver/zf_driver_delay.c **** // å‡½æ•°ç®€ä»‹     DELAY åˆå§‹åŒ–
 170:libraries/zf_driver/zf_driver_delay.c **** // å‚æ•°è¯´æ˜     void
 171:libraries/zf_driver/zf_driver_delay.c **** // è¿”å›å‚æ•°     void
 172:libraries/zf_driver/zf_driver_delay.c **** // ä½¿ç”¨ç¤ºä¾‹     zf_delay_init();
 173:libraries/zf_driver/zf_driver_delay.c **** // å¤‡æ³¨ä¿¡æ¯     æœ¬å‡½æ•°ç”± system_clock_init å†…éƒ¨è°ƒç”¨ ç”¨æˆ·ä¸éœ€è¦å…³å¿ƒ ä¹Ÿä¸éœ€è¦è
 174:libraries/zf_driver/zf_driver_delay.c **** //              æœ¬å‡½æ•°ä½¿ç”¨å¼±å®šä¹‰ è¿™æ ·åšçš„ç›®çš„æ˜¯åœ¨ç§»æ¤æ“ä½œç³»ç»Ÿæ—¶å¯ä»¥é‡è½½æ
 175:libraries/zf_driver/zf_driver_delay.c **** //-------------------------------------------------------------------------------------------------
 176:libraries/zf_driver/zf_driver_delay.c **** ZF_WEAK void zf_delay_init (void)
 177:libraries/zf_driver/zf_driver_delay.c **** {
 366              		.loc 1 177 1
 367              		.cfi_startproc
 368              		@ args = 0, pretend = 0, frame = 8
 369              		@ frame_needed = 0, uses_anonymous_args = 0
 370 0000 00B5     		push	{lr}
 371              		.cfi_def_cfa_offset 4
 372              		.cfi_offset 14, -4
 373 0002 83B0     		sub	sp, sp, #12
 374              		.cfi_def_cfa_offset 16
 178:libraries/zf_driver/zf_driver_delay.c ****     uint16 freq_div     = (150 - 1);                                            // é¢„åˆ†é¢‘ 1MHz è
 375              		.loc 1 178 12
 376 0004 9523     		movs	r3, #149
 377 0006 ADF80630 		strh	r3, [sp, #6]	@ movhi
 179:libraries/zf_driver/zf_driver_delay.c ****     uint16 period_temp  = (50000 - 1);                                          // è‡ªåŠ¨é‡è£…è½½å
 378              		.loc 1 179 12
 379 000a 4CF24F33 		movw	r3, #49999
 380 000e ADF80430 		strh	r3, [sp, #4]	@ movhi
 180:libraries/zf_driver/zf_driver_delay.c **** 
 181:libraries/zf_driver/zf_driver_delay.c ****     tim_ts_init(&DRV_TIM_TS);                                                   // åˆå§‹åŒ– TS å®
 381              		.loc 1 181 5
 382 0012 1948     		ldr	r0, .L22
 383 0014 FFF7FEFF 		bl	tim_ts_init
 182:libraries/zf_driver/zf_driver_delay.c **** 
 183:libraries/zf_driver/zf_driver_delay.c ****     tim_ts_enable_dithering(&DRV_TIM_TS, false);                                // ç¦æ­¢æŠ–åŠ¨åŠŸè
 384              		.loc 1 183 5
 385 0018 0021     		movs	r1, #0
 386 001a 1748     		ldr	r0, .L22
 387 001c FFF7FEFF 		bl	tim_ts_enable_dithering
 184:libraries/zf_driver/zf_driver_delay.c ****     tim_ts_enable_uif_remapping(&DRV_TIM_TS, false);                            // ç¦æ­¢è·¯ç”±
 388              		.loc 1 184 5
 389 0020 0021     		movs	r1, #0
 390 0022 1548     		ldr	r0, .L22
 391 0024 FFF7FEFF 		bl	tim_ts_enable_uif_remapping
 185:libraries/zf_driver/zf_driver_delay.c ****     tim_ts_enable_autoreload_preload(&DRV_TIM_TS, true);                        // ä½¿èƒ½è‡ªåŠ¨é‡è
 392              		.loc 1 185 5
 393 0028 0121     		movs	r1, #1
 394 002a 1348     		ldr	r0, .L22
 395 002c FFF7FEFF 		bl	tim_ts_enable_autoreload_preload
 186:libraries/zf_driver/zf_driver_delay.c ****     tim_ts_enable_one_pulse_mode(&DRV_TIM_TS, false);                           // ç¦æ­¢å•æ¬¡è„‰å
 396              		.loc 1 186 5
 397 0030 0021     		movs	r1, #0
 398 0032 1148     		ldr	r0, .L22
 399 0034 FFF7FEFF 		bl	tim_ts_enable_one_pulse_mode
 187:libraries/zf_driver/zf_driver_delay.c ****     tim_ts_set_source_ofuf_only(&DRV_TIM_TS, false);                            // ç¦æ­¢æ›´æ–°è¯·æ
 400              		.loc 1 187 5
 401 0038 0021     		movs	r1, #0
 402 003a 0F48     		ldr	r0, .L22
 403 003c FFF7FEFF 		bl	tim_ts_set_source_ofuf_only
 188:libraries/zf_driver/zf_driver_delay.c ****     tim_ts_enable_update_event_generation(&DRV_TIM_TS, true);                   // å…è®¸æ›´æ–°äº‹ä
 404              		.loc 1 188 5
 405 0040 0121     		movs	r1, #1
 406 0042 0D48     		ldr	r0, .L22
 407 0044 FFF7FEFF 		bl	tim_ts_enable_update_event_generation
 189:libraries/zf_driver/zf_driver_delay.c ****     tim_ts_set_master_mode_selection(&DRV_TIM_TS, TIM_TS_MMS_UPDATE);           // é…ç½®æ¨¡å¼
 408              		.loc 1 189 5
 409 0048 0221     		movs	r1, #2
 410 004a 0B48     		ldr	r0, .L22
 411 004c FFF7FEFF 		bl	tim_ts_set_master_mode_selection
 190:libraries/zf_driver/zf_driver_delay.c ****     tim_ts_set_prescaler(&DRV_TIM_TS, freq_div);                                // è®¾ç½®åˆ†é¢‘
 412              		.loc 1 190 5
 413 0050 BDF80630 		ldrh	r3, [sp, #6]
 414 0054 1946     		mov	r1, r3
 415 0056 0848     		ldr	r0, .L22
 416 0058 FFF7FEFF 		bl	tim_ts_set_prescaler
 191:libraries/zf_driver/zf_driver_delay.c ****     tim_ts_set_autoreload(&DRV_TIM_TS, period_temp);                            // è®¾ç½®å‘¨æœŸè®¡æ
 417              		.loc 1 191 5
 418 005c BDF80430 		ldrh	r3, [sp, #4]
 419 0060 1946     		mov	r1, r3
 420 0062 0548     		ldr	r0, .L22
 421 0064 FFF7FEFF 		bl	tim_ts_set_autoreload
 192:libraries/zf_driver/zf_driver_delay.c ****     tim_ts_start(&DRV_TIM_TS);                                                  // å¯åŠ¨æ¨¡å—
 422              		.loc 1 192 5
 423 0068 0348     		ldr	r0, .L22
 424 006a FFF7FEFF 		bl	tim_ts_start
 193:libraries/zf_driver/zf_driver_delay.c **** }
 425              		.loc 1 193 1
 426 006e 00BF     		nop
 427 0070 03B0     		add	sp, sp, #12
 428              		.cfi_def_cfa_offset 4
 429              		@ sp needed
 430 0072 5DF804FB 		ldr	pc, [sp], #4
 431              	.L23:
 432 0076 00BF     		.align	2
 433              	.L22:
 434 0078 00000000 		.word	DRV_TIM_TS
 435              		.cfi_endproc
 436              	.LFE461:
 438              		.text
 439              	.Letext0:
 440              		.file 2 "c:\\stellarstudio-7.0\\sdks\\tools-1.4.0\\toolchain\\arm\\mingw64_nt\\10.3-2021.10\\arm-n
 441              		.file 3 "c:\\stellarstudio-7.0\\sdks\\tools-1.4.0\\toolchain\\arm\\mingw64_nt\\10.3-2021.10\\arm-n
 442              		.file 4 "C:/StellarStudio-7.0/SDKS/StellarESDK-1.7.0/Modules/Platform/MCU/include/sr5e1/SR5E1_TIM.
 443              		.file 5 "C:/StellarStudio-7.0/SDKS/StellarESDK-1.7.0/Modules/Drivers/Timers/TIM_TS/include/tim_ts.
 444              		.file 6 "C:/StellarStudio-7.0/SDKS/StellarESDK-1.7.0/Modules/Drivers/Timers/TIM_TS/include/tim_ts_
 445              		.file 7 "libraries/zf_common/zf_common_typedef.h"
 446              		.file 8 "C:/StellarStudio-7.0/SDKS/StellarESDK-1.7.0/Modules/Drivers/Timers/TIM_TS/include/sr5e1/t
DEFINED SYMBOLS
                            *ABS*:00000000 zf_driver_delay.c
C:\Users\EVERYO~1\AppData\Local\Temp\ccWJk5GV.s:19     .text.zf_delay_ms:00000000 $t
C:\Users\EVERYO~1\AppData\Local\Temp\ccWJk5GV.s:26     .text.zf_delay_ms:00000000 zf_delay_ms
C:\Users\EVERYO~1\AppData\Local\Temp\ccWJk5GV.s:188    .text.zf_delay_ms:000000d0 $d
C:\Users\EVERYO~1\AppData\Local\Temp\ccWJk5GV.s:194    .text.zf_delay_us:00000000 $t
C:\Users\EVERYO~1\AppData\Local\Temp\ccWJk5GV.s:201    .text.zf_delay_us:00000000 zf_delay_us
C:\Users\EVERYO~1\AppData\Local\Temp\ccWJk5GV.s:351    .text.zf_delay_us:000000c0 $d
C:\Users\EVERYO~1\AppData\Local\Temp\ccWJk5GV.s:357    .text.zf_delay_init:00000000 $t
C:\Users\EVERYO~1\AppData\Local\Temp\ccWJk5GV.s:364    .text.zf_delay_init:00000000 zf_delay_init
C:\Users\EVERYO~1\AppData\Local\Temp\ccWJk5GV.s:434    .text.zf_delay_init:00000078 $d
                           .group:00000000 wm4.0.1ea29c7543256e0887205fa7f8c557c8
                           .group:00000000 wm4.dmamux.h.25.337aea179f6dbcc87c52aae26d38f76e
                           .group:00000000 wm4.clock_cfg.h.24.0aed3cee9ecce947225a304181294191
                           .group:00000000 wm4.sr5e1xx.h.22.e5c808533cc52ed19fb0830cd7d98924
                           .group:00000000 wm4._newlib_version.h.4.bfdf54b0af045d4a71376ae00f63a22c
                           .group:00000000 wm4.features.h.33.5bd1eea2d80518b50f7af0b5ce6750e0
                           .group:00000000 wm4._default_types.h.15.247e5cd201eca3442cbf5404108c4935
                           .group:00000000 wm4._intsup.h.10.48bafbb683905c4daa4565a85aeeb264
                           .group:00000000 wm4._stdint.h.10.c24fa3af3bc1706662bb5593a907e841
                           .group:00000000 wm4.stdint.h.23.d53047a68f4a85177f80b422d52785ed
                           .group:00000000 wm4.cmsis_version.h.32.0f826810625204eca22a19868bdc7586
                           .group:00000000 wm4.core_cm7.h.66.8ab2de36917d6fcae18019067fda13e0
                           .group:00000000 wm4.cmsis_gcc.h.26.498d0ad17a45fc9ef20fdc01caf02259
                           .group:00000000 wm4.core_cm7.h.174.43edb295ecdaadad738f48ba6011ffad
                           .group:00000000 wm4.mpu_armv7.h.32.83326921a797fa9d6f70449916b4b839
                           .group:00000000 wm4.cachel1_armv7.h.32.abd77761a989e008b0c60891114a33c7
                           .group:00000000 wm4.SR5E1_ADC.h.14.21608e6aff125ba995dd767d6d8dc311
                           .group:00000000 wm4.SR5E1_CEM.h.14.01fe5742c8f1ae35b1f3af05932f702e
                           .group:00000000 wm4.SR5E1_CMU.h.14.2617b38b159abe38028862394531e06d
                           .group:00000000 wm4.SR5E1_COMP.h.14.4b6fdfe4f5f7fd9bedf3a99b98bdf4cd
                           .group:00000000 wm4.SR5E1_CORDIC.h.14.354fbf7c9eaf6963d38eaa25cf28ffe8
                           .group:00000000 wm4.SR5E1_CRC.h.14.c64d0f7767671ddb92e9ead0a1162100
                           .group:00000000 wm4.SR5E1_DAC.h.14.8c26a0ff04b0cfeb55306cc3f22187b8
                           .group:00000000 wm4.SR5E1_DBGMCU.h.14.427df893d53a8044654f017ba01c25ed
                           .group:00000000 wm4.SR5E1_DMA.h.14.a7f9a92f844b40a86965798c2e64240b
                           .group:00000000 wm4.SR5E1_DMAMUX.h.14.471b3b4dfd4d41515f1df49493698866
                           .group:00000000 wm4.SR5E1_EXTI.h.14.a325ea3fe89cd84894660551c33241ea
                           .group:00000000 wm4.SR5E1_FCCU.h.14.0ebf0f0f36e079d28613ad2c80e17e23
                           .group:00000000 wm4.SR5E1_FDCAN.h.14.ac57101fad5dbc798bfb93f34c899de7
                           .group:00000000 wm4.SR5E1_FLASH_REG_ITF.h.14.d23d1d44923f9b20b8c8fdb51d66aefd
                           .group:00000000 wm4.SR5E1_GPIO.h.14.1c84071e130d7c64b62470ab0e18a1f1
                           .group:00000000 wm4.SR5E1_HRTIM.h.24.03932387d2522e6bd5c772a4edaf2f5d
                           .group:00000000 wm4.SR5E1_HSEM.h.14.cbe70eee519f01b16452c3f8c99d8df1
                           .group:00000000 wm4.SR5E1_I2C.h.14.350ba3e0f4fd57828457efa80135c36c
                           .group:00000000 wm4.SR5E1_IMA.h.14.62b7088985ab2b7ce9b030a02daa1f7d
                           .group:00000000 wm4.SR5E1_IWDG.h.14.20b7c5f05cf7ae94464c360d7af3660d
                           .group:00000000 wm4.SR5E1_MEMU.h.14.04bad7ae4c52ce334a4fc900aad2ae5b
                           .group:00000000 wm4.SR5E1_NVM_CTRL.h.14.5f442617f0628d4f16258f211c614ef9
                           .group:00000000 wm4.SR5E1_PLLDIG.h.14.bd87a8e6917eee17dae2f312c8e5fa53
                           .group:00000000 wm4.SR5E1_PMC_DIG.h.14.54173b566c6656344766ec4ef46c9281
                           .group:00000000 wm4.SR5E1_RCC.h.14.56734803c71534de286e793a53649740
                           .group:00000000 wm4.SR5E1_RTC.h.14.47037cbc7d8175dbf2be1dc0bb955e3f
                           .group:00000000 wm4.SR5E1_SD_ADC.h.14.552b97d0b8f3c1fd4df6d8964b2f1a80
                           .group:00000000 wm4.SR5E1_SMPU.h.14.8ce5bb6d5d7c579cd725f492f46e9085
                           .group:00000000 wm4.SR5E1_SPI.h.14.42d52112e540f85ade4d9135f8b87d72
                           .group:00000000 wm4.SR5E1_SSCM.h.14.8e6a2ad0ce5fca422fc3d69939b6125b
                           .group:00000000 wm4.SR5E1_SYSCFG.h.14.02b969490118ce4069914b5e94f7ca65
                           .group:00000000 wm4.SR5E1_TDM.h.14.a40ed7928cad243a57fd233fccf01ad2
                           .group:00000000 wm4.SR5E1_TIM.h.14.f17572f4c16f3f152b8164ad25c34f5b
                           .group:00000000 wm4.SR5E1_UART.h.14.eec3ab82b02b3bdb3de500483675b83f
                           .group:00000000 wm4.SR5E1_WWDG.h.14.59b45efc70e442cc6ef03702aad4ad88
                           .group:00000000 wm4.stdbool.h.29.07dce69c3b78884144b7f7bd19483461
                           .group:00000000 wm4.stddef.h.39.27677723d43e5b5a7afdf8d798429f1d
                           .group:00000000 wm4.typedefs.h.36.07fe3956b4e751037cfee70edcd0b397
                           .group:00000000 wm4.irq_numbers.h.38.6294b95aed1bf7b3a2cda0eed8ce8f57
                           .group:00000000 wm4.regs.h.23.2ac145b4f57126d16daed5fbd86d99c6
                           .group:00000000 wm4.clock.h.37.80236c5607fdd9eb9275e5111a4191c3
                           .group:00000000 wm4.irq.h.37.78714f25754c8b09d1428599101f6cc7
                           .group:00000000 wm4.dma.h.40.f77dd217a06ceba13a3cfdd4102a73c1
                           .group:00000000 wm4.newlib.h.8.7cb3972cd43265932d4782d5eb589854
                           .group:00000000 wm4.ieeefp.h.77.2bc94c1d1ed8b02df437510a04ac1e45
                           .group:00000000 wm4.config.h.224.c701144a7b0518c6ee9b9b5465b79f81
                           .group:00000000 wm4._ansi.h.31.de524f58584151836e90d8620a16f8e8
                           .group:00000000 wm4.stdio.h.31.7c0e28c411445f3f9c5b11accf882760
                           .group:00000000 wm4.stddef.h.155.ba788add86a0e365f264484f110c3c29
                           .group:00000000 wm4.cdefs.h.49.a54b2d5c07711bc7320a3fea9f12cb56
                           .group:00000000 wm4.stdarg.h.34.3a23a216c0c293b3d2ea2e89281481e6
                           .group:00000000 wm4._types.h.20.dd0d04dca3800a0d2a6129b87f3adbb2
                           .group:00000000 wm4.stddef.h.155.3588ebfdd1e8c7ede80509bb9c3b8009
                           .group:00000000 wm4._types.h.127.34941de1b2539d59d5cac00e0dd27a45
                           .group:00000000 wm4.reent.h.17.e292bf8b0bec6c96e131a54347145a30
                           .group:00000000 wm4.lock.h.2.1461d1fff82dffe8bfddc23307f6484f
                           .group:00000000 wm4.reent.h.77.dcd6129ff07fe81bd5636db29abe53b2
                           .group:00000000 wm4.types.h.40.8b6acba56cefbb11746718204edc8f5e
                           .group:00000000 wm4._endian.h.31.65a10590763c3dde1ac4a7f66d7d4891
                           .group:00000000 wm4.endian.h.9.49f3a4695c1b61e8a0808de3c4a106cb
                           .group:00000000 wm4._timeval.h.32.bec3221fa7a9bb0bdde696c9c57e47d2
                           .group:00000000 wm4.timespec.h.41.d855182eb0e690443ab8651bcedca6e1
                           .group:00000000 wm4.select.h.19.40cd3f2bfc456b193b790c2754690ebf
                           .group:00000000 wm4.types.h.51.5571ec98f267d17d3c670b7a3ba33afa
                           .group:00000000 wm4.sched.h.22.c60982713a5c428609783c78f9c78d95
                           .group:00000000 wm4._pthreadtypes.h.36.fcee9961c35163dde6267ef772ad1972
                           .group:00000000 wm4.stdio.h.2.4aa87247282eca6c8f36f9de33d8df1a
                           .group:00000000 wm4.stdio.h.81.932d0c162786b883f622b8d05c120c78
                           .group:00000000 wm4.stdarg.h.31.3fa7b8f6daaa31edd1696c08c77f2a73
                           .group:00000000 wm4.string.h.8.c4b8571ce60dff2817f43fec8b86aecd
                           .group:00000000 wm4.stdlib.h.13.4ed386f5c1a80d71e72172885d946ef2
                           .group:00000000 wm4.alloca.h.8.dfc0c703c47ec3e69746825b17d9e66d
                           .group:00000000 wm4.stdlib.h.56.f4862cfbf4363a1db01842d5bdf72c18
                           .group:00000000 wm4.zf_common_typedef.h.47.8c368673885c9d07221c267e15ab1069

UNDEFINED SYMBOLS
DRV_TIM_TS
tim_ts_init
tim_ts_enable_dithering
tim_ts_enable_uif_remapping
tim_ts_enable_autoreload_preload
tim_ts_enable_one_pulse_mode
tim_ts_set_source_ofuf_only
tim_ts_enable_update_event_generation
tim_ts_set_master_mode_selection
tim_ts_set_prescaler
tim_ts_set_autoreload
tim_ts_start
