   1              		.cpu cortex-m7
   2              		.arch armv7e-m
   3              		.fpu fpv5-d16
   4              		.eabi_attribute 28, 1
   5              		.eabi_attribute 20, 1
   6              		.eabi_attribute 21, 1
   7              		.eabi_attribute 23, 3
   8              		.eabi_attribute 24, 1
   9              		.eabi_attribute 25, 1
  10              		.eabi_attribute 26, 1
  11              		.eabi_attribute 30, 6
  12              		.eabi_attribute 34, 1
  13              		.eabi_attribute 18, 4
  14              		.file	"zf_driver_encoder.c"
  15              		.text
  16              	.Ltext0:
  17              		.cfi_sections	.debug_frame
  18              		.global	encoder_obj_list
  19              		.section	.data.encoder_obj_list,"aw"
  20              		.align	2
  23              	encoder_obj_list:
  24 0000 00000000 		.word	timer_obj_list
  25 0004 FF0F     		.short	4095
  26 0006 FF0F     		.short	4095
  27 0008 00000000 		.word	0
  28 000c 14000000 		.word	timer_obj_list+20
  29 0010 FF0F     		.short	4095
  30 0012 FF0F     		.short	4095
  31 0014 00000000 		.word	0
  32 0018 28000000 		.word	timer_obj_list+40
  33 001c FF0F     		.short	4095
  34 001e FF0F     		.short	4095
  35 0020 00000000 		.word	0
  36 0024 3C000000 		.word	timer_obj_list+60
  37 0028 FF0F     		.short	4095
  38 002a FF0F     		.short	4095
  39 002c 00000000 		.word	0
  40 0030 50000000 		.word	timer_obj_list+80
  41 0034 FF0F     		.short	4095
  42 0036 FF0F     		.short	4095
  43 0038 00000000 		.word	0
  44 003c 64000000 		.word	timer_obj_list+100
  45 0040 FF0F     		.short	4095
  46 0042 FF0F     		.short	4095
  47 0044 00000000 		.word	0
  48              		.section	.rodata
  49              		.align	2
  50              	.LC0:
  51 0000 6C696272 		.ascii	"libraries/zf_driver/zf_driver_encoder.c\000"
  51      61726965 
  51      732F7A66 
  51      5F647269 
  51      7665722F 
  52              		.section	.text.zf_encoder_get_count,"ax",%progbits
  53              		.align	1
  54              		.p2align 4,,15
  55              		.global	zf_encoder_get_count
  56              		.syntax unified
  57              		.thumb
  58              		.thumb_func
  60              	zf_encoder_get_count:
  61              	.LFB482:
  62              		.file 1 "libraries/zf_driver/zf_driver_encoder.c"
   1:libraries/zf_driver/zf_driver_encoder.c **** /**************************************************************************************************
   2:libraries/zf_driver/zf_driver_encoder.c **** * Stellar-SR5E1E3 Opensource Library å³ï¼ˆStellar-SR5E1E3 å¼€æºåº“ï¼‰æ˜¯ä¸€ä¸ªåŸºäºå®˜æ–¹ SDK æ
   3:libraries/zf_driver/zf_driver_encoder.c **** * Copyright (c) 2022 SEEKFREE é€é£ç§‘æŠ€
   4:libraries/zf_driver/zf_driver_encoder.c **** *
   5:libraries/zf_driver/zf_driver_encoder.c **** * æœ¬æ–‡ä»¶æ˜¯ Stellar-SR5E1E3 å¼€æºåº“çš„ä¸€éƒ¨åˆ†
   6:libraries/zf_driver/zf_driver_encoder.c **** *
   7:libraries/zf_driver/zf_driver_encoder.c **** * Stellar-SR5E1E3 å¼€æºåº“ æ˜¯å…è´¹è½¯ä»¶
   8:libraries/zf_driver/zf_driver_encoder.c **** * æ‚¨å¯ä»¥æ ¹æ®è‡ªç”±è½¯ä»¶åŸºé‡‘ä¼šå‘å¸ƒçš„ GPLï¼ˆGNU General Public Licenseï¼Œå³ GNUé€šç”¨å…¬
   9:libraries/zf_driver/zf_driver_encoder.c **** * å³ GPL çš„ç¬¬3ç‰ˆï¼ˆå³ GPL3.0ï¼‰æˆ–ï¼ˆæ‚¨é€‰æ‹©çš„ï¼‰ä»»ä½•åæ¥çš„ç‰ˆæœ¬ï¼Œé‡æ–°å‘å¸ƒå’Œ/æˆ
  10:libraries/zf_driver/zf_driver_encoder.c **** *
  11:libraries/zf_driver/zf_driver_encoder.c **** * æœ¬å¼€æºåº“çš„å‘å¸ƒæ˜¯å¸Œæœ›å®ƒèƒ½å‘æŒ¥ä½œç”¨ï¼Œä½†å¹¶æœªå¯¹å…¶ä½œä»»ä½•çš„ä¿è¯
  12:libraries/zf_driver/zf_driver_encoder.c **** * ç”šè‡³æ²¡æœ‰éšå«çš„é€‚é”€æ€§æˆ–é€‚åˆç‰¹å®šç”¨é€”çš„ä¿è¯
  13:libraries/zf_driver/zf_driver_encoder.c **** * æ›´å¤šç»†èŠ‚è¯·å‚è§ GPL
  14:libraries/zf_driver/zf_driver_encoder.c **** *
  15:libraries/zf_driver/zf_driver_encoder.c **** * æ‚¨åº”è¯¥åœ¨æ”¶åˆ°æœ¬å¼€æºåº“çš„åŒæ—¶æ”¶åˆ°ä¸€ä»½ GPL çš„å‰¯æœ¬
  16:libraries/zf_driver/zf_driver_encoder.c **** * å¦‚æœæ²¡æœ‰ï¼Œè¯·å‚é˜…<https://www.gnu.org/licenses/>
  17:libraries/zf_driver/zf_driver_encoder.c **** *
  18:libraries/zf_driver/zf_driver_encoder.c **** * é¢å¤–æ³¨æ˜ï¼š
  19:libraries/zf_driver/zf_driver_encoder.c **** * æœ¬å¼€æºåº“ä½¿ç”¨ GPL3.0 å¼€æºè®¸å¯è¯åè®® ä»¥ä¸Šè®¸å¯ç”³æ˜ä¸ºè¯‘æ–‡ç‰ˆæœ¬
  20:libraries/zf_driver/zf_driver_encoder.c **** * è®¸å¯ç”³æ˜è‹±æ–‡ç‰ˆåœ¨ libraries/doc æ–‡ä»¶å¤¹ä¸‹çš„ GPL3_permission_statement.txt æ–‡ä»¶ä¸­
  21:libraries/zf_driver/zf_driver_encoder.c **** * è®¸å¯è¯å‰¯æœ¬åœ¨ libraries æ–‡ä»¶å¤¹ä¸‹ å³è¯¥æ–‡ä»¶å¤¹ä¸‹çš„ LICENSE æ–‡ä»¶
  22:libraries/zf_driver/zf_driver_encoder.c **** * æ¬¢è¿å„ä½ä½¿ç”¨å¹¶ä¼ æ’­æœ¬ç¨‹åº ä½†ä¿®æ”¹å†…å®¹æ—¶å¿…é¡»ä¿ç•™é€é£ç§‘æŠ€çš„ç‰ˆæƒå£°æ˜ï¼ˆ
  23:libraries/zf_driver/zf_driver_encoder.c **** *
  24:libraries/zf_driver/zf_driver_encoder.c **** * æ–‡ä»¶åç§°          zf_driver_encoder
  25:libraries/zf_driver/zf_driver_encoder.c **** * å…¬å¸åç§°          æˆéƒ½é€é£ç§‘æŠ€æœ‰é™å…¬å¸
  26:libraries/zf_driver/zf_driver_encoder.c **** * ç‰ˆæœ¬ä¿¡æ¯          æŸ¥çœ‹ libraries/doc æ–‡ä»¶å¤¹å†… version æ–‡ä»¶ ç‰ˆæœ¬è¯´æ˜
  27:libraries/zf_driver/zf_driver_encoder.c **** * å¼€å‘ç¯å¢ƒ          StellarStudio 7.0.0
  28:libraries/zf_driver/zf_driver_encoder.c **** * é€‚ç”¨å¹³å°          Stellar-SR5E1E3
  29:libraries/zf_driver/zf_driver_encoder.c **** * åº—é“ºé“¾æ¥          https://www.seekfree.cn/
  30:libraries/zf_driver/zf_driver_encoder.c **** ***************************************************************************************************
  31:libraries/zf_driver/zf_driver_encoder.c **** 
  32:libraries/zf_driver/zf_driver_encoder.c **** // zf_common å±‚å¼•ç”¨
  33:libraries/zf_driver/zf_driver_encoder.c **** #include "zf_common_debug.h"
  34:libraries/zf_driver/zf_driver_encoder.c **** #include "zf_common_memory.h"
  35:libraries/zf_driver/zf_driver_encoder.c **** 
  36:libraries/zf_driver/zf_driver_encoder.c **** // è‡ªèº«å¤´æ–‡ä»¶
  37:libraries/zf_driver/zf_driver_encoder.c **** #include "zf_driver_encoder.h"
  38:libraries/zf_driver/zf_driver_encoder.c **** 
  39:libraries/zf_driver/zf_driver_encoder.c **** // æ­¤å¤„å®šä¹‰ æœ¬æ–‡ä»¶ç”¨ä½¿ç”¨çš„å˜é‡ä¸å¯¹è±¡ç­‰ è¿™é‡Œä¸å…è®¸ç”¨æˆ·ä¿®æ”¹
  40:libraries/zf_driver/zf_driver_encoder.c **** // >>>>>>>>>>>>>>>>>>>>>>>>>>>>>>>>>>>>>>>>> Part Start >>>>>>>>>>>>>>>>>>>>>>>>>>>>>>>>>>>>>>>>>
  41:libraries/zf_driver/zf_driver_encoder.c **** // å­˜å‚¨äºé¢„å¼€è¾Ÿçš„å†…å­˜æ± ä¸­çš„ç®¡ç†ä¿¡æ¯ æœ¬éƒ¨åˆ†å¯¹äºç”¨æˆ·æ¥è¯´æ˜¯ä¸å¼€æ”¾çš„
  42:libraries/zf_driver/zf_driver_encoder.c **** AT_ZF_LIB_SECTION_START
  43:libraries/zf_driver/zf_driver_encoder.c **** AT_ZF_LIB_SECTION zf_encoder_obj_struct encoder_obj_list[ENCODER_NUM_MAX] = 
  44:libraries/zf_driver/zf_driver_encoder.c **** {
  45:libraries/zf_driver/zf_driver_encoder.c ****     {.timer_obj = &timer_obj_list[TIM_1 ], .a_plus_pin = PIN_NULL, .b_dir_pin = PIN_NULL, .mode = 0
  46:libraries/zf_driver/zf_driver_encoder.c ****     {.timer_obj = &timer_obj_list[TIM_8 ], .a_plus_pin = PIN_NULL, .b_dir_pin = PIN_NULL, .mode = 0
  47:libraries/zf_driver/zf_driver_encoder.c ****     {.timer_obj = &timer_obj_list[TIM_2 ], .a_plus_pin = PIN_NULL, .b_dir_pin = PIN_NULL, .mode = 0
  48:libraries/zf_driver/zf_driver_encoder.c ****     {.timer_obj = &timer_obj_list[TIM_5 ], .a_plus_pin = PIN_NULL, .b_dir_pin = PIN_NULL, .mode = 0
  49:libraries/zf_driver/zf_driver_encoder.c ****     {.timer_obj = &timer_obj_list[TIM_3 ], .a_plus_pin = PIN_NULL, .b_dir_pin = PIN_NULL, .mode = 0
  50:libraries/zf_driver/zf_driver_encoder.c ****     {.timer_obj = &timer_obj_list[TIM_4 ], .a_plus_pin = PIN_NULL, .b_dir_pin = PIN_NULL, .mode = 0
  51:libraries/zf_driver/zf_driver_encoder.c **** };
  52:libraries/zf_driver/zf_driver_encoder.c **** AT_ZF_LIB_SECTION_END
  53:libraries/zf_driver/zf_driver_encoder.c **** // <<<<<<<<<<<<<<<<<<<<<<<<<<<<<<<<<<<<<<<<< Part   End <<<<<<<<<<<<<<<<<<<<<<<<<<<<<<<<<<<<<<<<<
  54:libraries/zf_driver/zf_driver_encoder.c **** 
  55:libraries/zf_driver/zf_driver_encoder.c **** // æ­¤å¤„åˆ—ä¸¾ æœ¬æ–‡ä»¶çš„æ‰€æœ‰å‡½æ•°å£°æ˜ [ å…¶ä¸­åŒ…æ‹¬å®å®šä¹‰å‡½æ•° ] è¿™é‡Œä¸å…è®¸ç”¨æˆ
  56:libraries/zf_driver/zf_driver_encoder.c **** // >>>>>>>>>>>>>>>>>>>>>>>>>>>>>>>>>>>>>>>>> Part Start >>>>>>>>>>>>>>>>>>>>>>>>>>>>>>>>>>>>>>>>>
  57:libraries/zf_driver/zf_driver_encoder.c **** //-------------------------------------------------------------------------------------------------
  58:libraries/zf_driver/zf_driver_encoder.c **** // å‡½æ•°ç®€ä»‹     ENCODER æ¥å£è·å–ç¼–ç å™¨è®¡æ•°
  59:libraries/zf_driver/zf_driver_encoder.c **** // å‚æ•°è¯´æ˜     encoder_index       ENCODER æ¨¡å—å·  (è¯¦è§ zf_driver_encoder.h å†… zf_encod
  60:libraries/zf_driver/zf_driver_encoder.c **** // å‚æ•°è¯´æ˜     *data               æ•°æ®è¯»å–åœ°å€ int16 * ç±»å‹æŒ‡é’ˆ
  61:libraries/zf_driver/zf_driver_encoder.c **** // è¿”å›å‚æ•°     uint8               æ“ä½œçŠ¶æ€ ZF_NO_ERROR / ENCODER_OPERATION_DONE - å®Œæˆ 
  62:libraries/zf_driver/zf_driver_encoder.c **** // ä½¿ç”¨ç¤ºä¾‹     zf_encoder_get_count(encoder_index, data);
  63:libraries/zf_driver/zf_driver_encoder.c **** // å¤‡æ³¨ä¿¡æ¯     
  64:libraries/zf_driver/zf_driver_encoder.c **** //-------------------------------------------------------------------------------------------------
  65:libraries/zf_driver/zf_driver_encoder.c **** uint8 zf_encoder_get_count (zf_encoder_index_enum encoder_index, int16 *data)
  66:libraries/zf_driver/zf_driver_encoder.c **** {
  63              		.loc 1 66 1
  64              		.cfi_startproc
  65              		@ args = 0, pretend = 0, frame = 16
  66              		@ frame_needed = 0, uses_anonymous_args = 0
  67 0000 00B5     		push	{lr}
  68              		.cfi_def_cfa_offset 4
  69              		.cfi_offset 14, -4
  70 0002 85B0     		sub	sp, sp, #20
  71              		.cfi_def_cfa_offset 24
  72 0004 0346     		mov	r3, r0
  73 0006 0091     		str	r1, [sp]
  74 0008 8DF80730 		strb	r3, [sp, #7]
  67:libraries/zf_driver/zf_driver_encoder.c ****     zf_encoder_operation_state_enum return_state = ENCODER_ERROR_UNKNOW;
  75              		.loc 1 67 37
  76 000c 0123     		movs	r3, #1
  77 000e 8DF80F30 		strb	r3, [sp, #15]
  68:libraries/zf_driver/zf_driver_encoder.c **** 
  69:libraries/zf_driver/zf_driver_encoder.c ****     int16 return_value = 0;
  78              		.loc 1 69 11
  79 0012 0023     		movs	r3, #0
  80 0014 ADF80C30 		strh	r3, [sp, #12]	@ movhi
  70:libraries/zf_driver/zf_driver_encoder.c **** 
  71:libraries/zf_driver/zf_driver_encoder.c ****     do
  72:libraries/zf_driver/zf_driver_encoder.c ****     {
  73:libraries/zf_driver/zf_driver_encoder.c ****         if(zf_encoder_assert(encoder_obj_list[encoder_index].mode))             // æ£€æŸ¥ æ¨¡å—åˆ
  81              		.loc 1 73 12
  82 0018 9DF80720 		ldrb	r2, [sp, #7]	@ zero_extendqisi2
  83 001c 3949     		ldr	r1, .L9
  84 001e 1346     		mov	r3, r2
  85 0020 5B00     		lsls	r3, r3, #1
  86 0022 1344     		add	r3, r3, r2
  87 0024 9B00     		lsls	r3, r3, #2
  88 0026 0B44     		add	r3, r3, r1
  89 0028 0833     		adds	r3, r3, #8
  90 002a 1B68     		ldr	r3, [r3]
  91              		.loc 1 73 11
  92 002c 002B     		cmp	r3, #0
  93 002e 0BD1     		bne	.L2
  94              		.loc 1 73 12 discriminator 1
  95 0030 0022     		movs	r2, #0
  96 0032 4921     		movs	r1, #73
  97 0034 3448     		ldr	r0, .L9+4
  98 0036 FFF7FEFF 		bl	zf_timer_assert_handler
  99 003a 0346     		mov	r3, r0
 100 003c 002B     		cmp	r3, #0
 101 003e 03D0     		beq	.L2
  74:libraries/zf_driver/zf_driver_encoder.c ****         {
  75:libraries/zf_driver/zf_driver_encoder.c ****             // æ­¤å¤„å¦‚æœæ–­è¨€æŠ¥é”™ é‚£ä¹ˆè¯æ˜æœ¬æ¨¡å—æ²¡æœ‰åˆå§‹åŒ–è¿‡ æ˜¯ä¸å…è®¸ç›´æ¥æ
  76:libraries/zf_driver/zf_driver_encoder.c ****             // æœªåˆå§‹åŒ–æ¨¡å—å¾ˆå¯èƒ½æ²¡æœ‰å¼€å¯æ¨¡å—æ—¶é’Ÿæˆ–è€…æ²¡æœ‰ä½¿èƒ½æ¨¡å—
  77:libraries/zf_driver/zf_driver_encoder.c ****             // å¯¹äºéƒ¨åˆ†å•ç‰‡æœºæ²¡æœ‰ä½¿èƒ½æ¨¡å—ç›´æ¥æ“ä½œä¼šå¯¼è‡´æ€»çº¿å¼‚å¸¸æˆ–è€…ç¡¬ä»¶
  78:libraries/zf_driver/zf_driver_encoder.c ****             return_state = ENCODER_ERROR_MODULE_NOT_INIT;                       // ENCODER æ¨¡å—æœ
 102              		.loc 1 78 26
 103 0040 2123     		movs	r3, #33
 104 0042 8DF80F30 		strb	r3, [sp, #15]
  79:libraries/zf_driver/zf_driver_encoder.c ****             break;
 105              		.loc 1 79 13
 106 0046 57E0     		b	.L3
 107              	.L2:
  80:libraries/zf_driver/zf_driver_encoder.c ****         }
  81:libraries/zf_driver/zf_driver_encoder.c ****         if(zf_encoder_assert(NULL != data))                                     // æ£€æŸ¥ æ•°æ®å­˜
 108              		.loc 1 81 11
 109 0048 009B     		ldr	r3, [sp]
 110 004a 002B     		cmp	r3, #0
 111 004c 0BD1     		bne	.L4
 112              		.loc 1 81 12 discriminator 1
 113 004e 0022     		movs	r2, #0
 114 0050 5121     		movs	r1, #81
 115 0052 2D48     		ldr	r0, .L9+4
 116 0054 FFF7FEFF 		bl	zf_timer_assert_handler
 117 0058 0346     		mov	r3, r0
 118 005a 002B     		cmp	r3, #0
 119 005c 03D0     		beq	.L4
  82:libraries/zf_driver/zf_driver_encoder.c ****         {
  83:libraries/zf_driver/zf_driver_encoder.c ****             // æ­¤å¤„å¦‚æœæ–­è¨€æŠ¥é”™ é‚£ä¹ˆè¯æ˜ä¼ å…¥æ•°æ®æŒ‡é’ˆä¸º NULL ç©ºæŒ‡é’ˆ
  84:libraries/zf_driver/zf_driver_encoder.c ****             // ä¸å¯ä»¥å¯¹ç©ºæŒ‡é’ˆè¿›è¡Œæ“ä½œ
  85:libraries/zf_driver/zf_driver_encoder.c ****             return_state = ENCODER_ERROR_DATA_BUFFER_NULL;                      // ENCODER æ•°æ®æŒ
 120              		.loc 1 85 26
 121 005e 2423     		movs	r3, #36
 122 0060 8DF80F30 		strb	r3, [sp, #15]
  86:libraries/zf_driver/zf_driver_encoder.c ****             break;
 123              		.loc 1 86 13
 124 0064 48E0     		b	.L3
 125              	.L4:
  87:libraries/zf_driver/zf_driver_encoder.c ****         }
  88:libraries/zf_driver/zf_driver_encoder.c **** 
  89:libraries/zf_driver/zf_driver_encoder.c ****         // æ ¹æ®ä¸åŒå•ç‰‡æœºæ¥å…·ä½“å®ç°
  90:libraries/zf_driver/zf_driver_encoder.c ****         // æœ‰çš„å•ç‰‡æœºéœ€è¦æ ¹æ® DIR æ¥åˆ¤æ–­æ­£è´Ÿ æœ‰çš„å…¼å®¹æ–¹å‘ç¼–ç å™¨ä¸éœ€è¦è‡ªè
  91:libraries/zf_driver/zf_driver_encoder.c ****         // æ•°å€¼éœ€è¦ç»Ÿä¸€æˆè½¬ä¸€åœˆ 1024 ä¸ªæ•°å€¼ å› ä¸ºç¼–ç å™¨æ˜¯ 1024 çº¿çš„ è½¬ä¸€åœˆå°
  92:libraries/zf_driver/zf_driver_encoder.c ****         // è‡³äºä¸ºä»€ä¹ˆå•ç‰‡æœºè®¡æ•°æ˜¯ 2048 æˆ–è€… 4096 é‚£æ˜¯å› ä¸ºæœ‰çš„æ˜¯è®¡è¾¹æ²¿ è¿™æ ·
  93:libraries/zf_driver/zf_driver_encoder.c ****         if(ENCODER_MODE_QUADRATURE == encoder_obj_list[encoder_index].mode)
 126              		.loc 1 93 70
 127 0066 9DF80720 		ldrb	r2, [sp, #7]	@ zero_extendqisi2
 128 006a 2649     		ldr	r1, .L9
 129 006c 1346     		mov	r3, r2
 130 006e 5B00     		lsls	r3, r3, #1
 131 0070 1344     		add	r3, r3, r2
 132 0072 9B00     		lsls	r3, r3, #2
 133 0074 0B44     		add	r3, r3, r1
 134 0076 0833     		adds	r3, r3, #8
 135 0078 1B68     		ldr	r3, [r3]
 136              		.loc 1 93 11
 137 007a 012B     		cmp	r3, #1
 138 007c 12D1     		bne	.L5
  94:libraries/zf_driver/zf_driver_encoder.c ****         {
  95:libraries/zf_driver/zf_driver_encoder.c ****             return_value = (int16)encoder_obj_list[encoder_index].timer_obj->tim_ptr->CNT / 4;
 139              		.loc 1 95 66
 140 007e 9DF80720 		ldrb	r2, [sp, #7]	@ zero_extendqisi2
 141 0082 2049     		ldr	r1, .L9
 142 0084 1346     		mov	r3, r2
 143 0086 5B00     		lsls	r3, r3, #1
 144 0088 1344     		add	r3, r3, r2
 145 008a 9B00     		lsls	r3, r3, #2
 146 008c 0B44     		add	r3, r3, r1
 147 008e 1B68     		ldr	r3, [r3]
 148              		.loc 1 95 76
 149 0090 1B68     		ldr	r3, [r3]
 150              		.loc 1 95 85
 151 0092 5B6A     		ldr	r3, [r3, #36]
 152              		.loc 1 95 28
 153 0094 1BB2     		sxth	r3, r3
 154              		.loc 1 95 26
 155 0096 002B     		cmp	r3, #0
 156 0098 00DA     		bge	.L6
 157 009a 0333     		adds	r3, r3, #3
 158              	.L6:
 159 009c 9B10     		asrs	r3, r3, #2
 160 009e ADF80C30 		strh	r3, [sp, #12]	@ movhi
 161 00a2 22E0     		b	.L7
 162              	.L5:
  96:libraries/zf_driver/zf_driver_encoder.c ****         }
  97:libraries/zf_driver/zf_driver_encoder.c ****         else
  98:libraries/zf_driver/zf_driver_encoder.c ****         {
  99:libraries/zf_driver/zf_driver_encoder.c ****             return_value = (int16)encoder_obj_list[encoder_index].timer_obj->tim_ptr->CNT;
 163              		.loc 1 99 66
 164 00a4 9DF80720 		ldrb	r2, [sp, #7]	@ zero_extendqisi2
 165 00a8 1649     		ldr	r1, .L9
 166 00aa 1346     		mov	r3, r2
 167 00ac 5B00     		lsls	r3, r3, #1
 168 00ae 1344     		add	r3, r3, r2
 169 00b0 9B00     		lsls	r3, r3, #2
 170 00b2 0B44     		add	r3, r3, r1
 171 00b4 1B68     		ldr	r3, [r3]
 172              		.loc 1 99 76
 173 00b6 1B68     		ldr	r3, [r3]
 174              		.loc 1 99 85
 175 00b8 5B6A     		ldr	r3, [r3, #36]
 176              		.loc 1 99 26
 177 00ba ADF80C30 		strh	r3, [sp, #12]	@ movhi
 100:libraries/zf_driver/zf_driver_encoder.c ****             if(!zf_gpio_get_level(encoder_obj_list[encoder_index].b_dir_pin))
 178              		.loc 1 100 17
 179 00be 9DF80720 		ldrb	r2, [sp, #7]	@ zero_extendqisi2
 180 00c2 1049     		ldr	r1, .L9
 181 00c4 1346     		mov	r3, r2
 182 00c6 5B00     		lsls	r3, r3, #1
 183 00c8 1344     		add	r3, r3, r2
 184 00ca 9B00     		lsls	r3, r3, #2
 185 00cc 0B44     		add	r3, r3, r1
 186 00ce 0633     		adds	r3, r3, #6
 187 00d0 1B88     		ldrh	r3, [r3]
 188 00d2 1846     		mov	r0, r3
 189 00d4 FFF7FEFF 		bl	zf_gpio_get_level
 190 00d8 0346     		mov	r3, r0
 191              		.loc 1 100 15
 192 00da 002B     		cmp	r3, #0
 193 00dc 05D1     		bne	.L7
 101:libraries/zf_driver/zf_driver_encoder.c ****             {
 102:libraries/zf_driver/zf_driver_encoder.c ****                 return_value = -return_value;
 194              		.loc 1 102 30
 195 00de BDF80C30 		ldrh	r3, [sp, #12]
 196 00e2 5B42     		rsbs	r3, r3, #0
 197 00e4 9BB2     		uxth	r3, r3
 198 00e6 ADF80C30 		strh	r3, [sp, #12]	@ movhi
 199              	.L7:
 103:libraries/zf_driver/zf_driver_encoder.c ****             }
 104:libraries/zf_driver/zf_driver_encoder.c ****         }
 105:libraries/zf_driver/zf_driver_encoder.c ****         *data = return_value;
 200              		.loc 1 105 15
 201 00ea 009B     		ldr	r3, [sp]
 202 00ec BDF80C20 		ldrh	r2, [sp, #12]	@ movhi
 203 00f0 1A80     		strh	r2, [r3]	@ movhi
 106:libraries/zf_driver/zf_driver_encoder.c **** 
 107:libraries/zf_driver/zf_driver_encoder.c ****         return_state = ZF_NO_ERROR;
 204              		.loc 1 107 22
 205 00f2 0023     		movs	r3, #0
 206 00f4 8DF80F30 		strb	r3, [sp, #15]
 207              	.L3:
 108:libraries/zf_driver/zf_driver_encoder.c ****     }while(0);
 109:libraries/zf_driver/zf_driver_encoder.c **** 
 110:libraries/zf_driver/zf_driver_encoder.c ****     return return_state;
 208              		.loc 1 110 12
 209 00f8 9DF80F30 		ldrb	r3, [sp, #15]	@ zero_extendqisi2
 111:libraries/zf_driver/zf_driver_encoder.c **** }
 210              		.loc 1 111 1
 211 00fc 1846     		mov	r0, r3
 212 00fe 05B0     		add	sp, sp, #20
 213              		.cfi_def_cfa_offset 4
 214              		@ sp needed
 215 0100 5DF804FB 		ldr	pc, [sp], #4
 216              	.L10:
 217              		.align	2
 218              	.L9:
 219 0104 00000000 		.word	encoder_obj_list
 220 0108 00000000 		.word	.LC0
 221              		.cfi_endproc
 222              	.LFE482:
 224              		.section	.text.zf_encoder_clear_count,"ax",%progbits
 225              		.align	1
 226              		.p2align 4,,15
 227              		.global	zf_encoder_clear_count
 228              		.syntax unified
 229              		.thumb
 230              		.thumb_func
 232              	zf_encoder_clear_count:
 233              	.LFB483:
 112:libraries/zf_driver/zf_driver_encoder.c **** 
 113:libraries/zf_driver/zf_driver_encoder.c **** //-------------------------------------------------------------------------------------------------
 114:libraries/zf_driver/zf_driver_encoder.c **** // å‡½æ•°ç®€ä»‹     ENCODER æ¸…ç©ºç¼–ç å™¨è®¡æ•°
 115:libraries/zf_driver/zf_driver_encoder.c **** // å‚æ•°è¯´æ˜     encoder_index       ENCODER æ¨¡å—å·  (è¯¦è§ zf_driver_encoder.h å†… zf_encod
 116:libraries/zf_driver/zf_driver_encoder.c **** // è¿”å›å‚æ•°     uint8               æ“ä½œçŠ¶æ€ ZF_NO_ERROR / ENCODER_OPERATION_DONE - å®Œæˆ 
 117:libraries/zf_driver/zf_driver_encoder.c **** // ä½¿ç”¨ç¤ºä¾‹     zf_encoder_clear_count(encoder_index);
 118:libraries/zf_driver/zf_driver_encoder.c **** // å¤‡æ³¨ä¿¡æ¯     
 119:libraries/zf_driver/zf_driver_encoder.c **** //-------------------------------------------------------------------------------------------------
 120:libraries/zf_driver/zf_driver_encoder.c **** uint8 zf_encoder_clear_count (zf_encoder_index_enum encoder_index)
 121:libraries/zf_driver/zf_driver_encoder.c **** {
 234              		.loc 1 121 1
 235              		.cfi_startproc
 236              		@ args = 0, pretend = 0, frame = 16
 237              		@ frame_needed = 0, uses_anonymous_args = 0
 238 0000 00B5     		push	{lr}
 239              		.cfi_def_cfa_offset 4
 240              		.cfi_offset 14, -4
 241 0002 85B0     		sub	sp, sp, #20
 242              		.cfi_def_cfa_offset 24
 243 0004 0346     		mov	r3, r0
 244 0006 8DF80730 		strb	r3, [sp, #7]
 122:libraries/zf_driver/zf_driver_encoder.c ****     zf_encoder_operation_state_enum return_state = ENCODER_ERROR_UNKNOW;
 245              		.loc 1 122 37
 246 000a 0123     		movs	r3, #1
 247 000c 8DF80F30 		strb	r3, [sp, #15]
 123:libraries/zf_driver/zf_driver_encoder.c **** 
 124:libraries/zf_driver/zf_driver_encoder.c ****     do
 125:libraries/zf_driver/zf_driver_encoder.c ****     {
 126:libraries/zf_driver/zf_driver_encoder.c ****         if(zf_encoder_assert(encoder_obj_list[encoder_index].mode))             // æ£€æŸ¥ æ¨¡å—åˆ
 248              		.loc 1 126 12
 249 0010 9DF80720 		ldrb	r2, [sp, #7]	@ zero_extendqisi2
 250 0014 1549     		ldr	r1, .L15
 251 0016 1346     		mov	r3, r2
 252 0018 5B00     		lsls	r3, r3, #1
 253 001a 1344     		add	r3, r3, r2
 254 001c 9B00     		lsls	r3, r3, #2
 255 001e 0B44     		add	r3, r3, r1
 256 0020 0833     		adds	r3, r3, #8
 257 0022 1B68     		ldr	r3, [r3]
 258              		.loc 1 126 11
 259 0024 002B     		cmp	r3, #0
 260 0026 0BD1     		bne	.L12
 261              		.loc 1 126 12 discriminator 1
 262 0028 0022     		movs	r2, #0
 263 002a 7E21     		movs	r1, #126
 264 002c 1048     		ldr	r0, .L15+4
 265 002e FFF7FEFF 		bl	zf_timer_assert_handler
 266 0032 0346     		mov	r3, r0
 267 0034 002B     		cmp	r3, #0
 268 0036 03D0     		beq	.L12
 127:libraries/zf_driver/zf_driver_encoder.c ****         {
 128:libraries/zf_driver/zf_driver_encoder.c ****             // æ­¤å¤„å¦‚æœæ–­è¨€æŠ¥é”™ é‚£ä¹ˆè¯æ˜æœ¬æ¨¡å—æ²¡æœ‰åˆå§‹åŒ–è¿‡ æ˜¯ä¸å…è®¸ç›´æ¥æ
 129:libraries/zf_driver/zf_driver_encoder.c ****             // æœªåˆå§‹åŒ–æ¨¡å—å¾ˆå¯èƒ½æ²¡æœ‰å¼€å¯æ¨¡å—æ—¶é’Ÿæˆ–è€…æ²¡æœ‰ä½¿èƒ½æ¨¡å—
 130:libraries/zf_driver/zf_driver_encoder.c ****             // å¯¹äºéƒ¨åˆ†å•ç‰‡æœºæ²¡æœ‰ä½¿èƒ½æ¨¡å—ç›´æ¥æ“ä½œä¼šå¯¼è‡´æ€»çº¿å¼‚å¸¸æˆ–è€…ç¡¬ä»¶
 131:libraries/zf_driver/zf_driver_encoder.c ****             return_state = ENCODER_ERROR_MODULE_NOT_INIT;                       // ENCODER æ¨¡å—æœ
 269              		.loc 1 131 26
 270 0038 2123     		movs	r3, #33
 271 003a 8DF80F30 		strb	r3, [sp, #15]
 132:libraries/zf_driver/zf_driver_encoder.c ****             break;
 272              		.loc 1 132 13
 273 003e 0EE0     		b	.L13
 274              	.L12:
 133:libraries/zf_driver/zf_driver_encoder.c ****         }
 134:libraries/zf_driver/zf_driver_encoder.c **** 
 135:libraries/zf_driver/zf_driver_encoder.c ****         encoder_obj_list[encoder_index].timer_obj->tim_ptr->CNT = 0;            // æ¸…ç©ºè®¡æ•°å™¨æ
 275              		.loc 1 135 40
 276 0040 9DF80720 		ldrb	r2, [sp, #7]	@ zero_extendqisi2
 277 0044 0949     		ldr	r1, .L15
 278 0046 1346     		mov	r3, r2
 279 0048 5B00     		lsls	r3, r3, #1
 280 004a 1344     		add	r3, r3, r2
 281 004c 9B00     		lsls	r3, r3, #2
 282 004e 0B44     		add	r3, r3, r1
 283 0050 1B68     		ldr	r3, [r3]
 284              		.loc 1 135 50
 285 0052 1B68     		ldr	r3, [r3]
 286              		.loc 1 135 65
 287 0054 0022     		movs	r2, #0
 288 0056 5A62     		str	r2, [r3, #36]
 136:libraries/zf_driver/zf_driver_encoder.c **** 
 137:libraries/zf_driver/zf_driver_encoder.c ****         return_state = ZF_NO_ERROR;
 289              		.loc 1 137 22
 290 0058 0023     		movs	r3, #0
 291 005a 8DF80F30 		strb	r3, [sp, #15]
 292              	.L13:
 138:libraries/zf_driver/zf_driver_encoder.c ****     }while(0);
 139:libraries/zf_driver/zf_driver_encoder.c **** 
 140:libraries/zf_driver/zf_driver_encoder.c ****     return return_state;
 293              		.loc 1 140 12
 294 005e 9DF80F30 		ldrb	r3, [sp, #15]	@ zero_extendqisi2
 141:libraries/zf_driver/zf_driver_encoder.c **** }
 295              		.loc 1 141 1
 296 0062 1846     		mov	r0, r3
 297 0064 05B0     		add	sp, sp, #20
 298              		.cfi_def_cfa_offset 4
 299              		@ sp needed
 300 0066 5DF804FB 		ldr	pc, [sp], #4
 301              	.L16:
 302 006a 00BF     		.align	2
 303              	.L15:
 304 006c 00000000 		.word	encoder_obj_list
 305 0070 00000000 		.word	.LC0
 306              		.cfi_endproc
 307              	.LFE483:
 309              		.section	.text.zf_encoder_deinit,"ax",%progbits
 310              		.align	1
 311              		.p2align 4,,15
 312              		.global	zf_encoder_deinit
 313              		.syntax unified
 314              		.thumb
 315              		.thumb_func
 317              	zf_encoder_deinit:
 318              	.LFB484:
 142:libraries/zf_driver/zf_driver_encoder.c **** 
 143:libraries/zf_driver/zf_driver_encoder.c **** //-------------------------------------------------------------------------------------------------
 144:libraries/zf_driver/zf_driver_encoder.c **** // å‡½æ•°ç®€ä»‹     ENCODER æ¥å£æ³¨é”€åˆå§‹åŒ–
 145:libraries/zf_driver/zf_driver_encoder.c **** // å‚æ•°è¯´æ˜     encoder_index       ENCODER æ¨¡å—å·  (è¯¦è§ zf_driver_encoder.h å†… zf_encod
 146:libraries/zf_driver/zf_driver_encoder.c **** // è¿”å›å‚æ•°     uint8               æ“ä½œçŠ¶æ€ ZF_NO_ERROR / ENCODER_OPERATION_DONE - å®Œæˆ 
 147:libraries/zf_driver/zf_driver_encoder.c **** // ä½¿ç”¨ç¤ºä¾‹     zf_encoder_deinit(encoder_index);
 148:libraries/zf_driver/zf_driver_encoder.c **** // å¤‡æ³¨ä¿¡æ¯     
 149:libraries/zf_driver/zf_driver_encoder.c **** //-------------------------------------------------------------------------------------------------
 150:libraries/zf_driver/zf_driver_encoder.c **** uint8 zf_encoder_deinit (zf_encoder_index_enum encoder_index)
 151:libraries/zf_driver/zf_driver_encoder.c **** {
 319              		.loc 1 151 1
 320              		.cfi_startproc
 321              		@ args = 0, pretend = 0, frame = 16
 322              		@ frame_needed = 0, uses_anonymous_args = 0
 323 0000 00B5     		push	{lr}
 324              		.cfi_def_cfa_offset 4
 325              		.cfi_offset 14, -4
 326 0002 85B0     		sub	sp, sp, #20
 327              		.cfi_def_cfa_offset 24
 328 0004 0346     		mov	r3, r0
 329 0006 8DF80730 		strb	r3, [sp, #7]
 152:libraries/zf_driver/zf_driver_encoder.c ****     zf_encoder_operation_state_enum return_state = ENCODER_ERROR_UNKNOW;
 330              		.loc 1 152 37
 331 000a 0123     		movs	r3, #1
 332 000c 8DF80F30 		strb	r3, [sp, #15]
 153:libraries/zf_driver/zf_driver_encoder.c **** 
 154:libraries/zf_driver/zf_driver_encoder.c ****     do
 155:libraries/zf_driver/zf_driver_encoder.c ****     {
 156:libraries/zf_driver/zf_driver_encoder.c ****         if(zf_encoder_assert(encoder_obj_list[encoder_index].mode))             // æ£€æŸ¥ æ¨¡å—åˆ
 333              		.loc 1 156 12
 334 0010 9DF80720 		ldrb	r2, [sp, #7]	@ zero_extendqisi2
 335 0014 3049     		ldr	r1, .L21
 336 0016 1346     		mov	r3, r2
 337 0018 5B00     		lsls	r3, r3, #1
 338 001a 1344     		add	r3, r3, r2
 339 001c 9B00     		lsls	r3, r3, #2
 340 001e 0B44     		add	r3, r3, r1
 341 0020 0833     		adds	r3, r3, #8
 342 0022 1B68     		ldr	r3, [r3]
 343              		.loc 1 156 11
 344 0024 002B     		cmp	r3, #0
 345 0026 0BD1     		bne	.L18
 346              		.loc 1 156 12 discriminator 1
 347 0028 0022     		movs	r2, #0
 348 002a 9C21     		movs	r1, #156
 349 002c 2B48     		ldr	r0, .L21+4
 350 002e FFF7FEFF 		bl	zf_timer_assert_handler
 351 0032 0346     		mov	r3, r0
 352 0034 002B     		cmp	r3, #0
 353 0036 03D0     		beq	.L18
 157:libraries/zf_driver/zf_driver_encoder.c ****         {
 158:libraries/zf_driver/zf_driver_encoder.c ****             // æ­¤å¤„å¦‚æœæ–­è¨€æŠ¥é”™ é‚£ä¹ˆè¯æ˜æœ¬æ¨¡å—æ²¡æœ‰åˆå§‹åŒ–è¿‡ æ˜¯ä¸å…è®¸ç›´æ¥æ
 159:libraries/zf_driver/zf_driver_encoder.c ****             // æœªåˆå§‹åŒ–æ¨¡å—å¾ˆå¯èƒ½æ²¡æœ‰å¼€å¯æ¨¡å—æ—¶é’Ÿæˆ–è€…æ²¡æœ‰ä½¿èƒ½æ¨¡å—
 160:libraries/zf_driver/zf_driver_encoder.c ****             // å¯¹äºéƒ¨åˆ†å•ç‰‡æœºæ²¡æœ‰ä½¿èƒ½æ¨¡å—ç›´æ¥æ“ä½œä¼šå¯¼è‡´æ€»çº¿å¼‚å¸¸æˆ–è€…ç¡¬ä»¶
 161:libraries/zf_driver/zf_driver_encoder.c ****             return_state = ENCODER_ERROR_MODULE_NOT_INIT;                       // ENCODER æ¨¡å—æœ
 354              		.loc 1 161 26
 355 0038 2123     		movs	r3, #33
 356 003a 8DF80F30 		strb	r3, [sp, #15]
 162:libraries/zf_driver/zf_driver_encoder.c ****             break;
 357              		.loc 1 162 13
 358 003e 44E0     		b	.L19
 359              	.L18:
 163:libraries/zf_driver/zf_driver_encoder.c ****         }
 164:libraries/zf_driver/zf_driver_encoder.c **** 
 165:libraries/zf_driver/zf_driver_encoder.c ****         encoder_obj_list[encoder_index].mode        = 0;                        // æ³¨é”€æ—¶éœ€è¦å
 360              		.loc 1 165 40
 361 0040 9DF80720 		ldrb	r2, [sp, #7]	@ zero_extendqisi2
 362              		.loc 1 165 53
 363 0044 2449     		ldr	r1, .L21
 364 0046 1346     		mov	r3, r2
 365 0048 5B00     		lsls	r3, r3, #1
 366 004a 1344     		add	r3, r3, r2
 367 004c 9B00     		lsls	r3, r3, #2
 368 004e 0B44     		add	r3, r3, r1
 369 0050 0833     		adds	r3, r3, #8
 370 0052 0022     		movs	r2, #0
 371 0054 1A60     		str	r2, [r3]
 166:libraries/zf_driver/zf_driver_encoder.c **** 
 167:libraries/zf_driver/zf_driver_encoder.c ****         zf_gpio_deinit(encoder_obj_list[encoder_index].a_plus_pin);             // æ¥ç€æŠŠå¼•è„šæ
 372              		.loc 1 167 9
 373 0056 9DF80720 		ldrb	r2, [sp, #7]	@ zero_extendqisi2
 374 005a 1F49     		ldr	r1, .L21
 375 005c 1346     		mov	r3, r2
 376 005e 5B00     		lsls	r3, r3, #1
 377 0060 1344     		add	r3, r3, r2
 378 0062 9B00     		lsls	r3, r3, #2
 379 0064 0B44     		add	r3, r3, r1
 380 0066 0433     		adds	r3, r3, #4
 381 0068 1B88     		ldrh	r3, [r3]
 382 006a 1846     		mov	r0, r3
 383 006c FFF7FEFF 		bl	zf_gpio_deinit
 168:libraries/zf_driver/zf_driver_encoder.c ****         zf_gpio_deinit(encoder_obj_list[encoder_index].b_dir_pin);              // æ¥ç€æŠŠå¼•è„šæ
 384              		.loc 1 168 9
 385 0070 9DF80720 		ldrb	r2, [sp, #7]	@ zero_extendqisi2
 386 0074 1849     		ldr	r1, .L21
 387 0076 1346     		mov	r3, r2
 388 0078 5B00     		lsls	r3, r3, #1
 389 007a 1344     		add	r3, r3, r2
 390 007c 9B00     		lsls	r3, r3, #2
 391 007e 0B44     		add	r3, r3, r1
 392 0080 0633     		adds	r3, r3, #6
 393 0082 1B88     		ldrh	r3, [r3]
 394 0084 1846     		mov	r0, r3
 395 0086 FFF7FEFF 		bl	zf_gpio_deinit
 169:libraries/zf_driver/zf_driver_encoder.c **** 
 170:libraries/zf_driver/zf_driver_encoder.c ****         encoder_obj_list[encoder_index].a_plus_pin  = PIN_NULL;                 // éšåæŠŠå¼•è„šå
 396              		.loc 1 170 40
 397 008a 9DF80720 		ldrb	r2, [sp, #7]	@ zero_extendqisi2
 398              		.loc 1 170 53
 399 008e 1249     		ldr	r1, .L21
 400 0090 1346     		mov	r3, r2
 401 0092 5B00     		lsls	r3, r3, #1
 402 0094 1344     		add	r3, r3, r2
 403 0096 9B00     		lsls	r3, r3, #2
 404 0098 0B44     		add	r3, r3, r1
 405 009a 0433     		adds	r3, r3, #4
 406 009c 40F6FF72 		movw	r2, #4095
 407 00a0 1A80     		strh	r2, [r3]	@ movhi
 171:libraries/zf_driver/zf_driver_encoder.c ****         encoder_obj_list[encoder_index].b_dir_pin   = PIN_NULL;                 // éšåæŠŠå¼•è„šå
 408              		.loc 1 171 40
 409 00a2 9DF80720 		ldrb	r2, [sp, #7]	@ zero_extendqisi2
 410              		.loc 1 171 53
 411 00a6 0C49     		ldr	r1, .L21
 412 00a8 1346     		mov	r3, r2
 413 00aa 5B00     		lsls	r3, r3, #1
 414 00ac 1344     		add	r3, r3, r2
 415 00ae 9B00     		lsls	r3, r3, #2
 416 00b0 0B44     		add	r3, r3, r1
 417 00b2 0633     		adds	r3, r3, #6
 418 00b4 40F6FF72 		movw	r2, #4095
 419 00b8 1A80     		strh	r2, [r3]	@ movhi
 172:libraries/zf_driver/zf_driver_encoder.c **** 
 173:libraries/zf_driver/zf_driver_encoder.c ****         zf_timer_deinit((zf_timer_index_enum)encoder_index);                    // æœ€åæŠŠå¯¹åº”ç
 420              		.loc 1 173 9
 421 00ba 9DF80730 		ldrb	r3, [sp, #7]	@ zero_extendqisi2
 422 00be 1846     		mov	r0, r3
 423 00c0 FFF7FEFF 		bl	zf_timer_deinit
 174:libraries/zf_driver/zf_driver_encoder.c **** 
 175:libraries/zf_driver/zf_driver_encoder.c ****         return_state = ZF_NO_ERROR;
 424              		.loc 1 175 22
 425 00c4 0023     		movs	r3, #0
 426 00c6 8DF80F30 		strb	r3, [sp, #15]
 427              	.L19:
 176:libraries/zf_driver/zf_driver_encoder.c ****     }while(0);
 177:libraries/zf_driver/zf_driver_encoder.c **** 
 178:libraries/zf_driver/zf_driver_encoder.c ****     return return_state;
 428              		.loc 1 178 12
 429 00ca 9DF80F30 		ldrb	r3, [sp, #15]	@ zero_extendqisi2
 179:libraries/zf_driver/zf_driver_encoder.c **** }
 430              		.loc 1 179 1
 431 00ce 1846     		mov	r0, r3
 432 00d0 05B0     		add	sp, sp, #20
 433              		.cfi_def_cfa_offset 4
 434              		@ sp needed
 435 00d2 5DF804FB 		ldr	pc, [sp], #4
 436              	.L22:
 437 00d6 00BF     		.align	2
 438              	.L21:
 439 00d8 00000000 		.word	encoder_obj_list
 440 00dc 00000000 		.word	.LC0
 441              		.cfi_endproc
 442              	.LFE484:
 444              		.section	.text.zf_encoder_init,"ax",%progbits
 445              		.align	1
 446              		.p2align 4,,15
 447              		.global	zf_encoder_init
 448              		.syntax unified
 449              		.thumb
 450              		.thumb_func
 452              	zf_encoder_init:
 453              	.LFB485:
 180:libraries/zf_driver/zf_driver_encoder.c **** 
 181:libraries/zf_driver/zf_driver_encoder.c **** //-------------------------------------------------------------------------------------------------
 182:libraries/zf_driver/zf_driver_encoder.c **** // å‡½æ•°ç®€ä»‹     ENCODER æ¥å£åˆå§‹åŒ–
 183:libraries/zf_driver/zf_driver_encoder.c **** // å‚æ•°è¯´æ˜     encoder_index       ENCODER æ¨¡å—å·  (è¯¦è§ zf_driver_encoder.h å†… zf_encod
 184:libraries/zf_driver/zf_driver_encoder.c **** // å‚æ•°è¯´æ˜     mode                ENCODER æ¨¡å¼    (è¯¦è§ zf_driver_encoder.h å†… zf_encode
 185:libraries/zf_driver/zf_driver_encoder.c **** // å‚æ•°è¯´æ˜     a_plus_pin          A ç›¸æˆ–è„‰å†²å¼•è„š  (è¯¦è§ zf_driver_encoder.h å†… zf_en
 186:libraries/zf_driver/zf_driver_encoder.c **** // å‚æ•°è¯´æ˜     b_dir_pin           B ç›¸æˆ–æ–¹å‘å¼•è„š  (è¯¦è§ zf_driver_encoder.h å†… zf_en
 187:libraries/zf_driver/zf_driver_encoder.c **** // è¿”å›å‚æ•°     uint8               æ“ä½œçŠ¶æ€ ZF_NO_ERROR / ENCODER_OPERATION_DONE - å®Œæˆ 
 188:libraries/zf_driver/zf_driver_encoder.c **** // ä½¿ç”¨ç¤ºä¾‹     zf_encoder_init(encoder_index, mode, a_plus_pin, b_dir_pin);
 189:libraries/zf_driver/zf_driver_encoder.c **** // å¤‡æ³¨ä¿¡æ¯     
 190:libraries/zf_driver/zf_driver_encoder.c **** //-------------------------------------------------------------------------------------------------
 191:libraries/zf_driver/zf_driver_encoder.c **** uint8 zf_encoder_init (zf_encoder_index_enum encoder_index, zf_encoder_mode_enum mode, zf_encoder_c
 192:libraries/zf_driver/zf_driver_encoder.c **** {
 454              		.loc 1 192 1
 455              		.cfi_startproc
 456              		@ args = 0, pretend = 0, frame = 24
 457              		@ frame_needed = 0, uses_anonymous_args = 0
 458 0000 00B5     		push	{lr}
 459              		.cfi_def_cfa_offset 4
 460              		.cfi_offset 14, -4
 461 0002 87B0     		sub	sp, sp, #28
 462              		.cfi_def_cfa_offset 32
 463 0004 0292     		str	r2, [sp, #8]
 464 0006 0193     		str	r3, [sp, #4]
 465 0008 0346     		mov	r3, r0
 466 000a 8DF80F30 		strb	r3, [sp, #15]
 467 000e 0B46     		mov	r3, r1
 468 0010 8DF80E30 		strb	r3, [sp, #14]
 193:libraries/zf_driver/zf_driver_encoder.c ****     zf_encoder_operation_state_enum return_state = ENCODER_ERROR_UNKNOW;
 469              		.loc 1 193 37
 470 0014 0123     		movs	r3, #1
 471 0016 8DF81730 		strb	r3, [sp, #23]
 194:libraries/zf_driver/zf_driver_encoder.c **** 
 195:libraries/zf_driver/zf_driver_encoder.c ****     do
 196:libraries/zf_driver/zf_driver_encoder.c ****     {
 197:libraries/zf_driver/zf_driver_encoder.c ****         if(zf_encoder_assert(!zf_timer_funciton_check(                          // æ£€æŸ¥ æ¨¡å—æ˜¯
 472              		.loc 1 197 12
 473 001a 9DF80F30 		ldrb	r3, [sp, #15]	@ zero_extendqisi2
 474 001e 0421     		movs	r1, #4
 475 0020 1846     		mov	r0, r3
 476 0022 FFF7FEFF 		bl	zf_timer_funciton_check
 477 0026 0346     		mov	r3, r0
 478              		.loc 1 197 11
 479 0028 002B     		cmp	r3, #0
 480 002a 0BD0     		beq	.L24
 481              		.loc 1 197 12 discriminator 1
 482 002c 0022     		movs	r2, #0
 483 002e C521     		movs	r1, #197
 484 0030 AC48     		ldr	r0, .L34
 485 0032 FFF7FEFF 		bl	zf_timer_assert_handler
 486 0036 0346     		mov	r3, r0
 487 0038 002B     		cmp	r3, #0
 488 003a 03D0     		beq	.L24
 198:libraries/zf_driver/zf_driver_encoder.c ****                 (zf_timer_index_enum)encoder_index,                             // å½“å‰æ¨¡å—
 199:libraries/zf_driver/zf_driver_encoder.c ****                 TIMER_FUNCTION_ENCODER)))                                       // ç¼–ç å™¨åŠŸèƒ½å
 200:libraries/zf_driver/zf_driver_encoder.c ****         {
 201:libraries/zf_driver/zf_driver_encoder.c ****             // æ­¤å¤„å¦‚æœæ–­è¨€æŠ¥é”™ é‚£ä¹ˆè¯æ˜ ENCODER æ‰€ä¾èµ–çš„ TIMER å·²ç»è¢«å ç”¨
 202:libraries/zf_driver/zf_driver_encoder.c ****             // ENCODER ç´¢å¼•å¯¹åº” TIMER ç´¢å¼•
 203:libraries/zf_driver/zf_driver_encoder.c ****             return_state = ENCODER_ERROR_DEPENDS_TIMER_OCCUPIED;
 489              		.loc 1 203 26
 490 003c 2523     		movs	r3, #37
 491 003e 8DF81730 		strb	r3, [sp, #23]
 204:libraries/zf_driver/zf_driver_encoder.c ****             break;
 492              		.loc 1 204 13
 493 0042 49E1     		b	.L25
 494              	.L24:
 205:libraries/zf_driver/zf_driver_encoder.c ****         }
 206:libraries/zf_driver/zf_driver_encoder.c ****         if(zf_encoder_assert(!encoder_obj_list[encoder_index].mode))            // æ£€æŸ¥ æ¨¡å—åˆ
 495              		.loc 1 206 12
 496 0044 9DF80F20 		ldrb	r2, [sp, #15]	@ zero_extendqisi2
 497 0048 A749     		ldr	r1, .L34+4
 498 004a 1346     		mov	r3, r2
 499 004c 5B00     		lsls	r3, r3, #1
 500 004e 1344     		add	r3, r3, r2
 501 0050 9B00     		lsls	r3, r3, #2
 502 0052 0B44     		add	r3, r3, r1
 503 0054 0833     		adds	r3, r3, #8
 504 0056 1B68     		ldr	r3, [r3]
 505              		.loc 1 206 11
 506 0058 002B     		cmp	r3, #0
 507 005a 0BD0     		beq	.L26
 508              		.loc 1 206 12 discriminator 1
 509 005c 0022     		movs	r2, #0
 510 005e CE21     		movs	r1, #206
 511 0060 A048     		ldr	r0, .L34
 512 0062 FFF7FEFF 		bl	zf_timer_assert_handler
 513 0066 0346     		mov	r3, r0
 514 0068 002B     		cmp	r3, #0
 515 006a 03D0     		beq	.L26
 207:libraries/zf_driver/zf_driver_encoder.c ****         {
 208:libraries/zf_driver/zf_driver_encoder.c ****             // æ­¤å¤„å¦‚æœæ–­è¨€æŠ¥é”™ é‚£ä¹ˆè¯æ˜æœ¬æ¨¡å—å·²ç»è¢«åˆå§‹åŒ–è¿‡ä¸€æ¬¡ é‡å¤åˆå
 209:libraries/zf_driver/zf_driver_encoder.c ****             // å¦åˆ™åº”å½“å…ˆæ³¨é”€åˆå§‹åŒ–ä¹‹åå†é‡æ–°åˆå§‹åŒ–
 210:libraries/zf_driver/zf_driver_encoder.c ****             return_state = ENCODER_ERROR_MODULE_OCCUPIED;                       // ENCODER æ¨¡å—å·
 516              		.loc 1 210 26
 517 006c 2023     		movs	r3, #32
 518 006e 8DF81730 		strb	r3, [sp, #23]
 211:libraries/zf_driver/zf_driver_encoder.c ****             break;
 519              		.loc 1 211 13
 520 0072 31E1     		b	.L25
 521              	.L26:
 212:libraries/zf_driver/zf_driver_encoder.c ****         }
 213:libraries/zf_driver/zf_driver_encoder.c ****         if(zf_encoder_assert(encoder_index ==                                   // a_plus_pin ä¸ e
 522              		.loc 1 213 12
 523 0074 9DF80F20 		ldrb	r2, [sp, #15]	@ zero_extendqisi2
 524 0078 029B     		ldr	r3, [sp, #8]
 525 007a 1B0C     		lsrs	r3, r3, #16
 526 007c 03F00F03 		and	r3, r3, #15
 527              		.loc 1 213 11
 528 0080 9A42     		cmp	r2, r3
 529 0082 0BD0     		beq	.L27
 530              		.loc 1 213 12 discriminator 1
 531 0084 0022     		movs	r2, #0
 532 0086 D521     		movs	r1, #213
 533 0088 9648     		ldr	r0, .L34
 534 008a FFF7FEFF 		bl	zf_timer_assert_handler
 535 008e 0346     		mov	r3, r0
 536 0090 002B     		cmp	r3, #0
 537 0092 03D0     		beq	.L27
 214:libraries/zf_driver/zf_driver_encoder.c ****             ((a_plus_pin >> ENCODER_INDEX_OFFSET) & ENCODER_INDEX_MASK)))                          
 215:libraries/zf_driver/zf_driver_encoder.c ****         {
 216:libraries/zf_driver/zf_driver_encoder.c ****             // æ­¤å¤„å¦‚æœæ–­è¨€æŠ¥é”™ é‚£ä¹ˆè¯æ˜ ENCODER ç¼–å·è·Ÿ A ç›¸æˆ–è€… PLUS å¼•è„šä¸åŒ
 217:libraries/zf_driver/zf_driver_encoder.c ****             return_state = ENCODER_ERROR_A_PLUS_PIN_MISMATCH;                   // ENCODER å¼•è„šä¸
 538              		.loc 1 217 26
 539 0094 2223     		movs	r3, #34
 540 0096 8DF81730 		strb	r3, [sp, #23]
 218:libraries/zf_driver/zf_driver_encoder.c ****             break;
 541              		.loc 1 218 13
 542 009a 1DE1     		b	.L25
 543              	.L27:
 219:libraries/zf_driver/zf_driver_encoder.c ****         }
 220:libraries/zf_driver/zf_driver_encoder.c ****         if(zf_encoder_assert(encoder_index ==                                   // b_dir_pin ä¸ en
 544              		.loc 1 220 12
 545 009c 9DF80F20 		ldrb	r2, [sp, #15]	@ zero_extendqisi2
 546 00a0 019B     		ldr	r3, [sp, #4]
 547 00a2 1B0C     		lsrs	r3, r3, #16
 548 00a4 03F00F03 		and	r3, r3, #15
 549              		.loc 1 220 11
 550 00a8 9A42     		cmp	r2, r3
 551 00aa 0BD0     		beq	.L28
 552              		.loc 1 220 12 discriminator 1
 553 00ac 0022     		movs	r2, #0
 554 00ae DC21     		movs	r1, #220
 555 00b0 8C48     		ldr	r0, .L34
 556 00b2 FFF7FEFF 		bl	zf_timer_assert_handler
 557 00b6 0346     		mov	r3, r0
 558 00b8 002B     		cmp	r3, #0
 559 00ba 03D0     		beq	.L28
 221:libraries/zf_driver/zf_driver_encoder.c ****             ((b_dir_pin >> ENCODER_INDEX_OFFSET) & ENCODER_INDEX_MASK)))
 222:libraries/zf_driver/zf_driver_encoder.c ****         {
 223:libraries/zf_driver/zf_driver_encoder.c ****             // æ­¤å¤„å¦‚æœæ–­è¨€æŠ¥é”™ é‚£ä¹ˆè¯æ˜ ENCODER ç¼–å·è·Ÿ B ç›¸æˆ–è€… DIR å¼•è„šä¸åŒ¹
 224:libraries/zf_driver/zf_driver_encoder.c ****             return_state = ENCODER_ERROR_B_DIR_PIN_MISMATCH;                    // ENCODER å¼•è„šä¸
 560              		.loc 1 224 26
 561 00bc 2323     		movs	r3, #35
 562 00be 8DF81730 		strb	r3, [sp, #23]
 225:libraries/zf_driver/zf_driver_encoder.c ****             break;
 563              		.loc 1 225 13
 564 00c2 09E1     		b	.L25
 565              	.L28:
 226:libraries/zf_driver/zf_driver_encoder.c ****         }
 227:libraries/zf_driver/zf_driver_encoder.c **** 
 228:libraries/zf_driver/zf_driver_encoder.c ****         // å…ˆæŠŠæ•°æ®éƒ½ä¿å­˜ä¸‹æ¥
 229:libraries/zf_driver/zf_driver_encoder.c ****         encoder_obj_list[encoder_index].a_plus_pin          = (zf_gpio_pin_enum)(a_plus_pin & ENCOD
 566              		.loc 1 229 63
 567 00c4 029B     		ldr	r3, [sp, #8]
 568 00c6 9BB2     		uxth	r3, r3
 569              		.loc 1 229 40
 570 00c8 9DF80F20 		ldrb	r2, [sp, #15]	@ zero_extendqisi2
 571              		.loc 1 229 93
 572 00cc C3F30B03 		ubfx	r3, r3, #0, #12
 573 00d0 98B2     		uxth	r0, r3
 574              		.loc 1 229 61
 575 00d2 8549     		ldr	r1, .L34+4
 576 00d4 1346     		mov	r3, r2
 577 00d6 5B00     		lsls	r3, r3, #1
 578 00d8 1344     		add	r3, r3, r2
 579 00da 9B00     		lsls	r3, r3, #2
 580 00dc 0B44     		add	r3, r3, r1
 581 00de 0433     		adds	r3, r3, #4
 582 00e0 0246     		mov	r2, r0	@ movhi
 583 00e2 1A80     		strh	r2, [r3]	@ movhi
 230:libraries/zf_driver/zf_driver_encoder.c ****         encoder_obj_list[encoder_index].b_dir_pin           = (zf_gpio_pin_enum)(b_dir_pin  & ENCOD
 584              		.loc 1 230 63
 585 00e4 019B     		ldr	r3, [sp, #4]
 586 00e6 9BB2     		uxth	r3, r3
 587              		.loc 1 230 40
 588 00e8 9DF80F20 		ldrb	r2, [sp, #15]	@ zero_extendqisi2
 589              		.loc 1 230 93
 590 00ec C3F30B03 		ubfx	r3, r3, #0, #12
 591 00f0 98B2     		uxth	r0, r3
 592              		.loc 1 230 61
 593 00f2 7D49     		ldr	r1, .L34+4
 594 00f4 1346     		mov	r3, r2
 595 00f6 5B00     		lsls	r3, r3, #1
 596 00f8 1344     		add	r3, r3, r2
 597 00fa 9B00     		lsls	r3, r3, #2
 598 00fc 0B44     		add	r3, r3, r1
 599 00fe 0633     		adds	r3, r3, #6
 600 0100 0246     		mov	r2, r0	@ movhi
 601 0102 1A80     		strh	r2, [r3]	@ movhi
 231:libraries/zf_driver/zf_driver_encoder.c ****         encoder_obj_list[encoder_index].mode                = mode;
 602              		.loc 1 231 40
 603 0104 9DF80F20 		ldrb	r2, [sp, #15]	@ zero_extendqisi2
 604              		.loc 1 231 61
 605 0108 9DF80E10 		ldrb	r1, [sp, #14]	@ zero_extendqisi2
 606 010c 7648     		ldr	r0, .L34+4
 607 010e 1346     		mov	r3, r2
 608 0110 5B00     		lsls	r3, r3, #1
 609 0112 1344     		add	r3, r3, r2
 610 0114 9B00     		lsls	r3, r3, #2
 611 0116 0344     		add	r3, r3, r0
 612 0118 0833     		adds	r3, r3, #8
 613 011a 1960     		str	r1, [r3]
 232:libraries/zf_driver/zf_driver_encoder.c ****         encoder_obj_list[encoder_index].timer_obj->div      = 1;
 614              		.loc 1 232 40
 615 011c 9DF80F20 		ldrb	r2, [sp, #15]	@ zero_extendqisi2
 616 0120 7149     		ldr	r1, .L34+4
 617 0122 1346     		mov	r3, r2
 618 0124 5B00     		lsls	r3, r3, #1
 619 0126 1344     		add	r3, r3, r2
 620 0128 9B00     		lsls	r3, r3, #2
 621 012a 0B44     		add	r3, r3, r1
 622 012c 1B68     		ldr	r3, [r3]
 623              		.loc 1 232 61
 624 012e 0122     		movs	r2, #1
 625 0130 9A60     		str	r2, [r3, #8]
 233:libraries/zf_driver/zf_driver_encoder.c ****         encoder_obj_list[encoder_index].timer_obj->period   = 0xFFFF;
 626              		.loc 1 233 40
 627 0132 9DF80F20 		ldrb	r2, [sp, #15]	@ zero_extendqisi2
 628 0136 6C49     		ldr	r1, .L34+4
 629 0138 1346     		mov	r3, r2
 630 013a 5B00     		lsls	r3, r3, #1
 631 013c 1344     		add	r3, r3, r2
 632 013e 9B00     		lsls	r3, r3, #2
 633 0140 0B44     		add	r3, r3, r1
 634 0142 1B68     		ldr	r3, [r3]
 635              		.loc 1 233 61
 636 0144 4FF6FF72 		movw	r2, #65535
 637 0148 DA60     		str	r2, [r3, #12]
 234:libraries/zf_driver/zf_driver_encoder.c ****         encoder_obj_list[encoder_index].timer_obj->mode     = 3;
 638              		.loc 1 234 40
 639 014a 9DF80F20 		ldrb	r2, [sp, #15]	@ zero_extendqisi2
 640 014e 6649     		ldr	r1, .L34+4
 641 0150 1346     		mov	r3, r2
 642 0152 5B00     		lsls	r3, r3, #1
 643 0154 1344     		add	r3, r3, r2
 644 0156 9B00     		lsls	r3, r3, #2
 645 0158 0B44     		add	r3, r3, r1
 646 015a 1A68     		ldr	r2, [r3]
 647              		.loc 1 234 61
 648 015c 137C     		ldrb	r3, [r2, #16]
 649 015e 43F03003 		orr	r3, r3, #48
 650 0162 1374     		strb	r3, [r2, #16]
 235:libraries/zf_driver/zf_driver_encoder.c **** 
 236:libraries/zf_driver/zf_driver_encoder.c ****         // ç„¶ååˆå§‹åŒ–å¯¹åº”çš„å¼•è„š è¿™é‡ŒæŒ‰ç…§å®é™…å•ç‰‡æœºæ¥ç¡®å®šæœ€ç»ˆåˆå§‹åŒ–çš„æ–¹
 237:libraries/zf_driver/zf_driver_encoder.c ****         // æ”¯æŒä¸¤ç§æ¨¡å¼çš„å•ç‰‡æœºå°±éƒ½åˆå§‹åŒ–æˆå¤ç”¨åŠŸèƒ½
 238:libraries/zf_driver/zf_driver_encoder.c ****         // éœ€è¦ GPIO è¯»å–æ–¹å‘çš„å°±åœ¨æ–¹å‘æ¨¡å¼ä¸‹åˆå§‹åŒ–æˆä¸€ä¸ª GPIO å’Œä¸€ä¸ªå¤ç”¨å
 239:libraries/zf_driver/zf_driver_encoder.c ****         zf_afio_init(
 651              		.loc 1 239 9
 652 0164 9DF80F20 		ldrb	r2, [sp, #15]	@ zero_extendqisi2
 653 0168 5F49     		ldr	r1, .L34+4
 654 016a 1346     		mov	r3, r2
 655 016c 5B00     		lsls	r3, r3, #1
 656 016e 1344     		add	r3, r3, r2
 657 0170 9B00     		lsls	r3, r3, #2
 658 0172 0B44     		add	r3, r3, r1
 659 0174 0433     		adds	r3, r3, #4
 660 0176 1888     		ldrh	r0, [r3]
 240:libraries/zf_driver/zf_driver_encoder.c ****             encoder_obj_list[encoder_index].a_plus_pin,
 241:libraries/zf_driver/zf_driver_encoder.c ****             GPO_AF_OPEN_DRAIN,
 242:libraries/zf_driver/zf_driver_encoder.c ****             (zf_gpio_af_enum)((a_plus_pin >> ENCODER_PIN_AF_OFFSET) & ENCODER_PIN_AF_MASK));
 661              		.loc 1 242 43
 662 0178 029B     		ldr	r3, [sp, #8]
 663 017a 1B0B     		lsrs	r3, r3, #12
 239:libraries/zf_driver/zf_driver_encoder.c ****             encoder_obj_list[encoder_index].a_plus_pin,
 664              		.loc 1 239 9
 665 017c DBB2     		uxtb	r3, r3
 666              		.loc 1 242 69
 667 017e 03F00F03 		and	r3, r3, #15
 668 0182 DBB2     		uxtb	r3, r3
 239:libraries/zf_driver/zf_driver_encoder.c ****             encoder_obj_list[encoder_index].a_plus_pin,
 669              		.loc 1 239 9
 670 0184 1A46     		mov	r2, r3
 671 0186 1321     		movs	r1, #19
 672 0188 FFF7FEFF 		bl	zf_afio_init
 243:libraries/zf_driver/zf_driver_encoder.c ****         if(ENCODER_MODE_QUADRATURE == mode)
 673              		.loc 1 243 11
 674 018c 9DF80E30 		ldrb	r3, [sp, #14]	@ zero_extendqisi2
 675 0190 012B     		cmp	r3, #1
 676 0192 14D1     		bne	.L29
 244:libraries/zf_driver/zf_driver_encoder.c ****         {
 245:libraries/zf_driver/zf_driver_encoder.c ****             zf_afio_init(
 677              		.loc 1 245 13
 678 0194 9DF80F20 		ldrb	r2, [sp, #15]	@ zero_extendqisi2
 679 0198 5349     		ldr	r1, .L34+4
 680 019a 1346     		mov	r3, r2
 681 019c 5B00     		lsls	r3, r3, #1
 682 019e 1344     		add	r3, r3, r2
 683 01a0 9B00     		lsls	r3, r3, #2
 684 01a2 0B44     		add	r3, r3, r1
 685 01a4 0633     		adds	r3, r3, #6
 686 01a6 1888     		ldrh	r0, [r3]
 246:libraries/zf_driver/zf_driver_encoder.c ****                 encoder_obj_list[encoder_index].b_dir_pin,
 247:libraries/zf_driver/zf_driver_encoder.c ****                 GPO_AF_OPEN_DRAIN,
 248:libraries/zf_driver/zf_driver_encoder.c ****                 (zf_gpio_af_enum)((b_dir_pin >> ENCODER_PIN_AF_OFFSET) & ENCODER_PIN_AF_MASK));
 687              		.loc 1 248 46
 688 01a8 019B     		ldr	r3, [sp, #4]
 689 01aa 1B0B     		lsrs	r3, r3, #12
 245:libraries/zf_driver/zf_driver_encoder.c ****                 encoder_obj_list[encoder_index].b_dir_pin,
 690              		.loc 1 245 13
 691 01ac DBB2     		uxtb	r3, r3
 692              		.loc 1 248 72
 693 01ae 03F00F03 		and	r3, r3, #15
 694 01b2 DBB2     		uxtb	r3, r3
 245:libraries/zf_driver/zf_driver_encoder.c ****                 encoder_obj_list[encoder_index].b_dir_pin,
 695              		.loc 1 245 13
 696 01b4 1A46     		mov	r2, r3
 697 01b6 1321     		movs	r1, #19
 698 01b8 FFF7FEFF 		bl	zf_afio_init
 699 01bc 0EE0     		b	.L30
 700              	.L29:
 249:libraries/zf_driver/zf_driver_encoder.c ****         }
 250:libraries/zf_driver/zf_driver_encoder.c ****         else
 251:libraries/zf_driver/zf_driver_encoder.c ****         {
 252:libraries/zf_driver/zf_driver_encoder.c ****             zf_gpio_init(
 701              		.loc 1 252 13
 702 01be 9DF80F20 		ldrb	r2, [sp, #15]	@ zero_extendqisi2
 703 01c2 4949     		ldr	r1, .L34+4
 704 01c4 1346     		mov	r3, r2
 705 01c6 5B00     		lsls	r3, r3, #1
 706 01c8 1344     		add	r3, r3, r2
 707 01ca 9B00     		lsls	r3, r3, #2
 708 01cc 0B44     		add	r3, r3, r1
 709 01ce 0633     		adds	r3, r3, #6
 710 01d0 1B88     		ldrh	r3, [r3]
 711 01d2 0122     		movs	r2, #1
 712 01d4 0121     		movs	r1, #1
 713 01d6 1846     		mov	r0, r3
 714 01d8 FFF7FEFF 		bl	zf_gpio_init
 715              	.L30:
 253:libraries/zf_driver/zf_driver_encoder.c ****                 encoder_obj_list[encoder_index].b_dir_pin,
 254:libraries/zf_driver/zf_driver_encoder.c ****                 GPI_FLOATING_IN,
 255:libraries/zf_driver/zf_driver_encoder.c ****                 GPIO_HIGH);
 256:libraries/zf_driver/zf_driver_encoder.c ****         }
 257:libraries/zf_driver/zf_driver_encoder.c **** 
 258:libraries/zf_driver/zf_driver_encoder.c ****         // æœ€ååˆå§‹åŒ–å¯¹åº”ç¼–ç å™¨æ¨¡å—
 259:libraries/zf_driver/zf_driver_encoder.c ****         zf_timer_clock_enable((zf_timer_index_enum)encoder_index);              // ä½¿èƒ½æ—¶é’Ÿ
 716              		.loc 1 259 9
 717 01dc 9DF80F30 		ldrb	r3, [sp, #15]	@ zero_extendqisi2
 718 01e0 1846     		mov	r0, r3
 719 01e2 FFF7FEFF 		bl	zf_timer_clock_enable
 720              	.LBB2:
 260:libraries/zf_driver/zf_driver_encoder.c **** 
 261:libraries/zf_driver/zf_driver_encoder.c ****         {
 262:libraries/zf_driver/zf_driver_encoder.c ****             encoder_obj_list[encoder_index].timer_obj->tim_ptr->PSC      =  0;
 721              		.loc 1 262 44
 722 01e6 9DF80F20 		ldrb	r2, [sp, #15]	@ zero_extendqisi2
 723 01ea 3F49     		ldr	r1, .L34+4
 724 01ec 1346     		mov	r3, r2
 725 01ee 5B00     		lsls	r3, r3, #1
 726 01f0 1344     		add	r3, r3, r2
 727 01f2 9B00     		lsls	r3, r3, #2
 728 01f4 0B44     		add	r3, r3, r1
 729 01f6 1B68     		ldr	r3, [r3]
 730              		.loc 1 262 54
 731 01f8 1B68     		ldr	r3, [r3]
 732              		.loc 1 262 74
 733 01fa 0022     		movs	r2, #0
 734 01fc 9A62     		str	r2, [r3, #40]
 263:libraries/zf_driver/zf_driver_encoder.c ****             encoder_obj_list[encoder_index].timer_obj->tim_ptr->ARR      =  0xFFFF;
 735              		.loc 1 263 44
 736 01fe 9DF80F20 		ldrb	r2, [sp, #15]	@ zero_extendqisi2
 737 0202 3949     		ldr	r1, .L34+4
 738 0204 1346     		mov	r3, r2
 739 0206 5B00     		lsls	r3, r3, #1
 740 0208 1344     		add	r3, r3, r2
 741 020a 9B00     		lsls	r3, r3, #2
 742 020c 0B44     		add	r3, r3, r1
 743 020e 1B68     		ldr	r3, [r3]
 744              		.loc 1 263 54
 745 0210 1B68     		ldr	r3, [r3]
 746              		.loc 1 263 74
 747 0212 4FF6FF72 		movw	r2, #65535
 748 0216 DA62     		str	r2, [r3, #44]
 264:libraries/zf_driver/zf_driver_encoder.c ****             encoder_obj_list[encoder_index].timer_obj->tim_ptr->CNT      =  0;
 749              		.loc 1 264 44
 750 0218 9DF80F20 		ldrb	r2, [sp, #15]	@ zero_extendqisi2
 751 021c 3249     		ldr	r1, .L34+4
 752 021e 1346     		mov	r3, r2
 753 0220 5B00     		lsls	r3, r3, #1
 754 0222 1344     		add	r3, r3, r2
 755 0224 9B00     		lsls	r3, r3, #2
 756 0226 0B44     		add	r3, r3, r1
 757 0228 1B68     		ldr	r3, [r3]
 758              		.loc 1 264 54
 759 022a 1B68     		ldr	r3, [r3]
 760              		.loc 1 264 74
 761 022c 0022     		movs	r2, #0
 762 022e 5A62     		str	r2, [r3, #36]
 265:libraries/zf_driver/zf_driver_encoder.c ****             encoder_obj_list[encoder_index].timer_obj->tim_ptr->SMCR     =  (ENCODER_MODE_QUADRATUR
 763              		.loc 1 265 124
 764 0230 9DF80E30 		ldrb	r3, [sp, #14]	@ zero_extendqisi2
 765 0234 012B     		cmp	r3, #1
 766 0236 01D1     		bne	.L31
 767              		.loc 1 265 124 is_stmt 0 discriminator 1
 768 0238 0321     		movs	r1, #3
 769 023a 00E0     		b	.L32
 770              	.L31:
 771              		.loc 1 265 124 discriminator 2
 772 023c 5721     		movs	r1, #87
 773              	.L32:
 774              		.loc 1 265 44 is_stmt 1 discriminator 4
 775 023e 9DF80F20 		ldrb	r2, [sp, #15]	@ zero_extendqisi2
 776 0242 2948     		ldr	r0, .L34+4
 777 0244 1346     		mov	r3, r2
 778 0246 5B00     		lsls	r3, r3, #1
 779 0248 1344     		add	r3, r3, r2
 780 024a 9B00     		lsls	r3, r3, #2
 781 024c 0344     		add	r3, r3, r0
 782 024e 1B68     		ldr	r3, [r3]
 783              		.loc 1 265 54 discriminator 4
 784 0250 1B68     		ldr	r3, [r3]
 785              		.loc 1 265 74 discriminator 4
 786 0252 9960     		str	r1, [r3, #8]
 266:libraries/zf_driver/zf_driver_encoder.c **** 
 267:libraries/zf_driver/zf_driver_encoder.c ****             uint32 register_temp = 0;
 787              		.loc 1 267 20 discriminator 4
 788 0254 0023     		movs	r3, #0
 789 0256 0493     		str	r3, [sp, #16]
 268:libraries/zf_driver/zf_driver_encoder.c ****             register_temp = encoder_obj_list[encoder_index].timer_obj->tim_ptr->CCMR1;
 790              		.loc 1 268 60 discriminator 4
 791 0258 9DF80F20 		ldrb	r2, [sp, #15]	@ zero_extendqisi2
 792 025c 2249     		ldr	r1, .L34+4
 793 025e 1346     		mov	r3, r2
 794 0260 5B00     		lsls	r3, r3, #1
 795 0262 1344     		add	r3, r3, r2
 796 0264 9B00     		lsls	r3, r3, #2
 797 0266 0B44     		add	r3, r3, r1
 798 0268 1B68     		ldr	r3, [r3]
 799              		.loc 1 268 70 discriminator 4
 800 026a 1B68     		ldr	r3, [r3]
 801              		.loc 1 268 27 discriminator 4
 802 026c 9B69     		ldr	r3, [r3, #24]
 803 026e 0493     		str	r3, [sp, #16]
 269:libraries/zf_driver/zf_driver_encoder.c ****             register_temp |= (TIM_CCMR1_CC1S_0);
 804              		.loc 1 269 27 discriminator 4
 805 0270 049B     		ldr	r3, [sp, #16]
 806 0272 43F00103 		orr	r3, r3, #1
 807 0276 0493     		str	r3, [sp, #16]
 270:libraries/zf_driver/zf_driver_encoder.c ****             register_temp |= (TIM_CCMR1_CC2S_0);
 808              		.loc 1 270 27 discriminator 4
 809 0278 049B     		ldr	r3, [sp, #16]
 810 027a 43F48073 		orr	r3, r3, #256
 811 027e 0493     		str	r3, [sp, #16]
 271:libraries/zf_driver/zf_driver_encoder.c ****             encoder_obj_list[encoder_index].timer_obj->tim_ptr->CCMR1 = register_temp;
 812              		.loc 1 271 44 discriminator 4
 813 0280 9DF80F20 		ldrb	r2, [sp, #15]	@ zero_extendqisi2
 814 0284 1849     		ldr	r1, .L34+4
 815 0286 1346     		mov	r3, r2
 816 0288 5B00     		lsls	r3, r3, #1
 817 028a 1344     		add	r3, r3, r2
 818 028c 9B00     		lsls	r3, r3, #2
 819 028e 0B44     		add	r3, r3, r1
 820 0290 1B68     		ldr	r3, [r3]
 821              		.loc 1 271 54 discriminator 4
 822 0292 1B68     		ldr	r3, [r3]
 823              		.loc 1 271 71 discriminator 4
 824 0294 049A     		ldr	r2, [sp, #16]
 825 0296 9A61     		str	r2, [r3, #24]
 272:libraries/zf_driver/zf_driver_encoder.c ****             encoder_obj_list[encoder_index].timer_obj->tim_ptr->CCER |= (TIM_CCER_CC1E | TIM_CCER_C
 826              		.loc 1 272 44 discriminator 4
 827 0298 9DF80F20 		ldrb	r2, [sp, #15]	@ zero_extendqisi2
 828 029c 1249     		ldr	r1, .L34+4
 829 029e 1346     		mov	r3, r2
 830 02a0 5B00     		lsls	r3, r3, #1
 831 02a2 1344     		add	r3, r3, r2
 832 02a4 9B00     		lsls	r3, r3, #2
 833 02a6 0B44     		add	r3, r3, r1
 834 02a8 1B68     		ldr	r3, [r3]
 835              		.loc 1 272 54 discriminator 4
 836 02aa 1B68     		ldr	r3, [r3]
 837              		.loc 1 272 70 discriminator 4
 838 02ac 196A     		ldr	r1, [r3, #32]
 839              		.loc 1 272 44 discriminator 4
 840 02ae 9DF80F20 		ldrb	r2, [sp, #15]	@ zero_extendqisi2
 841 02b2 0D48     		ldr	r0, .L34+4
 842 02b4 1346     		mov	r3, r2
 843 02b6 5B00     		lsls	r3, r3, #1
 844 02b8 1344     		add	r3, r3, r2
 845 02ba 9B00     		lsls	r3, r3, #2
 846 02bc 0344     		add	r3, r3, r0
 847 02be 1B68     		ldr	r3, [r3]
 848              		.loc 1 272 54 discriminator 4
 849 02c0 1B68     		ldr	r3, [r3]
 850              		.loc 1 272 70 discriminator 4
 851 02c2 41F01102 		orr	r2, r1, #17
 852 02c6 1A62     		str	r2, [r3, #32]
 853              	.LBE2:
 273:libraries/zf_driver/zf_driver_encoder.c ****         }
 274:libraries/zf_driver/zf_driver_encoder.c **** 
 275:libraries/zf_driver/zf_driver_encoder.c ****         zf_timer_enable((zf_timer_index_enum)encoder_index);
 854              		.loc 1 275 9 discriminator 4
 855 02c8 9DF80F30 		ldrb	r3, [sp, #15]	@ zero_extendqisi2
 856 02cc 1846     		mov	r0, r3
 857 02ce FFF7FEFF 		bl	zf_timer_enable
 276:libraries/zf_driver/zf_driver_encoder.c **** 
 277:libraries/zf_driver/zf_driver_encoder.c ****         return_state = ZF_NO_ERROR;
 858              		.loc 1 277 22 discriminator 4
 859 02d2 0023     		movs	r3, #0
 860 02d4 8DF81730 		strb	r3, [sp, #23]
 861              	.L25:
 278:libraries/zf_driver/zf_driver_encoder.c ****     }while(0);
 279:libraries/zf_driver/zf_driver_encoder.c **** 
 280:libraries/zf_driver/zf_driver_encoder.c ****     return return_state;
 862              		.loc 1 280 12
 863 02d8 9DF81730 		ldrb	r3, [sp, #23]	@ zero_extendqisi2
 281:libraries/zf_driver/zf_driver_encoder.c **** }
 864              		.loc 1 281 1
 865 02dc 1846     		mov	r0, r3
 866 02de 07B0     		add	sp, sp, #28
 867              		.cfi_def_cfa_offset 4
 868              		@ sp needed
 869 02e0 5DF804FB 		ldr	pc, [sp], #4
 870              	.L35:
 871              		.align	2
 872              	.L34:
 873 02e4 00000000 		.word	.LC0
 874 02e8 00000000 		.word	encoder_obj_list
 875              		.cfi_endproc
 876              	.LFE485:
 878              		.text
 879              	.Letext0:
 880              		.file 2 "c:\\stellarstudio-7.0\\sdks\\tools-1.4.0\\toolchain\\arm\\mingw64_nt\\10.3-2021.10\\arm-n
 881              		.file 3 "c:\\stellarstudio-7.0\\sdks\\tools-1.4.0\\toolchain\\arm\\mingw64_nt\\10.3-2021.10\\arm-n
 882              		.file 4 "libraries/zf_common/zf_common_typedef.h"
 883              		.file 5 "C:/StellarStudio-7.0/SDKS/StellarESDK-1.7.0/Modules/Platform/MCU/include/sr5e1/SR5E1_TIM.
 884              		.file 6 "libraries/zf_driver/zf_driver_timer.h"
 885              		.file 7 "libraries/zf_driver/zf_driver_gpio.h"
 886              		.file 8 "libraries/zf_driver/zf_driver_encoder.h"
DEFINED SYMBOLS
                            *ABS*:00000000 zf_driver_encoder.c
C:\Users\EVERYO~1\AppData\Local\Temp\ccGyYZjf.s:23     .data.encoder_obj_list:00000000 encoder_obj_list
C:\Users\EVERYO~1\AppData\Local\Temp\ccGyYZjf.s:20     .data.encoder_obj_list:00000000 $d
C:\Users\EVERYO~1\AppData\Local\Temp\ccGyYZjf.s:49     .rodata:00000000 $d
C:\Users\EVERYO~1\AppData\Local\Temp\ccGyYZjf.s:53     .text.zf_encoder_get_count:00000000 $t
C:\Users\EVERYO~1\AppData\Local\Temp\ccGyYZjf.s:60     .text.zf_encoder_get_count:00000000 zf_encoder_get_count
C:\Users\EVERYO~1\AppData\Local\Temp\ccGyYZjf.s:219    .text.zf_encoder_get_count:00000104 $d
C:\Users\EVERYO~1\AppData\Local\Temp\ccGyYZjf.s:225    .text.zf_encoder_clear_count:00000000 $t
C:\Users\EVERYO~1\AppData\Local\Temp\ccGyYZjf.s:232    .text.zf_encoder_clear_count:00000000 zf_encoder_clear_count
C:\Users\EVERYO~1\AppData\Local\Temp\ccGyYZjf.s:304    .text.zf_encoder_clear_count:0000006c $d
C:\Users\EVERYO~1\AppData\Local\Temp\ccGyYZjf.s:310    .text.zf_encoder_deinit:00000000 $t
C:\Users\EVERYO~1\AppData\Local\Temp\ccGyYZjf.s:317    .text.zf_encoder_deinit:00000000 zf_encoder_deinit
C:\Users\EVERYO~1\AppData\Local\Temp\ccGyYZjf.s:439    .text.zf_encoder_deinit:000000d8 $d
C:\Users\EVERYO~1\AppData\Local\Temp\ccGyYZjf.s:445    .text.zf_encoder_init:00000000 $t
C:\Users\EVERYO~1\AppData\Local\Temp\ccGyYZjf.s:452    .text.zf_encoder_init:00000000 zf_encoder_init
C:\Users\EVERYO~1\AppData\Local\Temp\ccGyYZjf.s:873    .text.zf_encoder_init:000002e4 $d
                           .group:00000000 wm4.0.1ea29c7543256e0887205fa7f8c557c8
                           .group:00000000 wm4._newlib_version.h.4.bfdf54b0af045d4a71376ae00f63a22c
                           .group:00000000 wm4.newlib.h.18.1c9fedb6b3cd797cff253cc0fd593ef2
                           .group:00000000 wm4.ieeefp.h.77.2bc94c1d1ed8b02df437510a04ac1e45
                           .group:00000000 wm4.features.h.22.026edb2397769f4ae13f35900dbdb560
                           .group:00000000 wm4.config.h.224.c701144a7b0518c6ee9b9b5465b79f81
                           .group:00000000 wm4._ansi.h.31.de524f58584151836e90d8620a16f8e8
                           .group:00000000 wm4.stdio.h.31.7c0e28c411445f3f9c5b11accf882760
                           .group:00000000 wm4._default_types.h.6.959254cf5f09734ea7516c89e8bb21bd
                           .group:00000000 wm4.stddef.h.181.c3f52a3b0f4c288bddb5dda1562858e2
                           .group:00000000 wm4.cdefs.h.49.a54b2d5c07711bc7320a3fea9f12cb56
                           .group:00000000 wm4.stddef.h.39.c161261b198ee3a963897077fd6fa59f
                           .group:00000000 wm4.stdarg.h.34.3a23a216c0c293b3d2ea2e89281481e6
                           .group:00000000 wm4._types.h.20.dd0d04dca3800a0d2a6129b87f3adbb2
                           .group:00000000 wm4.stddef.h.155.3588ebfdd1e8c7ede80509bb9c3b8009
                           .group:00000000 wm4._types.h.127.34941de1b2539d59d5cac00e0dd27a45
                           .group:00000000 wm4.reent.h.17.e292bf8b0bec6c96e131a54347145a30
                           .group:00000000 wm4.lock.h.2.1461d1fff82dffe8bfddc23307f6484f
                           .group:00000000 wm4.reent.h.77.dcd6129ff07fe81bd5636db29abe53b2
                           .group:00000000 wm4.types.h.40.8b6acba56cefbb11746718204edc8f5e
                           .group:00000000 wm4._stdint.h.10.c24fa3af3bc1706662bb5593a907e841
                           .group:00000000 wm4._endian.h.31.65a10590763c3dde1ac4a7f66d7d4891
                           .group:00000000 wm4.endian.h.9.49f3a4695c1b61e8a0808de3c4a106cb
                           .group:00000000 wm4._timeval.h.32.bec3221fa7a9bb0bdde696c9c57e47d2
                           .group:00000000 wm4.timespec.h.41.d855182eb0e690443ab8651bcedca6e1
                           .group:00000000 wm4.select.h.19.40cd3f2bfc456b193b790c2754690ebf
                           .group:00000000 wm4.types.h.51.5571ec98f267d17d3c670b7a3ba33afa
                           .group:00000000 wm4.sched.h.22.c60982713a5c428609783c78f9c78d95
                           .group:00000000 wm4._pthreadtypes.h.36.fcee9961c35163dde6267ef772ad1972
                           .group:00000000 wm4.stdio.h.2.4aa87247282eca6c8f36f9de33d8df1a
                           .group:00000000 wm4.stdio.h.81.932d0c162786b883f622b8d05c120c78
                           .group:00000000 wm4._intsup.h.10.48bafbb683905c4daa4565a85aeeb264
                           .group:00000000 wm4.stdint.h.23.d53047a68f4a85177f80b422d52785ed
                           .group:00000000 wm4.stdbool.h.29.07dce69c3b78884144b7f7bd19483461
                           .group:00000000 wm4.stdarg.h.31.3fa7b8f6daaa31edd1696c08c77f2a73
                           .group:00000000 wm4.string.h.8.c4b8571ce60dff2817f43fec8b86aecd
                           .group:00000000 wm4.stddef.h.155.ba788add86a0e365f264484f110c3c29
                           .group:00000000 wm4.stdlib.h.13.4ed386f5c1a80d71e72172885d946ef2
                           .group:00000000 wm4.alloca.h.8.dfc0c703c47ec3e69746825b17d9e66d
                           .group:00000000 wm4.stdlib.h.56.f4862cfbf4363a1db01842d5bdf72c18
                           .group:00000000 wm4.zf_common_typedef.h.47.8c368673885c9d07221c267e15ab1069
                           .group:00000000 wm4.zf_common_debug.h.54.984d9030a1dbcde0ab32a00843ca695a
                           .group:00000000 wm4.zf_common_memory.h.33.d43647290a4d62164ff2ec77cadb89d8
                           .group:00000000 wm4.dmamux.h.25.337aea179f6dbcc87c52aae26d38f76e
                           .group:00000000 wm4.clock_cfg.h.24.0aed3cee9ecce947225a304181294191
                           .group:00000000 wm4.sr5e1xx.h.22.e5c808533cc52ed19fb0830cd7d98924
                           .group:00000000 wm4.cmsis_version.h.32.0f826810625204eca22a19868bdc7586
                           .group:00000000 wm4.core_cm7.h.66.8ab2de36917d6fcae18019067fda13e0
                           .group:00000000 wm4.cmsis_gcc.h.26.498d0ad17a45fc9ef20fdc01caf02259
                           .group:00000000 wm4.core_cm7.h.174.43edb295ecdaadad738f48ba6011ffad
                           .group:00000000 wm4.mpu_armv7.h.32.83326921a797fa9d6f70449916b4b839
                           .group:00000000 wm4.cachel1_armv7.h.32.abd77761a989e008b0c60891114a33c7
                           .group:00000000 wm4.SR5E1_ADC.h.14.21608e6aff125ba995dd767d6d8dc311
                           .group:00000000 wm4.SR5E1_CEM.h.14.01fe5742c8f1ae35b1f3af05932f702e
                           .group:00000000 wm4.SR5E1_CMU.h.14.2617b38b159abe38028862394531e06d
                           .group:00000000 wm4.SR5E1_COMP.h.14.4b6fdfe4f5f7fd9bedf3a99b98bdf4cd
                           .group:00000000 wm4.SR5E1_CORDIC.h.14.354fbf7c9eaf6963d38eaa25cf28ffe8
                           .group:00000000 wm4.SR5E1_CRC.h.14.c64d0f7767671ddb92e9ead0a1162100
                           .group:00000000 wm4.SR5E1_DAC.h.14.8c26a0ff04b0cfeb55306cc3f22187b8
                           .group:00000000 wm4.SR5E1_DBGMCU.h.14.427df893d53a8044654f017ba01c25ed
                           .group:00000000 wm4.SR5E1_DMA.h.14.a7f9a92f844b40a86965798c2e64240b
                           .group:00000000 wm4.SR5E1_DMAMUX.h.14.471b3b4dfd4d41515f1df49493698866
                           .group:00000000 wm4.SR5E1_EXTI.h.14.a325ea3fe89cd84894660551c33241ea
                           .group:00000000 wm4.SR5E1_FCCU.h.14.0ebf0f0f36e079d28613ad2c80e17e23
                           .group:00000000 wm4.SR5E1_FDCAN.h.14.ac57101fad5dbc798bfb93f34c899de7
                           .group:00000000 wm4.SR5E1_FLASH_REG_ITF.h.14.d23d1d44923f9b20b8c8fdb51d66aefd
                           .group:00000000 wm4.SR5E1_GPIO.h.14.1c84071e130d7c64b62470ab0e18a1f1
                           .group:00000000 wm4.SR5E1_HRTIM.h.24.03932387d2522e6bd5c772a4edaf2f5d
                           .group:00000000 wm4.SR5E1_HSEM.h.14.cbe70eee519f01b16452c3f8c99d8df1
                           .group:00000000 wm4.SR5E1_I2C.h.14.350ba3e0f4fd57828457efa80135c36c
                           .group:00000000 wm4.SR5E1_IMA.h.14.62b7088985ab2b7ce9b030a02daa1f7d
                           .group:00000000 wm4.SR5E1_IWDG.h.14.20b7c5f05cf7ae94464c360d7af3660d
                           .group:00000000 wm4.SR5E1_MEMU.h.14.04bad7ae4c52ce334a4fc900aad2ae5b
                           .group:00000000 wm4.SR5E1_NVM_CTRL.h.14.5f442617f0628d4f16258f211c614ef9
                           .group:00000000 wm4.SR5E1_PLLDIG.h.14.bd87a8e6917eee17dae2f312c8e5fa53
                           .group:00000000 wm4.SR5E1_PMC_DIG.h.14.54173b566c6656344766ec4ef46c9281
                           .group:00000000 wm4.SR5E1_RCC.h.14.56734803c71534de286e793a53649740
                           .group:00000000 wm4.SR5E1_RTC.h.14.47037cbc7d8175dbf2be1dc0bb955e3f
                           .group:00000000 wm4.SR5E1_SD_ADC.h.14.552b97d0b8f3c1fd4df6d8964b2f1a80
                           .group:00000000 wm4.SR5E1_SMPU.h.14.8ce5bb6d5d7c579cd725f492f46e9085
                           .group:00000000 wm4.SR5E1_SPI.h.14.42d52112e540f85ade4d9135f8b87d72
                           .group:00000000 wm4.SR5E1_SSCM.h.14.8e6a2ad0ce5fca422fc3d69939b6125b
                           .group:00000000 wm4.SR5E1_SYSCFG.h.14.02b969490118ce4069914b5e94f7ca65
                           .group:00000000 wm4.SR5E1_TDM.h.14.a40ed7928cad243a57fd233fccf01ad2
                           .group:00000000 wm4.SR5E1_TIM.h.14.f17572f4c16f3f152b8164ad25c34f5b
                           .group:00000000 wm4.SR5E1_UART.h.14.eec3ab82b02b3bdb3de500483675b83f
                           .group:00000000 wm4.SR5E1_WWDG.h.14.59b45efc70e442cc6ef03702aad4ad88
                           .group:00000000 wm4.typedefs.h.36.07fe3956b4e751037cfee70edcd0b397
                           .group:00000000 wm4.irq_numbers.h.38.6294b95aed1bf7b3a2cda0eed8ce8f57
                           .group:00000000 wm4.regs.h.23.2ac145b4f57126d16daed5fbd86d99c6
                           .group:00000000 wm4.clock.h.37.80236c5607fdd9eb9275e5111a4191c3
                           .group:00000000 wm4.irq.h.37.78714f25754c8b09d1428599101f6cc7
                           .group:00000000 wm4.dma.h.40.f77dd217a06ceba13a3cfdd4102a73c1
                           .group:00000000 wm4.tim.h.38.17cf4faae34c60f6b8dea94a5275cf03
                           .group:00000000 wm4.zf_driver_timer.h.33.8df253b6990d9861816977209fb11e90
                           .group:00000000 wm4.gpio.h.25.d41a0c19fda8c2de42e666afb48ec15a
                           .group:00000000 wm4.zf_driver_gpio.h.65.5a4d2084c62fed7c22fdca02e748c198
                           .group:00000000 wm4.zf_driver_encoder.h.57.7e32999f25354fac086ca226b0c630d4

UNDEFINED SYMBOLS
timer_obj_list
zf_timer_assert_handler
zf_gpio_get_level
zf_gpio_deinit
zf_timer_deinit
zf_timer_funciton_check
zf_afio_init
zf_gpio_init
zf_timer_clock_enable
zf_timer_enable
