   1              		.cpu cortex-m7
   2              		.arch armv7e-m
   3              		.fpu fpv5-d16
   4              		.eabi_attribute 28, 1
   5              		.eabi_attribute 20, 1
   6              		.eabi_attribute 21, 1
   7              		.eabi_attribute 23, 3
   8              		.eabi_attribute 24, 1
   9              		.eabi_attribute 25, 1
  10              		.eabi_attribute 26, 1
  11              		.eabi_attribute 30, 6
  12              		.eabi_attribute 34, 1
  13              		.eabi_attribute 18, 4
  14              		.file	"gps.c"
  15              		.text
  16              	.Ltext0:
  17              		.cfi_sections	.debug_frame
  18              		.global	j
  19              		.section	.bss.j,"aw",%nobits
  20              		.align	2
  23              	j:
  24 0000 00000000 		.space	4
  25              		.global	gps_index_last
  26              		.section	.data.gps_index_last,"aw"
  29              	gps_index_last:
  30 0000 01       		.byte	1
  31              		.global	change_gps_index
  32              		.section	.bss.change_gps_index,"aw",%nobits
  35              	change_gps_index:
  36 0000 00       		.space	1
  37              		.section	.text.gps_zero,"ax",%progbits
  38              		.align	1
  39              		.p2align 4,,15
  40              		.global	gps_zero
  41              		.syntax unified
  42              		.thumb
  43              		.thumb_func
  45              	gps_zero:
  46              	.LFB482:
  47              		.file 1 "user_code/gps.c"
   1:user_code/gps.c **** /*
   2:user_code/gps.c ****  * gps.c
   3:user_code/gps.c ****  *
   4:user_code/gps.c ****  *  Created on: 2023锟斤拷3锟斤拷13锟斤拷
   5:user_code/gps.c ****  *      Author: ever.youthful
   6:user_code/gps.c ****  */
   7:user_code/gps.c **** 
   8:user_code/gps.c **** 
   9:user_code/gps.c **** #include "zf_libraries_headfile.h"
  10:user_code/gps.c **** #include "math.h"
  11:user_code/gps.c **** int j;
  12:user_code/gps.c **** uint8_t gps_index_last=1,change_gps_index;
  13:user_code/gps.c **** 
  14:user_code/gps.c **** 
  15:user_code/gps.c **** void gps_zero(void)
  16:user_code/gps.c **** {
  48              		.loc 1 16 1
  49              		.cfi_startproc
  50              		@ args = 0, pretend = 0, frame = 0
  51              		@ frame_needed = 0, uses_anonymous_args = 0
  52              		@ link register save eliminated.
  17:user_code/gps.c **** 
  18:user_code/gps.c ****     for( j=0;j<=point_num_max*2;j++)
  53              		.loc 1 18 11
  54 0000 1A4B     		ldr	r3, .L4
  55 0002 0022     		movs	r2, #0
  56 0004 1A60     		str	r2, [r3]
  57              		.loc 1 18 5
  58 0006 0EE0     		b	.L2
  59              	.L3:
  19:user_code/gps.c ****     {
  20:user_code/gps.c **** 
  21:user_code/gps.c ****         point1[j]=1.0;
  60              		.loc 1 21 15 discriminator 3
  61 0008 184B     		ldr	r3, .L4
  62 000a 1B68     		ldr	r3, [r3]
  63              		.loc 1 21 18 discriminator 3
  64 000c 184A     		ldr	r2, .L4+4
  65 000e DB00     		lsls	r3, r3, #3
  66 0010 D118     		adds	r1, r2, r3
  67 0012 4FF00002 		mov	r2, #0
  68 0016 174B     		ldr	r3, .L4+8
  69 0018 C1E90023 		strd	r2, [r1]
  18:user_code/gps.c ****     {
  70              		.loc 1 18 34 discriminator 3
  71 001c 134B     		ldr	r3, .L4
  72 001e 1B68     		ldr	r3, [r3]
  73 0020 0133     		adds	r3, r3, #1
  74 0022 124A     		ldr	r2, .L4
  75 0024 1360     		str	r3, [r2]
  76              	.L2:
  18:user_code/gps.c ****     {
  77              		.loc 1 18 15 discriminator 1
  78 0026 114B     		ldr	r3, .L4
  79 0028 1B68     		ldr	r3, [r3]
  18:user_code/gps.c ****     {
  80              		.loc 1 18 5 discriminator 1
  81 002a 502B     		cmp	r3, #80
  82 002c ECDD     		ble	.L3
  22:user_code/gps.c **** 
  23:user_code/gps.c ****     }
  24:user_code/gps.c ****     point1[0]=0.0;
  83              		.loc 1 24 14
  84 002e 1049     		ldr	r1, .L4+4
  85 0030 4FF00002 		mov	r2, #0
  86 0034 4FF00003 		mov	r3, #0
  87 0038 C1E90023 		strd	r2, [r1]
  25:user_code/gps.c ****     point1[1]=0.0;
  88              		.loc 1 25 14
  89 003c 0C49     		ldr	r1, .L4+4
  90 003e 4FF00002 		mov	r2, #0
  91 0042 4FF00003 		mov	r3, #0
  92 0046 C1E90223 		strd	r2, [r1, #8]
  26:user_code/gps.c ****     gps_index_save[4]=4;
  93              		.loc 1 26 22
  94 004a 0B4B     		ldr	r3, .L4+12
  95 004c 0422     		movs	r2, #4
  96 004e 1A71     		strb	r2, [r3, #4]
  27:user_code/gps.c ****     gps_index_save[5]=8;
  97              		.loc 1 27 22
  98 0050 094B     		ldr	r3, .L4+12
  99 0052 0822     		movs	r2, #8
 100 0054 5A71     		strb	r2, [r3, #5]
  28:user_code/gps.c ****     gps_index_save[6]=0;
 101              		.loc 1 28 22
 102 0056 084B     		ldr	r3, .L4+12
 103 0058 0022     		movs	r2, #0
 104 005a 9A71     		strb	r2, [r3, #6]
  29:user_code/gps.c ****     gps_index_save[7]=1;
 105              		.loc 1 29 22
 106 005c 064B     		ldr	r3, .L4+12
 107 005e 0122     		movs	r2, #1
 108 0060 DA71     		strb	r2, [r3, #7]
  30:user_code/gps.c ****     gps_index_save[8]=1;
 109              		.loc 1 30 22
 110 0062 054B     		ldr	r3, .L4+12
 111 0064 0122     		movs	r2, #1
 112 0066 1A72     		strb	r2, [r3, #8]
  31:user_code/gps.c **** }
 113              		.loc 1 31 1
 114 0068 00BF     		nop
 115 006a 7047     		bx	lr
 116              	.L5:
 117              		.align	2
 118              	.L4:
 119 006c 00000000 		.word	j
 120 0070 00000000 		.word	point1
 121 0074 0000F03F 		.word	1072693248
 122 0078 00000000 		.word	gps_index_save
 123              		.cfi_endproc
 124              	.LFE482:
 126              		.section	.text.gps_angle1,"ax",%progbits
 127              		.align	1
 128              		.p2align 4,,15
 129              		.global	gps_angle1
 130              		.syntax unified
 131              		.thumb
 132              		.thumb_func
 134              	gps_angle1:
 135              	.LFB483:
  32:user_code/gps.c **** void gps_angle1(void)//陀螺仪与点位方位比较得到error，error为正负180
  33:user_code/gps.c **** {
 136              		.loc 1 33 1
 137              		.cfi_startproc
 138              		@ args = 0, pretend = 0, frame = 0
 139              		@ frame_needed = 0, uses_anonymous_args = 0
 140 0000 08B5     		push	{r3, lr}
 141              		.cfi_def_cfa_offset 8
 142              		.cfi_offset 3, -8
 143              		.cfi_offset 14, -4
  34:user_code/gps.c ****     gnss_angle= gnss_get_two_points_azimuth(gnss_info.latitude,gnss_info.longitude,point1[(target_p
 144              		.loc 1 34 17
 145 0002 514B     		ldr	r3, .L14+24
 146 0004 93ED065B 		vldr.64	d5, [r3, #24]
 147 0008 4F4B     		ldr	r3, .L14+24
 148 000a 93ED084B 		vldr.64	d4, [r3, #32]
 149              		.loc 1 34 105
 150 000e 4F4B     		ldr	r3, .L14+28
 151 0010 1B78     		ldrb	r3, [r3]	@ zero_extendqisi2
 152              		.loc 1 34 108
 153 0012 5B00     		lsls	r3, r3, #1
 154              		.loc 1 34 90
 155 0014 4E4A     		ldr	r2, .L14+32
 156 0016 DB00     		lsls	r3, r3, #3
 157 0018 1344     		add	r3, r3, r2
 158 001a 93ED006B 		vldr.64	d6, [r3]
 159              		.loc 1 34 17
 160 001e 4D4B     		ldr	r3, .L14+36
 161 0020 93ED007B 		vldr.64	d7, [r3]
 162 0024 36EE072B 		vadd.f64	d2, d6, d7
 163              		.loc 1 34 145
 164 0028 484B     		ldr	r3, .L14+28
 165 002a 1B78     		ldrb	r3, [r3]	@ zero_extendqisi2
 166              		.loc 1 34 148
 167 002c 5B00     		lsls	r3, r3, #1
 168              		.loc 1 34 150
 169 002e 0133     		adds	r3, r3, #1
 170              		.loc 1 34 130
 171 0030 474A     		ldr	r2, .L14+32
 172 0032 DB00     		lsls	r3, r3, #3
 173 0034 1344     		add	r3, r3, r2
 174 0036 93ED006B 		vldr.64	d6, [r3]
 175              		.loc 1 34 17
 176 003a 474B     		ldr	r3, .L14+40
 177 003c 93ED007B 		vldr.64	d7, [r3]
 178 0040 36EE077B 		vadd.f64	d7, d6, d7
 179 0044 B0EE473B 		vmov.f64	d3, d7
 180 0048 B0EE441B 		vmov.f64	d1, d4
 181 004c B0EE450B 		vmov.f64	d0, d5
 182 0050 FFF7FEFF 		bl	gnss_get_two_points_azimuth
 183 0054 B0EE407B 		vmov.f64	d7, d0
 184              		.loc 1 34 15
 185 0058 404B     		ldr	r3, .L14+44
 186 005a 83ED007B 		vstr.64	d7, [r3]
  35:user_code/gps.c ****     distance =gnss_get_two_points_distance(gnss_info.latitude,gnss_info.longitude,point1[(target_po
 187              		.loc 1 35 15
 188 005e 3A4B     		ldr	r3, .L14+24
 189 0060 93ED065B 		vldr.64	d5, [r3, #24]
 190 0064 384B     		ldr	r3, .L14+24
 191 0066 93ED084B 		vldr.64	d4, [r3, #32]
 192              		.loc 1 35 104
 193 006a 384B     		ldr	r3, .L14+28
 194 006c 1B78     		ldrb	r3, [r3]	@ zero_extendqisi2
 195              		.loc 1 35 107
 196 006e 5B00     		lsls	r3, r3, #1
 197              		.loc 1 35 89
 198 0070 374A     		ldr	r2, .L14+32
 199 0072 DB00     		lsls	r3, r3, #3
 200 0074 1344     		add	r3, r3, r2
 201 0076 93ED006B 		vldr.64	d6, [r3]
 202              		.loc 1 35 15
 203 007a 364B     		ldr	r3, .L14+36
 204 007c 93ED007B 		vldr.64	d7, [r3]
 205 0080 36EE072B 		vadd.f64	d2, d6, d7
 206              		.loc 1 35 144
 207 0084 314B     		ldr	r3, .L14+28
 208 0086 1B78     		ldrb	r3, [r3]	@ zero_extendqisi2
 209              		.loc 1 35 147
 210 0088 5B00     		lsls	r3, r3, #1
 211              		.loc 1 35 149
 212 008a 0133     		adds	r3, r3, #1
 213              		.loc 1 35 129
 214 008c 304A     		ldr	r2, .L14+32
 215 008e DB00     		lsls	r3, r3, #3
 216 0090 1344     		add	r3, r3, r2
 217 0092 93ED006B 		vldr.64	d6, [r3]
 218              		.loc 1 35 15
 219 0096 304B     		ldr	r3, .L14+40
 220 0098 93ED007B 		vldr.64	d7, [r3]
 221 009c 36EE077B 		vadd.f64	d7, d6, d7
 222 00a0 B0EE473B 		vmov.f64	d3, d7
 223 00a4 B0EE441B 		vmov.f64	d1, d4
 224 00a8 B0EE450B 		vmov.f64	d0, d5
 225 00ac FFF7FEFF 		bl	gnss_get_two_points_distance
 226 00b0 B0EE407B 		vmov.f64	d7, d0
 227              		.loc 1 35 14
 228 00b4 2A4B     		ldr	r3, .L14+48
 229 00b6 83ED007B 		vstr.64	d7, [r3]
  36:user_code/gps.c ****     error_gps_angle=yaw-gnss_angle;
 230              		.loc 1 36 24
 231 00ba 2A4B     		ldr	r3, .L14+52
 232 00bc D3ED007A 		vldr.32	s15, [r3]
 233 00c0 B7EEE76A 		vcvt.f64.f32	d6, s15
 234 00c4 254B     		ldr	r3, .L14+44
 235 00c6 93ED007B 		vldr.64	d7, [r3]
 236 00ca 36EE477B 		vsub.f64	d7, d6, d7
 237              		.loc 1 36 20
 238 00ce 264B     		ldr	r3, .L14+56
 239 00d0 83ED007B 		vstr.64	d7, [r3]
  37:user_code/gps.c ****       if(error_gps_angle>180)
 240              		.loc 1 37 25
 241 00d4 244B     		ldr	r3, .L14+56
 242 00d6 93ED007B 		vldr.64	d7, [r3]
 243              		.loc 1 37 9
 244 00da 9FED156B 		vldr.64	d6, .L14
 245 00de B4EEC67B 		vcmpe.f64	d7, d6
 246 00e2 F1EE10FA 		vmrs	APSR_nzcv, FPSCR
 247 00e6 09DD     		ble	.L7
  38:user_code/gps.c ****       {
  39:user_code/gps.c ****         error_gps_angle=error_gps_angle-360;
 248              		.loc 1 39 40
 249 00e8 1F4B     		ldr	r3, .L14+56
 250 00ea 93ED007B 		vldr.64	d7, [r3]
 251 00ee 9FED126B 		vldr.64	d6, .L14+8
 252 00f2 37EE467B 		vsub.f64	d7, d7, d6
 253              		.loc 1 39 24
 254 00f6 1C4B     		ldr	r3, .L14+56
 255 00f8 83ED007B 		vstr.64	d7, [r3]
 256              	.L7:
  40:user_code/gps.c ****       }
  41:user_code/gps.c ****       if(error_gps_angle<-180)
 257              		.loc 1 41 25
 258 00fc 1A4B     		ldr	r3, .L14+56
 259 00fe 93ED007B 		vldr.64	d7, [r3]
 260              		.loc 1 41 9
 261 0102 9FED0F6B 		vldr.64	d6, .L14+16
 262 0106 B4EEC67B 		vcmpe.f64	d7, d6
 263 010a F1EE10FA 		vmrs	APSR_nzcv, FPSCR
 264 010e 00D4     		bmi	.L12
  42:user_code/gps.c ****       {
  43:user_code/gps.c ****         error_gps_angle=error_gps_angle+360;
  44:user_code/gps.c ****       }
  45:user_code/gps.c **** }
 265              		.loc 1 45 1
 266 0110 09E0     		b	.L13
 267              	.L12:
  43:user_code/gps.c ****       }
 268              		.loc 1 43 40
 269 0112 154B     		ldr	r3, .L14+56
 270 0114 93ED007B 		vldr.64	d7, [r3]
 271 0118 9FED076B 		vldr.64	d6, .L14+8
 272 011c 37EE067B 		vadd.f64	d7, d7, d6
  43:user_code/gps.c ****       }
 273              		.loc 1 43 24
 274 0120 114B     		ldr	r3, .L14+56
 275 0122 83ED007B 		vstr.64	d7, [r3]
 276              	.L13:
 277              		.loc 1 45 1
 278 0126 00BF     		nop
 279 0128 08BD     		pop	{r3, pc}
 280              	.L15:
 281 012a 00BFAFF3 		.align	3
 281      0080
 282              	.L14:
 283 0130 00000000 		.word	0
 284 0134 00806640 		.word	1080459264
 285 0138 00000000 		.word	0
 286 013c 00807640 		.word	1081507840
 287 0140 00000000 		.word	0
 288 0144 008066C0 		.word	-1067024384
 289 0148 00000000 		.word	gnss_info
 290 014c 00000000 		.word	target_point1
 291 0150 00000000 		.word	point1
 292 0154 00000000 		.word	rectify_lat
 293 0158 00000000 		.word	rectify_long
 294 015c 00000000 		.word	gnss_angle
 295 0160 00000000 		.word	distance
 296 0164 00000000 		.word	yaw
 297 0168 00000000 		.word	error_gps_angle
 298              		.cfi_endproc
 299              	.LFE483:
 301              		.text
 302              	.Letext0:
 303              		.file 2 "c:\\stellarstudio-7.0\\sdks\\tools-1.4.0\\toolchain\\arm\\mingw64_nt\\10.3-2021.10\\arm-n
 304              		.file 3 "c:\\stellarstudio-7.0\\sdks\\tools-1.4.0\\toolchain\\arm\\mingw64_nt\\10.3-2021.10\\arm-n
 305              		.file 4 "libraries/zf_common/zf_common_typedef.h"
 306              		.file 5 "C:/StellarStudio-7.0/SDKS/StellarESDK-1.7.0/Modules/Platform/MCU/include/sr5e1/sr5e1xx.h"
 307              		.file 6 "libraries/zf_driver/zf_driver_gpio.h"
 308              		.file 7 "libraries/zf_driver/zf_driver_adc.h"
 309              		.file 8 "libraries/zf_driver/zf_driver_can.h"
 310              		.file 9 "libraries/zf_driver/zf_driver_encoder.h"
 311              		.file 10 "libraries/zf_driver/zf_driver_exti.h"
 312              		.file 11 "libraries/zf_driver/zf_driver_hrtim.h"
 313              		.file 12 "libraries/zf_driver/zf_driver_pwm.h"
 314              		.file 13 "libraries/zf_driver/zf_driver_spi.h"
 315              		.file 14 "libraries/zf_driver/zf_driver_uart.h"
 316              		.file 15 "libraries/zf_device/zf_device_imu_interface.h"
 317              		.file 16 "libraries/zf_device/zf_device_wireless_interface.h"
 318              		.file 17 "libraries/zf_device/zf_device_display_interface.h"
 319              		.file 18 "libraries/zf_device/zf_device_gnss.h"
 320              		.file 19 "user_code/isr.h"
 321              		.file 20 "user_code/key.h"
 322              		.file 21 "user_code/gps.h"
 323              		.file 22 "user_code/PID1.h"
 324              		.file 23 "user_code/my_flash.h"
 325              		.file 24 "user_code/imu963.h"
DEFINED SYMBOLS
                            *ABS*:00000000 gps.c
C:\Users\EVERYO~1\AppData\Local\Temp\cc54odC6.s:23     .bss.j:00000000 j
C:\Users\EVERYO~1\AppData\Local\Temp\cc54odC6.s:20     .bss.j:00000000 $d
C:\Users\EVERYO~1\AppData\Local\Temp\cc54odC6.s:29     .data.gps_index_last:00000000 gps_index_last
C:\Users\EVERYO~1\AppData\Local\Temp\cc54odC6.s:35     .bss.change_gps_index:00000000 change_gps_index
C:\Users\EVERYO~1\AppData\Local\Temp\cc54odC6.s:36     .bss.change_gps_index:00000000 $d
C:\Users\EVERYO~1\AppData\Local\Temp\cc54odC6.s:38     .text.gps_zero:00000000 $t
C:\Users\EVERYO~1\AppData\Local\Temp\cc54odC6.s:45     .text.gps_zero:00000000 gps_zero
C:\Users\EVERYO~1\AppData\Local\Temp\cc54odC6.s:119    .text.gps_zero:0000006c $d
C:\Users\EVERYO~1\AppData\Local\Temp\cc54odC6.s:127    .text.gps_angle1:00000000 $t
C:\Users\EVERYO~1\AppData\Local\Temp\cc54odC6.s:134    .text.gps_angle1:00000000 gps_angle1
C:\Users\EVERYO~1\AppData\Local\Temp\cc54odC6.s:283    .text.gps_angle1:00000130 $d
                           .group:00000000 wm4.0.1ea29c7543256e0887205fa7f8c557c8
                           .group:00000000 wm4._newlib_version.h.4.bfdf54b0af045d4a71376ae00f63a22c
                           .group:00000000 wm4.newlib.h.18.1c9fedb6b3cd797cff253cc0fd593ef2
                           .group:00000000 wm4.ieeefp.h.77.2bc94c1d1ed8b02df437510a04ac1e45
                           .group:00000000 wm4.features.h.22.026edb2397769f4ae13f35900dbdb560
                           .group:00000000 wm4.config.h.224.c701144a7b0518c6ee9b9b5465b79f81
                           .group:00000000 wm4._ansi.h.31.de524f58584151836e90d8620a16f8e8
                           .group:00000000 wm4.stdio.h.31.7c0e28c411445f3f9c5b11accf882760
                           .group:00000000 wm4._default_types.h.6.959254cf5f09734ea7516c89e8bb21bd
                           .group:00000000 wm4.stddef.h.181.c3f52a3b0f4c288bddb5dda1562858e2
                           .group:00000000 wm4.cdefs.h.49.a54b2d5c07711bc7320a3fea9f12cb56
                           .group:00000000 wm4.stddef.h.39.c161261b198ee3a963897077fd6fa59f
                           .group:00000000 wm4.stdarg.h.34.3a23a216c0c293b3d2ea2e89281481e6
                           .group:00000000 wm4._types.h.20.dd0d04dca3800a0d2a6129b87f3adbb2
                           .group:00000000 wm4.stddef.h.155.3588ebfdd1e8c7ede80509bb9c3b8009
                           .group:00000000 wm4._types.h.127.34941de1b2539d59d5cac00e0dd27a45
                           .group:00000000 wm4.reent.h.17.e292bf8b0bec6c96e131a54347145a30
                           .group:00000000 wm4.lock.h.2.1461d1fff82dffe8bfddc23307f6484f
                           .group:00000000 wm4.reent.h.77.dcd6129ff07fe81bd5636db29abe53b2
                           .group:00000000 wm4.types.h.40.8b6acba56cefbb11746718204edc8f5e
                           .group:00000000 wm4._stdint.h.10.c24fa3af3bc1706662bb5593a907e841
                           .group:00000000 wm4._endian.h.31.65a10590763c3dde1ac4a7f66d7d4891
                           .group:00000000 wm4.endian.h.9.49f3a4695c1b61e8a0808de3c4a106cb
                           .group:00000000 wm4._timeval.h.32.bec3221fa7a9bb0bdde696c9c57e47d2
                           .group:00000000 wm4.timespec.h.41.d855182eb0e690443ab8651bcedca6e1
                           .group:00000000 wm4.select.h.19.40cd3f2bfc456b193b790c2754690ebf
                           .group:00000000 wm4.types.h.51.5571ec98f267d17d3c670b7a3ba33afa
                           .group:00000000 wm4.sched.h.22.c60982713a5c428609783c78f9c78d95
                           .group:00000000 wm4._pthreadtypes.h.36.fcee9961c35163dde6267ef772ad1972
                           .group:00000000 wm4.stdio.h.2.4aa87247282eca6c8f36f9de33d8df1a
                           .group:00000000 wm4.stdio.h.81.932d0c162786b883f622b8d05c120c78
                           .group:00000000 wm4._intsup.h.10.48bafbb683905c4daa4565a85aeeb264
                           .group:00000000 wm4.stdint.h.23.d53047a68f4a85177f80b422d52785ed
                           .group:00000000 wm4.string.h.8.c4b8571ce60dff2817f43fec8b86aecd
                           .group:00000000 wm4.stddef.h.155.ba788add86a0e365f264484f110c3c29
                           .group:00000000 wm4.sr5e1xx.h.22.e5c808533cc52ed19fb0830cd7d98924
                           .group:00000000 wm4.cmsis_version.h.32.0f826810625204eca22a19868bdc7586
                           .group:00000000 wm4.core_cm7.h.66.8ab2de36917d6fcae18019067fda13e0
                           .group:00000000 wm4.cmsis_gcc.h.26.498d0ad17a45fc9ef20fdc01caf02259
                           .group:00000000 wm4.core_cm7.h.174.43edb295ecdaadad738f48ba6011ffad
                           .group:00000000 wm4.mpu_armv7.h.32.83326921a797fa9d6f70449916b4b839
                           .group:00000000 wm4.cachel1_armv7.h.32.abd77761a989e008b0c60891114a33c7
                           .group:00000000 wm4.SR5E1_ADC.h.14.21608e6aff125ba995dd767d6d8dc311
                           .group:00000000 wm4.SR5E1_CEM.h.14.01fe5742c8f1ae35b1f3af05932f702e
                           .group:00000000 wm4.SR5E1_CMU.h.14.2617b38b159abe38028862394531e06d
                           .group:00000000 wm4.SR5E1_COMP.h.14.4b6fdfe4f5f7fd9bedf3a99b98bdf4cd
                           .group:00000000 wm4.SR5E1_CORDIC.h.14.354fbf7c9eaf6963d38eaa25cf28ffe8
                           .group:00000000 wm4.SR5E1_CRC.h.14.c64d0f7767671ddb92e9ead0a1162100
                           .group:00000000 wm4.SR5E1_DAC.h.14.8c26a0ff04b0cfeb55306cc3f22187b8
                           .group:00000000 wm4.SR5E1_DBGMCU.h.14.427df893d53a8044654f017ba01c25ed
                           .group:00000000 wm4.SR5E1_DMA.h.14.a7f9a92f844b40a86965798c2e64240b
                           .group:00000000 wm4.SR5E1_DMAMUX.h.14.471b3b4dfd4d41515f1df49493698866
                           .group:00000000 wm4.SR5E1_EXTI.h.14.a325ea3fe89cd84894660551c33241ea
                           .group:00000000 wm4.SR5E1_FCCU.h.14.0ebf0f0f36e079d28613ad2c80e17e23
                           .group:00000000 wm4.SR5E1_FDCAN.h.14.ac57101fad5dbc798bfb93f34c899de7
                           .group:00000000 wm4.SR5E1_FLASH_REG_ITF.h.14.d23d1d44923f9b20b8c8fdb51d66aefd
                           .group:00000000 wm4.SR5E1_GPIO.h.14.1c84071e130d7c64b62470ab0e18a1f1
                           .group:00000000 wm4.SR5E1_HRTIM.h.24.03932387d2522e6bd5c772a4edaf2f5d
                           .group:00000000 wm4.SR5E1_HSEM.h.14.cbe70eee519f01b16452c3f8c99d8df1
                           .group:00000000 wm4.SR5E1_I2C.h.14.350ba3e0f4fd57828457efa80135c36c
                           .group:00000000 wm4.SR5E1_IMA.h.14.62b7088985ab2b7ce9b030a02daa1f7d
                           .group:00000000 wm4.SR5E1_IWDG.h.14.20b7c5f05cf7ae94464c360d7af3660d
                           .group:00000000 wm4.SR5E1_MEMU.h.14.04bad7ae4c52ce334a4fc900aad2ae5b
                           .group:00000000 wm4.SR5E1_NVM_CTRL.h.14.5f442617f0628d4f16258f211c614ef9
                           .group:00000000 wm4.SR5E1_PLLDIG.h.14.bd87a8e6917eee17dae2f312c8e5fa53
                           .group:00000000 wm4.SR5E1_PMC_DIG.h.14.54173b566c6656344766ec4ef46c9281
                           .group:00000000 wm4.SR5E1_RCC.h.14.56734803c71534de286e793a53649740
                           .group:00000000 wm4.SR5E1_RTC.h.14.47037cbc7d8175dbf2be1dc0bb955e3f
                           .group:00000000 wm4.SR5E1_SD_ADC.h.14.552b97d0b8f3c1fd4df6d8964b2f1a80
                           .group:00000000 wm4.SR5E1_SMPU.h.14.8ce5bb6d5d7c579cd725f492f46e9085
                           .group:00000000 wm4.SR5E1_SPI.h.14.42d52112e540f85ade4d9135f8b87d72
                           .group:00000000 wm4.SR5E1_SSCM.h.14.8e6a2ad0ce5fca422fc3d69939b6125b
                           .group:00000000 wm4.SR5E1_SYSCFG.h.14.02b969490118ce4069914b5e94f7ca65
                           .group:00000000 wm4.SR5E1_TDM.h.14.a40ed7928cad243a57fd233fccf01ad2
                           .group:00000000 wm4.SR5E1_TIM.h.14.f17572f4c16f3f152b8164ad25c34f5b
                           .group:00000000 wm4.SR5E1_UART.h.14.eec3ab82b02b3bdb3de500483675b83f
                           .group:00000000 wm4.SR5E1_WWDG.h.14.59b45efc70e442cc6ef03702aad4ad88
                           .group:00000000 wm4.stdbool.h.29.07dce69c3b78884144b7f7bd19483461
                           .group:00000000 wm4.typedefs.h.36.07fe3956b4e751037cfee70edcd0b397
                           .group:00000000 wm4.irq_numbers.h.38.6294b95aed1bf7b3a2cda0eed8ce8f57
                           .group:00000000 wm4.regs.h.23.2ac145b4f57126d16daed5fbd86d99c6
                           .group:00000000 wm4.stdarg.h.31.3fa7b8f6daaa31edd1696c08c77f2a73
                           .group:00000000 wm4.stdlib.h.13.4ed386f5c1a80d71e72172885d946ef2
                           .group:00000000 wm4.alloca.h.8.dfc0c703c47ec3e69746825b17d9e66d
                           .group:00000000 wm4.stdlib.h.56.f4862cfbf4363a1db01842d5bdf72c18
                           .group:00000000 wm4.zf_common_typedef.h.47.8c368673885c9d07221c267e15ab1069
                           .group:00000000 wm4.zf_common_debug.h.33.727e0094f4d79012e3b7f7400deabb35
                           .group:00000000 wm4.zf_common_fifo.h.33.e14e643902e26e4e65437b5b20e82793
                           .group:00000000 wm4.zf_common_function.h.33.02bbfb055e8ee322bc4f8b14ea195da2
                           .group:00000000 wm4.zf_common_memory.h.33.d43647290a4d62164ff2ec77cadb89d8
                           .group:00000000 wm4.saradc.h.25.e5a70aef9ec4fddf35f2b7cc0c9cf1bc
                           .group:00000000 wm4.gpio.h.25.d41a0c19fda8c2de42e666afb48ec15a
                           .group:00000000 wm4.zf_driver_gpio.h.65.5a4d2084c62fed7c22fdca02e748c198
                           .group:00000000 wm4.zf_driver_adc.h.64.349fb433626b42172b0e0fee038428ca
                           .group:00000000 wm4.can.h.25.3cfccb6c630ada4f656cab597e231e58
                           .group:00000000 wm4.dmamux.h.25.337aea179f6dbcc87c52aae26d38f76e
                           .group:00000000 wm4.clock_cfg.h.24.0aed3cee9ecce947225a304181294191
                           .group:00000000 wm4.clock.h.37.80236c5607fdd9eb9275e5111a4191c3
                           .group:00000000 wm4.irq.h.37.78714f25754c8b09d1428599101f6cc7
                           .group:00000000 wm4.dma.h.40.f77dd217a06ceba13a3cfdd4102a73c1
                           .group:00000000 wm4.zf_driver_can.h.67.fd10d2fa867eb54a54d4b57027d73a60
                           .group:00000000 wm4.tim.h.25.6e7ad96569e77a70a68b9b4cc59f54f2
                           .group:00000000 wm4.zf_driver_timer.h.33.8df253b6990d9861816977209fb11e90
                           .group:00000000 wm4.zf_driver_encoder.h.57.7e32999f25354fac086ca226b0c630d4
                           .group:00000000 wm4.exti.h.25.21597c35d9630b0985ce88d2c41f4ea4
                           .group:00000000 wm4.zf_driver_exti.h.59.1b02b8083e5295ef5baaf83905d59395
                           .group:00000000 wm4.ssd_types.h.29.b861f4e6d39d333f931bfc05b964cb1c
                           .group:00000000 wm4.ssd_C55.h.37.dad650468a97d71aff4dd65ca085590f
                           .group:00000000 wm4.zf_driver_flash.h.59.db93fe574c35ea9e79030063fbb35a13
                           .group:00000000 wm4.hrtim.h.25.1601aea9d4a0da1de8252dc444355251
                           .group:00000000 wm4.zf_driver_hrtim.h.64.cd8d2bf3bf1c471ea59d9c61e4a721d7
                           .group:00000000 wm4.zf_driver_interrupt.h.33.2c3660dcc36cb090bd75b8f180c14f27
                           .group:00000000 wm4.zf_driver_pit.h.33.834ac720a62e09d5603a9557331e9049
                           .group:00000000 wm4.zf_driver_pwm.h.33.7d80487064ca712231a453396685a551
                           .group:00000000 wm4.zf_driver_rcc.h.33.4c228cf40a79e1b974b30d5a9a3a77a7
                           .group:00000000 wm4.zf_driver_soft_iic.h.33.9067bd298084134f63c61c075f95fa2b
                           .group:00000000 wm4.zf_driver_soft_spi.h.33.a938287c023905d97cafe56e4be63674
                           .group:00000000 wm4.zf_driver_spi.h.62.950b1f52ed365034df2907601137b455
                           .group:00000000 wm4.zf_driver_system.h.33.370922a9681b47d575d2c83d302a180b
                           .group:00000000 wm4.zf_driver_uart.h.70.ffcf3694337ad0b4066179f1abd5d668
                           .group:00000000 wm4.zf_device_imu_interface.h.40.344a2c93b973b58cee305ff406fc3e84
                           .group:00000000 wm4.zf_device_imu660rb.h.37.b47c39afb47c89c2c82bd28e76457042
                           .group:00000000 wm4.zf_device_imu963ra.h.37.e773f164af6f72dd1b0b6c1242bf99b4
                           .group:00000000 wm4.zf_device_wireless_interface.h.40.da0a07f107014cb0888a26f281971a5b
                           .group:00000000 wm4.zf_device_display_interface.h.79.d8df25e52245efbd97fd6415c8db0a72
                           .group:00000000 wm4.zf_device_ips200.h.37.957fc5e8b291701a6f6b47207b045b77
                           .group:00000000 wm4.math.h.13.b6595ad277a643a6127e1a4515a98f91
                           .group:00000000 wm4.zf_device_gnss.h.66.39fe53860d2d190725612db126de8287
                           .group:00000000 wm4.zf_device_key.h.45.b12f9096d8cc68f085b8fe9fe5b730db
                           .group:00000000 wm4.zf_device_uart_receiver.h.43.9ac9496dcaa4780ef86d21fa439379b4
                           .group:00000000 wm4.imu963.h.9.0357a407ee5eca150c2da77b8ad374e8
                           .group:00000000 wm4.Defined.h.8.ba118efb82db5b67af1e2437e5b3cf85
                           .group:00000000 wm4.gps.h.16.e415e513692cd3052ed0c0f0fe95f318
                           .group:00000000 wm4.PID1.h.9.1cc3485a8cc0a8a64a4519addeb351e8
                           .group:00000000 wm4.my_flash.h.9.82a1ad4360117b2f54268b11aa8680a3

UNDEFINED SYMBOLS
point1
gps_index_save
gnss_get_two_points_azimuth
gnss_get_two_points_distance
gnss_info
target_point1
rectify_lat
rectify_long
gnss_angle
distance
yaw
error_gps_angle
