   1              		.cpu cortex-m7
   2              		.arch armv7e-m
   3              		.fpu fpv5-d16
   4              		.eabi_attribute 28, 1
   5              		.eabi_attribute 20, 1
   6              		.eabi_attribute 21, 1
   7              		.eabi_attribute 23, 3
   8              		.eabi_attribute 24, 1
   9              		.eabi_attribute 25, 1
  10              		.eabi_attribute 26, 1
  11              		.eabi_attribute 30, 6
  12              		.eabi_attribute 34, 1
  13              		.eabi_attribute 18, 4
  14              		.file	"PID1.c"
  15              		.text
  16              	.Ltext0:
  17              		.cfi_sections	.debug_frame
  18              		.global	distance
  19              		.section	.bss.distance,"aw",%nobits
  20              		.align	3
  23              	distance:
  24 0000 00000000 		.space	8
  24      00000000 
  25              		.global	KP
  26              		.section	.data.KP,"aw"
  27              		.align	2
  30              	KP:
  31 0000 713D8A3F 		.word	1066024305
  32              		.global	KI
  33              		.section	.bss.KI,"aw",%nobits
  34              		.align	2
  37              	KI:
  38 0000 00000000 		.space	4
  39              		.global	KD
  40              		.section	.data.KD,"aw"
  41              		.align	2
  44              	KD:
  45 0000 CDCC4C3E 		.word	1045220557
  46              		.global	Kp_SPEED
  47              		.section	.data.Kp_SPEED,"aw"
  48              		.align	2
  51              	Kp_SPEED:
  52 0000 0000A040 		.word	1084227584
  53              		.global	Ki_SPEED
  54              		.section	.data.Ki_SPEED,"aw"
  55              		.align	2
  58              	Ki_SPEED:
  59 0000 00002041 		.word	1092616192
  60              		.global	Kd_SPEED
  61              		.section	.data.Kd_SPEED,"aw"
  62              		.align	2
  65              	Kd_SPEED:
  66 0000 CDCCCC3E 		.word	1053609165
  67              		.global	prev_error
  68              		.section	.bss.prev_error,"aw",%nobits
  69              		.align	1
  72              	prev_error:
  73 0000 0000     		.space	2
  74              		.global	prev2_error
  75              		.section	.bss.prev2_error,"aw",%nobits
  76              		.align	1
  79              	prev2_error:
  80 0000 0000     		.space	2
  81              		.global	out_increment
  82              		.section	.bss.out_increment,"aw",%nobits
  83              		.align	1
  86              	out_increment:
  87 0000 0000     		.space	2
  88              		.global	out
  89              		.section	.bss.out,"aw",%nobits
  90              		.align	1
  93              	out:
  94 0000 0000     		.space	2
  95              		.global	speed_get
  96              		.section	.bss.speed_get,"aw",%nobits
  97              		.align	1
 100              	speed_get:
 101 0000 0000     		.space	2
 102              		.global	output
 103              		.section	.bss.output,"aw",%nobits
 104              		.align	1
 107              	output:
 108 0000 0000     		.space	2
 109              		.global	output_last
 110              		.section	.bss.output_last,"aw",%nobits
 111              		.align	1
 114              	output_last:
 115 0000 0000     		.space	2
 116              		.global	speed_far
 117              		.section	.data.speed_far,"aw"
 118              		.align	1
 121              	speed_far:
 122 0000 D007     		.short	2000
 123              		.global	speed_mid
 124              		.section	.data.speed_mid,"aw"
 125              		.align	1
 128              	speed_mid:
 129 0000 5802     		.short	600
 130              		.global	speed_close
 131              		.section	.data.speed_close,"aw"
 132              		.align	1
 135              	speed_close:
 136 0000 5802     		.short	600
 137              		.global	speed_turn
 138              		.section	.data.speed_turn,"aw"
 139              		.align	1
 142              	speed_turn:
 143 0000 E803     		.short	1000
 144              		.global	yaw_45en
 145              		.section	.bss.yaw_45en,"aw",%nobits
 148              	yaw_45en:
 149 0000 00       		.space	1
 150              		.global	imu_turn_dir
 151              		.section	.bss.imu_turn_dir,"aw",%nobits
 154              	imu_turn_dir:
 155 0000 00       		.space	1
 156              		.global	turn_round_flag
 157              		.section	.bss.turn_round_flag,"aw",%nobits
 160              	turn_round_flag:
 161 0000 00       		.space	1
 162              		.global	ctrl_flag
 163              		.section	.data.ctrl_flag,"aw"
 166              	ctrl_flag:
 167 0000 01       		.byte	1
 168              		.global	ctrl_en
 169              		.section	.data.ctrl_en,"aw"
 172              	ctrl_en:
 173 0000 01       		.byte	1
 174              		.global	gps_index1
 175              		.section	.bss.gps_index1,"aw",%nobits
 178              	gps_index1:
 179 0000 00       		.space	1
 180              		.global	gps_index2
 181              		.section	.bss.gps_index2,"aw",%nobits
 184              	gps_index2:
 185 0000 00       		.space	1
 186              		.global	gps_index3
 187              		.section	.bss.gps_index3,"aw",%nobits
 190              	gps_index3:
 191 0000 00       		.space	1
 192              		.global	pile_num
 193              		.section	.data.pile_num,"aw"
 196              	pile_num:
 197 0000 04       		.byte	4
 198              		.global	pile_cnt
 199              		.section	.data.pile_cnt,"aw"
 202              	pile_cnt:
 203 0000 01       		.byte	1
 204              		.global	err_last
 205              		.section	.bss.err_last,"aw",%nobits
 206              		.align	2
 209              	err_last:
 210 0000 00000000 		.space	4
 211              		.global	err_last_last
 212              		.section	.bss.err_last_last,"aw",%nobits
 213              		.align	2
 216              	err_last_last:
 217 0000 00000000 		.space	4
 218              		.global	err_all
 219              		.section	.bss.err_all,"aw",%nobits
 220              		.align	2
 223              	err_all:
 224 0000 00000000 		.space	4
 225              		.global	yaw_Overall
 226              		.section	.bss.yaw_Overall,"aw",%nobits
 227              		.align	2
 230              	yaw_Overall:
 231 0000 00000000 		.space	4
 232              		.global	yaw_turn
 233              		.section	.bss.yaw_turn,"aw",%nobits
 234              		.align	2
 237              	yaw_turn:
 238 0000 00000000 		.space	4
 239              		.global	pile_dis
 240              		.section	.data.pile_dis,"aw"
 241              		.align	2
 244              	pile_dis:
 245 0000 00000040 		.word	1073741824
 246              		.global	car_pile_dis
 247              		.section	.data.car_pile_dis,"aw"
 248              		.align	2
 251              	car_pile_dis:
 252 0000 0000803F 		.word	1065353216
 253              		.global	direct_run_dis
 254              		.section	.bss.direct_run_dis,"aw",%nobits
 255              		.align	2
 258              	direct_run_dis:
 259 0000 00000000 		.space	4
 260              		.global	speed_target
 261              		.section	.bss.speed_target,"aw",%nobits
 262              		.align	2
 265              	speed_target:
 266 0000 00000000 		.space	4
 267              		.global	add_angle
 268              		.section	.bss.add_angle,"aw",%nobits
 269              		.align	3
 272              	add_angle:
 273 0000 00000000 		.space	8
 273      00000000 
 274              		.global	paramenter
 275              		.section	.data.paramenter,"aw"
 276              		.align	2
 279              	paramenter:
 280 0000 00007041 		.word	1097859072
 281 0004 00000000 		.word	0
 282 0008 0000003F 		.word	1056964608
 283 000c 0000C040 		.word	1086324736
 284 0010 00000000 		.word	0
 285 0014 00000000 		.word	0
 286 0018 00000000 		.space	16
 286      00000000 
 286      00000000 
 286      00000000 
 287              		.global	max_speed
 288              		.section	.data.max_speed,"aw"
 289              		.align	2
 292              	max_speed:
 293 0000 00008C42 		.word	1116471296
 294              		.global	min_speed
 295              		.section	.data.min_speed,"aw"
 296              		.align	2
 299              	min_speed:
 300 0000 0000F041 		.word	1106247680
 301              		.section	.text.PID_speed11,"ax",%progbits
 302              		.align	1
 303              		.p2align 4,,15
 304              		.global	PID_speed11
 305              		.syntax unified
 306              		.thumb
 307              		.thumb_func
 309              	PID_speed11:
 310              	.LFB482:
 311              		.file 1 "user_code/PID1.c"
   1:user_code/PID1.c **** #include "zf_libraries_headfile.h"
   2:user_code/PID1.c **** /*
   3:user_code/PID1.c ****  * pid.c
   4:user_code/PID1.c ****  *
   5:user_code/PID1.c ****  *  Created on: 2025年1月9日
   6:user_code/PID1.c ****  *      Author: ever.youthful
   7:user_code/PID1.c ****  */
   8:user_code/PID1.c **** 
   9:user_code/PID1.c **** 
  10:user_code/PID1.c **** 
  11:user_code/PID1.c **** double distance;
  12:user_code/PID1.c **** 
  13:user_code/PID1.c ****   float KP=1.08f;
  14:user_code/PID1.c **** float KI=0.0f;
  15:user_code/PID1.c **** float KD=0.2f;
  16:user_code/PID1.c **** 
  17:user_code/PID1.c ****     float Kp_SPEED = 5.0f;           // 比例系数
  18:user_code/PID1.c ****     float Ki_SPEED = 10.0f;           // 积分系数
  19:user_code/PID1.c ****     float Kd_SPEED = 0.4f;           // 微分系数
  20:user_code/PID1.c ****     int16_t prev_error; // 上次误差 e(k-1)
  21:user_code/PID1.c ****     int16_t prev2_error;// 上上次误差 e(k-2)
  22:user_code/PID1.c **** 
  23:user_code/PID1.c **** 
  24:user_code/PID1.c **** int16 out_increment =0,out=0,speed_get=0,output,output_last;
  25:user_code/PID1.c **** int16 speed_far=2000,speed_mid=600,speed_close=600,speed_turn=1000;//mid2000,close1700
  26:user_code/PID1.c **** int8 yaw_45en,imu_turn_dir,turn_round_flag;//0右转，1左转
  27:user_code/PID1.c **** uint8 ctrl_flag=1,ctrl_en=1,gps_index1,gps_index2,gps_index3,pile_num=4,pile_cnt=1;
  28:user_code/PID1.c **** float err_last=0,err_last_last=0,err_all = 0,yaw_Overall,yaw_turn,pile_dis=2,car_pile_dis=1,direct_
  29:user_code/PID1.c **** double add_angle;
  30:user_code/PID1.c **** float paramenter[10]={15,0.0,0.5,6,0.0,0};
  31:user_code/PID1.c **** float max_speed = 70;
  32:user_code/PID1.c **** float min_speed =30;
  33:user_code/PID1.c **** #define min_stop_dis   3
  34:user_code/PID1.c **** void PID_speed11( int16 target,int16 feedback)//速度环
  35:user_code/PID1.c **** {
 312              		.loc 1 35 1
 313              		.cfi_startproc
 314              		@ args = 0, pretend = 0, frame = 16
 315              		@ frame_needed = 0, uses_anonymous_args = 0
 316 0000 00B5     		push	{lr}
 317              		.cfi_def_cfa_offset 4
 318              		.cfi_offset 14, -4
 319 0002 85B0     		sub	sp, sp, #20
 320              		.cfi_def_cfa_offset 24
 321 0004 0346     		mov	r3, r0
 322 0006 0A46     		mov	r2, r1
 323 0008 ADF80630 		strh	r3, [sp, #6]	@ movhi
 324 000c 1346     		mov	r3, r2	@ movhi
 325 000e ADF80430 		strh	r3, [sp, #4]	@ movhi
  36:user_code/PID1.c ****     // 计算当前误差
  37:user_code/PID1.c ****     int16 current_error = target - feedback;
 326              		.loc 1 37 34
 327 0012 BDF80620 		ldrh	r2, [sp, #6]
 328 0016 BDF80430 		ldrh	r3, [sp, #4]
 329 001a D31A     		subs	r3, r2, r3
 330 001c 9BB2     		uxth	r3, r3
 331              		.loc 1 37 11
 332 001e ADF80E30 		strh	r3, [sp, #14]	@ movhi
  38:user_code/PID1.c **** 
  39:user_code/PID1.c ****     // 计算增量项（Δu = Kp*(e(k)-e(k-1)) + Ki*e(k) + Kd*(e(k)-2e(k-1)+e(k-2))）
  40:user_code/PID1.c ****     float delta = Kp_SPEED * (current_error - prev_error)
 333              		.loc 1 40 45
 334 0022 BDF90E30 		ldrsh	r3, [sp, #14]
 335 0026 414A     		ldr	r2, .L7
 336 0028 B2F90020 		ldrsh	r2, [r2]
 337 002c 9B1A     		subs	r3, r3, r2
 338              		.loc 1 40 28
 339 002e 07EE903A 		vmov	s15, r3	@ int
 340 0032 B8EEE77A 		vcvt.f32.s32	s14, s15
 341 0036 3E4B     		ldr	r3, .L7+4
 342 0038 D3ED007A 		vldr.32	s15, [r3]
 343 003c 27EE277A 		vmul.f32	s14, s14, s15
  41:user_code/PID1.c ****                 + Ki_SPEED * current_error
 344              		.loc 1 41 28
 345 0040 BDF90E30 		ldrsh	r3, [sp, #14]
 346 0044 07EE903A 		vmov	s15, r3	@ int
 347 0048 F8EEE76A 		vcvt.f32.s32	s13, s15
 348 004c 394B     		ldr	r3, .L7+8
 349 004e D3ED007A 		vldr.32	s15, [r3]
 350 0052 66EEA77A 		vmul.f32	s15, s13, s15
 351              		.loc 1 41 17
 352 0056 37EE277A 		vadd.f32	s14, s14, s15
  42:user_code/PID1.c ****                 + Kd_SPEED * (current_error - 2 * prev_error + prev2_error);
 353              		.loc 1 42 45
 354 005a BDF90E20 		ldrsh	r2, [sp, #14]
 355              		.loc 1 42 49
 356 005e 334B     		ldr	r3, .L7
 357 0060 B3F90030 		ldrsh	r3, [r3]
 358 0064 5B00     		lsls	r3, r3, #1
 359              		.loc 1 42 45
 360 0066 D31A     		subs	r3, r2, r3
 361              		.loc 1 42 62
 362 0068 334A     		ldr	r2, .L7+12
 363 006a B2F90020 		ldrsh	r2, [r2]
 364 006e 1344     		add	r3, r3, r2
 365              		.loc 1 42 28
 366 0070 07EE903A 		vmov	s15, r3	@ int
 367 0074 F8EEE76A 		vcvt.f32.s32	s13, s15
 368 0078 304B     		ldr	r3, .L7+16
 369 007a D3ED007A 		vldr.32	s15, [r3]
 370 007e 66EEA77A 		vmul.f32	s15, s13, s15
  40:user_code/PID1.c ****                 + Ki_SPEED * current_error
 371              		.loc 1 40 11
 372 0082 77EE277A 		vadd.f32	s15, s14, s15
 373 0086 CDED027A 		vstr.32	s15, [sp, #8]
  43:user_code/PID1.c **** 
  44:user_code/PID1.c ****     // 输出限幅（防止积分饱和）
  45:user_code/PID1.c ****     output += delta;
 374              		.loc 1 45 12
 375 008a 2D4B     		ldr	r3, .L7+20
 376 008c B3F90030 		ldrsh	r3, [r3]
 377 0090 07EE903A 		vmov	s15, r3	@ int
 378 0094 B8EEE77A 		vcvt.f32.s32	s14, s15
 379 0098 DDED027A 		vldr.32	s15, [sp, #8]
 380 009c 77EE277A 		vadd.f32	s15, s14, s15
 381 00a0 FDEEE77A 		vcvt.s32.f32	s15, s15
 382 00a4 17EE903A 		vmov	r3, s15	@ int
 383 00a8 1AB2     		sxth	r2, r3
 384 00aa 254B     		ldr	r3, .L7+20
 385 00ac 1A80     		strh	r2, [r3]	@ movhi
  46:user_code/PID1.c ****     //output_last = output + 500;
  47:user_code/PID1.c ****     if (output > max_output) output = max_output;
 386              		.loc 1 47 16
 387 00ae 244B     		ldr	r3, .L7+20
 388 00b0 B3F90030 		ldrsh	r3, [r3]
 389              		.loc 1 47 8
 390 00b4 41F69022 		movw	r2, #6800
 391 00b8 9342     		cmp	r3, r2
 392 00ba 03DD     		ble	.L2
 393              		.loc 1 47 37 discriminator 1
 394 00bc 204B     		ldr	r3, .L7+20
 395 00be 41F69022 		movw	r2, #6800
 396 00c2 1A80     		strh	r2, [r3]	@ movhi
 397              	.L2:
  48:user_code/PID1.c ****     if (output < -max_output) output = -max_output;
 398              		.loc 1 48 16
 399 00c4 1E4B     		ldr	r3, .L7+20
 400 00c6 B3F90030 		ldrsh	r3, [r3]
 401              		.loc 1 48 8
 402 00ca 1E4A     		ldr	r2, .L7+24
 403 00cc 9342     		cmp	r3, r2
 404 00ce 03DA     		bge	.L3
 405              		.loc 1 48 38 discriminator 1
 406 00d0 1B4B     		ldr	r3, .L7+20
 407 00d2 4EF27052 		movw	r2, #58736
 408 00d6 1A80     		strh	r2, [r3]	@ movhi
 409              	.L3:
  49:user_code/PID1.c **** 
  50:user_code/PID1.c ****     // 更新误差历史
  51:user_code/PID1.c ****    prev2_error = prev_error;
 410              		.loc 1 51 16
 411 00d8 144B     		ldr	r3, .L7
 412 00da B3F90020 		ldrsh	r2, [r3]
 413 00de 164B     		ldr	r3, .L7+12
 414 00e0 1A80     		strh	r2, [r3]	@ movhi
  52:user_code/PID1.c ****    prev_error = current_error;
 415              		.loc 1 52 15
 416 00e2 124A     		ldr	r2, .L7
 417 00e4 BDF80E30 		ldrh	r3, [sp, #14]	@ movhi
 418 00e8 1380     		strh	r3, [r2]	@ movhi
  53:user_code/PID1.c **** 
  54:user_code/PID1.c ****    if(output>=0)
 419              		.loc 1 54 13
 420 00ea 154B     		ldr	r3, .L7+20
 421 00ec B3F90030 		ldrsh	r3, [r3]
 422              		.loc 1 54 6
 423 00f0 002B     		cmp	r3, #0
 424 00f2 0BDB     		blt	.L4
  55:user_code/PID1.c ****     {
  56:user_code/PID1.c ****        zf_gpio_set_level(BLDC_AI,1);
 425              		.loc 1 56 8
 426 00f4 0121     		movs	r1, #1
 427 00f6 6E20     		movs	r0, #110
 428 00f8 FFF7FEFF 		bl	zf_gpio_set_level
  57:user_code/PID1.c ****        zf_pwm_set_duty(BLDC_AP, output);
 429              		.loc 1 57 8
 430 00fc 104B     		ldr	r3, .L7+20
 431 00fe B3F90030 		ldrsh	r3, [r3]
 432 0102 1946     		mov	r1, r3
 433 0104 1048     		ldr	r0, .L7+28
 434 0106 FFF7FEFF 		bl	zf_pwm_set_duty
  58:user_code/PID1.c ****     }
  59:user_code/PID1.c ****     else
  60:user_code/PID1.c ****     {
  61:user_code/PID1.c ****         zf_gpio_set_level(BLDC_AI, 0);
  62:user_code/PID1.c ****         zf_pwm_set_duty(BLDC_AP, -output);
  63:user_code/PID1.c **** 
  64:user_code/PID1.c ****     }
  65:user_code/PID1.c **** }
 435              		.loc 1 65 1
 436 010a 0BE0     		b	.L6
 437              	.L4:
  61:user_code/PID1.c ****         zf_pwm_set_duty(BLDC_AP, -output);
 438              		.loc 1 61 9
 439 010c 0021     		movs	r1, #0
 440 010e 6E20     		movs	r0, #110
 441 0110 FFF7FEFF 		bl	zf_gpio_set_level
  62:user_code/PID1.c **** 
 442              		.loc 1 62 34
 443 0114 0A4B     		ldr	r3, .L7+20
 444 0116 B3F90030 		ldrsh	r3, [r3]
 445 011a 5B42     		rsbs	r3, r3, #0
  62:user_code/PID1.c **** 
 446              		.loc 1 62 9
 447 011c 1946     		mov	r1, r3
 448 011e 0A48     		ldr	r0, .L7+28
 449 0120 FFF7FEFF 		bl	zf_pwm_set_duty
 450              	.L6:
 451              		.loc 1 65 1
 452 0124 00BF     		nop
 453 0126 05B0     		add	sp, sp, #20
 454              		.cfi_def_cfa_offset 4
 455              		@ sp needed
 456 0128 5DF804FB 		ldr	pc, [sp], #4
 457              	.L8:
 458              		.align	2
 459              	.L7:
 460 012c 00000000 		.word	prev_error
 461 0130 00000000 		.word	Kp_SPEED
 462 0134 00000000 		.word	Ki_SPEED
 463 0138 00000000 		.word	prev2_error
 464 013c 00000000 		.word	Kd_SPEED
 465 0140 00000000 		.word	output
 466 0144 70E5FFFF 		.word	-6800
 467 0148 84200400 		.word	270468
 468              		.cfi_endproc
 469              	.LFE482:
 471              		.global	stop_dis
 472              		.section	.data.stop_dis,"aw"
 473              		.align	2
 476              	stop_dis:
 477 0000 00002040 		.word	1075838976
 478              		.section	.text.dianji2,"ax",%progbits
 479              		.align	1
 480              		.p2align 4,,15
 481              		.global	dianji2
 482              		.syntax unified
 483              		.thumb
 484              		.thumb_func
 486              	dianji2:
 487              	.LFB483:
  66:user_code/PID1.c **** 
  67:user_code/PID1.c **** 
  68:user_code/PID1.c **** float stop_dis=2.5;
  69:user_code/PID1.c **** void dianji2(void)
  70:user_code/PID1.c **** {
 488              		.loc 1 70 1
 489              		.cfi_startproc
 490              		@ args = 0, pretend = 0, frame = 0
 491              		@ frame_needed = 0, uses_anonymous_args = 0
 492 0000 08B5     		push	{r3, lr}
 493              		.cfi_def_cfa_offset 8
 494              		.cfi_offset 3, -8
 495              		.cfi_offset 14, -4
  71:user_code/PID1.c **** 
  72:user_code/PID1.c ****     if(fabs(error_gps_angle)>20) speed_target=min_speed; //;pwm_out=1000
 496              		.loc 1 72 8
 497 0002 254B     		ldr	r3, .L21
 498 0004 93ED007B 		vldr.64	d7, [r3]
 499 0008 B0EEC77B 		vabs.f64	d7, d7
 500              		.loc 1 72 7
 501 000c B3EE046B 		vmov.f64	d6, #2.0e+1
 502 0010 B4EEC67B 		vcmpe.f64	d7, d6
 503 0014 F1EE10FA 		vmrs	APSR_nzcv, FPSCR
 504 0018 04DD     		ble	.L19
 505              		.loc 1 72 46 discriminator 1
 506 001a 204B     		ldr	r3, .L21+4
 507 001c 1B68     		ldr	r3, [r3]	@ float
 508 001e 204A     		ldr	r2, .L21+8
 509 0020 1360     		str	r3, [r2]	@ float
 510 0022 22E0     		b	.L12
 511              	.L19:
  73:user_code/PID1.c ****     else  if(distance<=stop_dis)
 512              		.loc 1 73 22
 513 0024 1F4B     		ldr	r3, .L21+12
 514 0026 D3ED007A 		vldr.32	s15, [r3]
 515 002a B7EEE76A 		vcvt.f64.f32	d6, s15
 516 002e 1E4B     		ldr	r3, .L21+16
 517 0030 93ED007B 		vldr.64	d7, [r3]
 518              		.loc 1 73 13
 519 0034 B4EEC76B 		vcmpe.f64	d6, d7
 520 0038 F1EE10FA 		vmrs	APSR_nzcv, FPSCR
 521 003c 04DB     		blt	.L20
  74:user_code/PID1.c ****             {
  75:user_code/PID1.c ****         speed_target=min_speed;
 522              		.loc 1 75 21
 523 003e 174B     		ldr	r3, .L21+4
 524 0040 1B68     		ldr	r3, [r3]	@ float
 525 0042 174A     		ldr	r2, .L21+8
 526 0044 1360     		str	r3, [r2]	@ float
 527 0046 10E0     		b	.L12
 528              	.L20:
  76:user_code/PID1.c ****             }
  77:user_code/PID1.c ****         else if(distance>stop_dis)
 529              		.loc 1 77 25
 530 0048 164B     		ldr	r3, .L21+12
 531 004a D3ED007A 		vldr.32	s15, [r3]
 532 004e B7EEE76A 		vcvt.f64.f32	d6, s15
 533 0052 154B     		ldr	r3, .L21+16
 534 0054 93ED007B 		vldr.64	d7, [r3]
 535              		.loc 1 77 16
 536 0058 B4EEC76B 		vcmpe.f64	d6, d7
 537 005c F1EE10FA 		vmrs	APSR_nzcv, FPSCR
 538 0060 03D5     		bpl	.L12
  78:user_code/PID1.c ****         {
  79:user_code/PID1.c ****             speed_target=max_speed;
 539              		.loc 1 79 25
 540 0062 124B     		ldr	r3, .L21+20
 541 0064 1B68     		ldr	r3, [r3]	@ float
 542 0066 0E4A     		ldr	r2, .L21+8
 543 0068 1360     		str	r3, [r2]	@ float
 544              	.L12:
  80:user_code/PID1.c ****             //pwm_out=3500;
  81:user_code/PID1.c ****         }
  82:user_code/PID1.c **** 
  83:user_code/PID1.c ****     PID_speed11(speed_target, encoder_rpm);
 545              		.loc 1 83 5
 546 006a 0D4B     		ldr	r3, .L21+8
 547 006c D3ED007A 		vldr.32	s15, [r3]
 548 0070 FDEEE77A 		vcvt.s32.f32	s15, s15
 549 0074 17EE903A 		vmov	r3, s15	@ int
 550 0078 1BB2     		sxth	r3, r3
 551 007a 0D4A     		ldr	r2, .L21+24
 552 007c D2ED007A 		vldr.32	s15, [r2]
 553 0080 FDEEE77A 		vcvt.s32.f32	s15, s15
 554 0084 17EE902A 		vmov	r2, s15	@ int
 555 0088 12B2     		sxth	r2, r2
 556 008a 1146     		mov	r1, r2
 557 008c 1846     		mov	r0, r3
 558 008e FFF7FEFF 		bl	PID_speed11
  84:user_code/PID1.c **** 
  85:user_code/PID1.c **** }
 559              		.loc 1 85 1
 560 0092 00BF     		nop
 561 0094 08BD     		pop	{r3, pc}
 562              	.L22:
 563 0096 00BF     		.align	2
 564              	.L21:
 565 0098 00000000 		.word	error_gps_angle
 566 009c 00000000 		.word	min_speed
 567 00a0 00000000 		.word	speed_target
 568 00a4 00000000 		.word	stop_dis
 569 00a8 00000000 		.word	distance
 570 00ac 00000000 		.word	max_speed
 571 00b0 00000000 		.word	encoder_rpm
 572              		.cfi_endproc
 573              	.LFE483:
 575              		.section	.text.speed_up,"ax",%progbits
 576              		.align	1
 577              		.p2align 4,,15
 578              		.global	speed_up
 579              		.syntax unified
 580              		.thumb
 581              		.thumb_func
 583              	speed_up:
 584              	.LFB484:
  86:user_code/PID1.c **** 
  87:user_code/PID1.c **** 
  88:user_code/PID1.c **** 
  89:user_code/PID1.c **** 
  90:user_code/PID1.c **** void speed_up(uint max_speed)
  91:user_code/PID1.c **** {
 585              		.loc 1 91 1
 586              		.cfi_startproc
 587              		@ args = 0, pretend = 0, frame = 8
 588              		@ frame_needed = 0, uses_anonymous_args = 0
 589              		@ link register save eliminated.
 590 0000 82B0     		sub	sp, sp, #8
 591              		.cfi_def_cfa_offset 8
 592 0002 0190     		str	r0, [sp, #4]
  92:user_code/PID1.c ****      if(encoder_rpm<20)   speed_target=30;
 593              		.loc 1 92 20
 594 0004 3C4B     		ldr	r3, .L55
 595 0006 D3ED007A 		vldr.32	s15, [r3]
 596              		.loc 1 92 8
 597 000a B3EE047A 		vmov.f32	s14, #2.0e+1
 598 000e F4EEC77A 		vcmpe.f32	s15, s14
 599 0012 F1EE10FA 		vmrs	APSR_nzcv, FPSCR
 600 0016 03D5     		bpl	.L48
 601              		.loc 1 92 39 discriminator 1
 602 0018 384B     		ldr	r3, .L55+4
 603 001a 394A     		ldr	r2, .L55+8
 604 001c 1A60     		str	r2, [r3]	@ float
 605 001e 52E0     		b	.L26
 606              	.L48:
  93:user_code/PID1.c ****     else if(encoder_rpm<30)   speed_target=40;
 607              		.loc 1 93 24
 608 0020 354B     		ldr	r3, .L55
 609 0022 D3ED007A 		vldr.32	s15, [r3]
 610              		.loc 1 93 12
 611 0026 B3EE0E7A 		vmov.f32	s14, #3.0e+1
 612 002a F4EEC77A 		vcmpe.f32	s15, s14
 613 002e F1EE10FA 		vmrs	APSR_nzcv, FPSCR
 614 0032 03D5     		bpl	.L49
 615              		.loc 1 93 43 discriminator 1
 616 0034 314B     		ldr	r3, .L55+4
 617 0036 334A     		ldr	r2, .L55+12
 618 0038 1A60     		str	r2, [r3]	@ float
 619 003a 44E0     		b	.L26
 620              	.L49:
  94:user_code/PID1.c ****     else if(encoder_rpm<40)   speed_target=50;
 621              		.loc 1 94 24
 622 003c 2E4B     		ldr	r3, .L55
 623 003e D3ED007A 		vldr.32	s15, [r3]
 624              		.loc 1 94 12
 625 0042 9FED317A 		vldr.32	s14, .L55+16
 626 0046 F4EEC77A 		vcmpe.f32	s15, s14
 627 004a F1EE10FA 		vmrs	APSR_nzcv, FPSCR
 628 004e 03D5     		bpl	.L50
 629              		.loc 1 94 43 discriminator 1
 630 0050 2A4B     		ldr	r3, .L55+4
 631 0052 2E4A     		ldr	r2, .L55+20
 632 0054 1A60     		str	r2, [r3]	@ float
 633 0056 36E0     		b	.L26
 634              	.L50:
  95:user_code/PID1.c ****     else if(encoder_rpm<50)   speed_target=60;
 635              		.loc 1 95 24
 636 0058 274B     		ldr	r3, .L55
 637 005a D3ED007A 		vldr.32	s15, [r3]
 638              		.loc 1 95 12
 639 005e 9FED2C7A 		vldr.32	s14, .L55+24
 640 0062 F4EEC77A 		vcmpe.f32	s15, s14
 641 0066 F1EE10FA 		vmrs	APSR_nzcv, FPSCR
 642 006a 03D5     		bpl	.L51
 643              		.loc 1 95 43 discriminator 1
 644 006c 234B     		ldr	r3, .L55+4
 645 006e 294A     		ldr	r2, .L55+28
 646 0070 1A60     		str	r2, [r3]	@ float
 647 0072 28E0     		b	.L26
 648              	.L51:
  96:user_code/PID1.c ****     else if(encoder_rpm<60)   speed_target=70;
 649              		.loc 1 96 24
 650 0074 204B     		ldr	r3, .L55
 651 0076 D3ED007A 		vldr.32	s15, [r3]
 652              		.loc 1 96 12
 653 007a 9FED277A 		vldr.32	s14, .L55+32
 654 007e F4EEC77A 		vcmpe.f32	s15, s14
 655 0082 F1EE10FA 		vmrs	APSR_nzcv, FPSCR
 656 0086 03D5     		bpl	.L52
 657              		.loc 1 96 43 discriminator 1
 658 0088 1C4B     		ldr	r3, .L55+4
 659 008a 244A     		ldr	r2, .L55+36
 660 008c 1A60     		str	r2, [r3]	@ float
 661 008e 1AE0     		b	.L26
 662              	.L52:
  97:user_code/PID1.c ****     else if(encoder_rpm<70)   speed_target=80;
 663              		.loc 1 97 24
 664 0090 194B     		ldr	r3, .L55
 665 0092 D3ED007A 		vldr.32	s15, [r3]
 666              		.loc 1 97 12
 667 0096 9FED227A 		vldr.32	s14, .L55+40
 668 009a F4EEC77A 		vcmpe.f32	s15, s14
 669 009e F1EE10FA 		vmrs	APSR_nzcv, FPSCR
 670 00a2 03D5     		bpl	.L53
 671              		.loc 1 97 43 discriminator 1
 672 00a4 154B     		ldr	r3, .L55+4
 673 00a6 1F4A     		ldr	r2, .L55+44
 674 00a8 1A60     		str	r2, [r3]	@ float
 675 00aa 0CE0     		b	.L26
 676              	.L53:
  98:user_code/PID1.c ****     else if(encoder_rpm<80)   speed_target=90;
 677              		.loc 1 98 24
 678 00ac 124B     		ldr	r3, .L55
 679 00ae D3ED007A 		vldr.32	s15, [r3]
 680              		.loc 1 98 12
 681 00b2 9FED1D7A 		vldr.32	s14, .L55+48
 682 00b6 F4EEC77A 		vcmpe.f32	s15, s14
 683 00ba F1EE10FA 		vmrs	APSR_nzcv, FPSCR
 684 00be 02D5     		bpl	.L26
 685              		.loc 1 98 43 discriminator 1
 686 00c0 0E4B     		ldr	r3, .L55+4
 687 00c2 1A4A     		ldr	r2, .L55+52
 688 00c4 1A60     		str	r2, [r3]	@ float
 689              	.L26:
  99:user_code/PID1.c ****     if(speed_target>max_speed)   speed_target=max_speed;
 690              		.loc 1 99 20
 691 00c6 019B     		ldr	r3, [sp, #4]
 692 00c8 07EE903A 		vmov	s15, r3	@ int
 693 00cc B8EE677A 		vcvt.f32.u32	s14, s15
 694 00d0 0A4B     		ldr	r3, .L55+4
 695 00d2 D3ED007A 		vldr.32	s15, [r3]
 696              		.loc 1 99 7
 697 00d6 B4EEE77A 		vcmpe.f32	s14, s15
 698 00da F1EE10FA 		vmrs	APSR_nzcv, FPSCR
 699 00de 00D4     		bmi	.L47
 100:user_code/PID1.c **** 
 101:user_code/PID1.c **** 
 102:user_code/PID1.c **** }
 700              		.loc 1 102 1
 701 00e0 07E0     		b	.L54
 702              	.L47:
  99:user_code/PID1.c ****     if(speed_target>max_speed)   speed_target=max_speed;
 703              		.loc 1 99 46 discriminator 1
 704 00e2 019B     		ldr	r3, [sp, #4]
 705 00e4 07EE903A 		vmov	s15, r3	@ int
 706 00e8 F8EE677A 		vcvt.f32.u32	s15, s15
 707 00ec 034B     		ldr	r3, .L55+4
 708 00ee C3ED007A 		vstr.32	s15, [r3]
 709              	.L54:
 710              		.loc 1 102 1
 711 00f2 00BF     		nop
 712 00f4 02B0     		add	sp, sp, #8
 713              		.cfi_def_cfa_offset 0
 714              		@ sp needed
 715 00f6 7047     		bx	lr
 716              	.L56:
 717              		.align	2
 718              	.L55:
 719 00f8 00000000 		.word	encoder_rpm
 720 00fc 00000000 		.word	speed_target
 721 0100 0000F041 		.word	1106247680
 722 0104 00002042 		.word	1109393408
 723 0108 00002042 		.word	1109393408
 724 010c 00004842 		.word	1112014848
 725 0110 00004842 		.word	1112014848
 726 0114 00007042 		.word	1114636288
 727 0118 00007042 		.word	1114636288
 728 011c 00008C42 		.word	1116471296
 729 0120 00008C42 		.word	1116471296
 730 0124 0000A042 		.word	1117782016
 731 0128 0000A042 		.word	1117782016
 732 012c 0000B442 		.word	1119092736
 733              		.cfi_endproc
 734              	.LFE484:
 736              		.section	.text.servo_ctrl,"ax",%progbits
 737              		.align	1
 738              		.p2align 4,,15
 739              		.global	servo_ctrl
 740              		.syntax unified
 741              		.thumb
 742              		.thumb_func
 744              	servo_ctrl:
 745              	.LFB485:
 103:user_code/PID1.c **** 
 104:user_code/PID1.c **** 
 105:user_code/PID1.c **** 
 106:user_code/PID1.c **** void servo_ctrl(double err)//负数右打，正数左打，转向环
 107:user_code/PID1.c **** {
 746              		.loc 1 107 1
 747              		.cfi_startproc
 748              		@ args = 0, pretend = 0, frame = 24
 749              		@ frame_needed = 0, uses_anonymous_args = 0
 750 0000 00B5     		push	{lr}
 751              		.cfi_def_cfa_offset 4
 752              		.cfi_offset 14, -4
 753 0002 87B0     		sub	sp, sp, #28
 754              		.cfi_def_cfa_offset 32
 755 0004 8DED000B 		vstr.64	d0, [sp]
 108:user_code/PID1.c **** 
 109:user_code/PID1.c ****     double integral = 0;
 756              		.loc 1 109 12
 757 0008 4FF00002 		mov	r2, #0
 758 000c 4FF00003 		mov	r3, #0
 759 0010 CDE90223 		strd	r2, [sp, #8]
 110:user_code/PID1.c ****     int output_val;
 111:user_code/PID1.c **** 
 112:user_code/PID1.c ****     if(err>5||err<-5)
 760              		.loc 1 112 7
 761 0014 9DED007B 		vldr.64	d7, [sp]
 762 0018 B1EE046B 		vmov.f64	d6, #5.0e+0
 763 001c B4EEC67B 		vcmpe.f64	d7, d6
 764 0020 F1EE10FA 		vmrs	APSR_nzcv, FPSCR
 765 0024 08DC     		bgt	.L58
 766              		.loc 1 112 13 discriminator 1
 767 0026 9DED007B 		vldr.64	d7, [sp]
 768 002a B9EE046B 		vmov.f64	d6, #-5.0e+0
 769 002e B4EEC67B 		vcmpe.f64	d7, d6
 770 0032 F1EE10FA 		vmrs	APSR_nzcv, FPSCR
 771 0036 09D5     		bpl	.L64
 772              	.L58:
 113:user_code/PID1.c ****     {
 114:user_code/PID1.c ****         KP=40.0f;
 773              		.loc 1 114 11
 774 0038 374B     		ldr	r3, .L65+8
 775 003a 384A     		ldr	r2, .L65+12
 776 003c 1A60     		str	r2, [r3]	@ float
 115:user_code/PID1.c ****         KI=0.1f;
 777              		.loc 1 115 11
 778 003e 384B     		ldr	r3, .L65+16
 779 0040 384A     		ldr	r2, .L65+20
 780 0042 1A60     		str	r2, [r3]	@ float
 116:user_code/PID1.c ****         KD=0.05f;
 781              		.loc 1 116 11
 782 0044 384B     		ldr	r3, .L65+24
 783 0046 394A     		ldr	r2, .L65+28
 784 0048 1A60     		str	r2, [r3]	@ float
 785 004a 08E0     		b	.L61
 786              	.L64:
 117:user_code/PID1.c ****     }
 118:user_code/PID1.c ****     else
 119:user_code/PID1.c ****     {
 120:user_code/PID1.c ****         KP=13.0f;
 787              		.loc 1 120 11
 788 004c 324B     		ldr	r3, .L65+8
 789 004e 384A     		ldr	r2, .L65+32
 790 0050 1A60     		str	r2, [r3]	@ float
 121:user_code/PID1.c ****         KI=0.15f;
 791              		.loc 1 121 11
 792 0052 334B     		ldr	r3, .L65+16
 793 0054 374A     		ldr	r2, .L65+36
 794 0056 1A60     		str	r2, [r3]	@ float
 122:user_code/PID1.c ****         KD=0.05f;
 795              		.loc 1 122 11
 796 0058 334B     		ldr	r3, .L65+24
 797 005a 344A     		ldr	r2, .L65+28
 798 005c 1A60     		str	r2, [r3]	@ float
 799              	.L61:
 123:user_code/PID1.c ****     }
 124:user_code/PID1.c ****     /*积分项*/
 125:user_code/PID1.c ****     integral += err;                //误差累积
 800              		.loc 1 125 14
 801 005e 9DED026B 		vldr.64	d6, [sp, #8]
 802 0062 9DED007B 		vldr.64	d7, [sp]
 803 0066 36EE077B 		vadd.f64	d7, d6, d7
 804 006a 8DED027B 		vstr.64	d7, [sp, #8]
 126:user_code/PID1.c ****     /*PID算法实现*/
 127:user_code/PID1.c ****     output_val = KP * err +KI * integral + KD * (err - err_last)+servo_mid; //位置式
 805              		.loc 1 127 21
 806 006e 2A4B     		ldr	r3, .L65+8
 807 0070 D3ED007A 		vldr.32	s15, [r3]
 808 0074 B7EEE76A 		vcvt.f64.f32	d6, s15
 809 0078 9DED007B 		vldr.64	d7, [sp]
 810 007c 26EE076B 		vmul.f64	d6, d6, d7
 811              		.loc 1 127 31
 812 0080 274B     		ldr	r3, .L65+16
 813 0082 D3ED007A 		vldr.32	s15, [r3]
 814 0086 B7EEE75A 		vcvt.f64.f32	d5, s15
 815 008a 9DED027B 		vldr.64	d7, [sp, #8]
 816 008e 25EE077B 		vmul.f64	d7, d5, d7
 817              		.loc 1 127 27
 818 0092 36EE076B 		vadd.f64	d6, d6, d7
 819              		.loc 1 127 47
 820 0096 244B     		ldr	r3, .L65+24
 821 0098 D3ED007A 		vldr.32	s15, [r3]
 822 009c B7EEE75A 		vcvt.f64.f32	d5, s15
 823              		.loc 1 127 54
 824 00a0 254B     		ldr	r3, .L65+40
 825 00a2 D3ED007A 		vldr.32	s15, [r3]
 826 00a6 B7EEE77A 		vcvt.f64.f32	d7, s15
 827 00aa 9DED004B 		vldr.64	d4, [sp]
 828 00ae 34EE477B 		vsub.f64	d7, d4, d7
 829              		.loc 1 127 47
 830 00b2 25EE077B 		vmul.f64	d7, d5, d7
 831              		.loc 1 127 42
 832 00b6 36EE077B 		vadd.f64	d7, d6, d7
 833              		.loc 1 127 65
 834 00ba 9FED156B 		vldr.64	d6, .L65
 835 00be 37EE067B 		vadd.f64	d7, d7, d6
 836              		.loc 1 127 16
 837 00c2 FDEEC77B 		vcvt.s32.f64	s15, d7
 838 00c6 17EE903A 		vmov	r3, s15	@ int
 839 00ca 0593     		str	r3, [sp, #20]
 128:user_code/PID1.c ****     /*误差传递*/
 129:user_code/PID1.c ****     err_last = err;
 840              		.loc 1 129 14
 841 00cc 9DED007B 		vldr.64	d7, [sp]
 842 00d0 F7EEC77B 		vcvt.f32.f64	s15, d7
 843 00d4 184B     		ldr	r3, .L65+40
 844 00d6 C3ED007A 		vstr.32	s15, [r3]
 130:user_code/PID1.c ****     if(output_val<servo_mid-servo_max)
 845              		.loc 1 130 7
 846 00da 059B     		ldr	r3, [sp, #20]
 847 00dc B3F5756F 		cmp	r3, #3920
 848 00e0 02DA     		bge	.L62
 131:user_code/PID1.c ****         output_val = servo_mid-servo_max;
 849              		.loc 1 131 20
 850 00e2 4FF47563 		mov	r3, #3920
 851 00e6 0593     		str	r3, [sp, #20]
 852              	.L62:
 132:user_code/PID1.c ****     if(output_val>servo_mid+servo_max)
 853              		.loc 1 132 7
 854 00e8 059B     		ldr	r3, [sp, #20]
 855 00ea 41F21852 		movw	r2, #5400
 856 00ee 9342     		cmp	r3, r2
 857 00f0 02DD     		ble	.L63
 133:user_code/PID1.c ****         output_val = servo_mid+servo_max;
 858              		.loc 1 133 20
 859 00f2 41F21853 		movw	r3, #5400
 860 00f6 0593     		str	r3, [sp, #20]
 861              	.L63:
 134:user_code/PID1.c ****     zf_pwm_set_duty(SERVO_MOTOR_PWM,output_val);
 862              		.loc 1 134 5
 863 00f8 059B     		ldr	r3, [sp, #20]
 864 00fa 1946     		mov	r1, r3
 865 00fc 0F48     		ldr	r0, .L65+44
 866 00fe FFF7FEFF 		bl	zf_pwm_set_duty
 135:user_code/PID1.c **** }
 867              		.loc 1 135 1
 868 0102 00BF     		nop
 869 0104 07B0     		add	sp, sp, #28
 870              		.cfi_def_cfa_offset 4
 871              		@ sp needed
 872 0106 5DF804FB 		ldr	pc, [sp], #4
 873              	.L66:
 874 010a 00BFAFF3 		.align	3
 874      0080
 875              	.L65:
 876 0110 00000000 		.word	0
 877 0114 0034B240 		.word	1085420544
 878 0118 00000000 		.word	KP
 879 011c 00002042 		.word	1109393408
 880 0120 00000000 		.word	KI
 881 0124 CDCCCC3D 		.word	1036831949
 882 0128 00000000 		.word	KD
 883 012c CDCC4C3D 		.word	1028443341
 884 0130 00005041 		.word	1095761920
 885 0134 9A99193E 		.word	1041865114
 886 0138 00000000 		.word	err_last
 887 013c 00410100 		.word	82176
 888              		.cfi_endproc
 889              	.LFE485:
 891              		.section	.text.speed_judge,"ax",%progbits
 892              		.align	1
 893              		.p2align 4,,15
 894              		.global	speed_judge
 895              		.syntax unified
 896              		.thumb
 897              		.thumb_func
 899              	speed_judge:
 900              	.LFB486:
 136:user_code/PID1.c **** 
 137:user_code/PID1.c **** 
 138:user_code/PID1.c **** 
 139:user_code/PID1.c **** void speed_judge(float dis)
 140:user_code/PID1.c **** {
 901              		.loc 1 140 1
 902              		.cfi_startproc
 903              		@ args = 0, pretend = 0, frame = 8
 904              		@ frame_needed = 0, uses_anonymous_args = 0
 905              		@ link register save eliminated.
 906 0000 82B0     		sub	sp, sp, #8
 907              		.cfi_def_cfa_offset 8
 908 0002 8DED010A 		vstr.32	s0, [sp, #4]
 141:user_code/PID1.c **** 	  if(dis<4)
 909              		.loc 1 141 6
 910 0006 DDED017A 		vldr.32	s15, [sp, #4]
 911 000a B1EE007A 		vmov.f32	s14, #4.0e+0
 912 000e F4EEC77A 		vcmpe.f32	s15, s14
 913 0012 F1EE10FA 		vmrs	APSR_nzcv, FPSCR
 914 0016 07D5     		bpl	.L78
 142:user_code/PID1.c **** 	    {
 143:user_code/PID1.c **** 	        stop_dis=2;
 915              		.loc 1 143 18
 916 0018 184B     		ldr	r3, .L82
 917 001a 4FF08042 		mov	r2, #1073741824
 918 001e 1A60     		str	r2, [r3]	@ float
 144:user_code/PID1.c **** 	        max_speed=50;
 919              		.loc 1 144 19
 920 0020 174B     		ldr	r3, .L82+4
 921 0022 184A     		ldr	r2, .L82+8
 922 0024 1A60     		str	r2, [r3]	@ float
 145:user_code/PID1.c **** 	    }
 146:user_code/PID1.c **** 	 else if(dis<6)
 147:user_code/PID1.c ****     {
 148:user_code/PID1.c ****         stop_dis=2.5;
 149:user_code/PID1.c ****         max_speed=70;
 150:user_code/PID1.c ****     }
 151:user_code/PID1.c ****     else if(dis<8)
 152:user_code/PID1.c ****     {
 153:user_code/PID1.c ****         stop_dis=2.5;
 154:user_code/PID1.c ****         max_speed=70;
 155:user_code/PID1.c ****     }
 156:user_code/PID1.c ****     else
 157:user_code/PID1.c ****     {
 158:user_code/PID1.c ****         stop_dis=3;
 159:user_code/PID1.c ****         max_speed=80;
 160:user_code/PID1.c ****     }
 161:user_code/PID1.c **** }
 923              		.loc 1 161 1
 924 0026 25E0     		b	.L81
 925              	.L78:
 146:user_code/PID1.c ****     {
 926              		.loc 1 146 10
 927 0028 DDED017A 		vldr.32	s15, [sp, #4]
 928 002c B1EE087A 		vmov.f32	s14, #6.0e+0
 929 0030 F4EEC77A 		vcmpe.f32	s15, s14
 930 0034 F1EE10FA 		vmrs	APSR_nzcv, FPSCR
 931 0038 06D5     		bpl	.L79
 148:user_code/PID1.c ****         max_speed=70;
 932              		.loc 1 148 17
 933 003a 104B     		ldr	r3, .L82
 934 003c 124A     		ldr	r2, .L82+12
 935 003e 1A60     		str	r2, [r3]	@ float
 149:user_code/PID1.c ****     }
 936              		.loc 1 149 18
 937 0040 0F4B     		ldr	r3, .L82+4
 938 0042 124A     		ldr	r2, .L82+16
 939 0044 1A60     		str	r2, [r3]	@ float
 940              		.loc 1 161 1
 941 0046 15E0     		b	.L81
 942              	.L79:
 151:user_code/PID1.c ****     {
 943              		.loc 1 151 12
 944 0048 DDED017A 		vldr.32	s15, [sp, #4]
 945 004c B2EE007A 		vmov.f32	s14, #8.0e+0
 946 0050 F4EEC77A 		vcmpe.f32	s15, s14
 947 0054 F1EE10FA 		vmrs	APSR_nzcv, FPSCR
 948 0058 06D5     		bpl	.L80
 153:user_code/PID1.c ****         max_speed=70;
 949              		.loc 1 153 17
 950 005a 084B     		ldr	r3, .L82
 951 005c 0A4A     		ldr	r2, .L82+12
 952 005e 1A60     		str	r2, [r3]	@ float
 154:user_code/PID1.c ****     }
 953              		.loc 1 154 18
 954 0060 074B     		ldr	r3, .L82+4
 955 0062 0A4A     		ldr	r2, .L82+16
 956 0064 1A60     		str	r2, [r3]	@ float
 957              		.loc 1 161 1
 958 0066 05E0     		b	.L81
 959              	.L80:
 158:user_code/PID1.c ****         max_speed=80;
 960              		.loc 1 158 17
 961 0068 044B     		ldr	r3, .L82
 962 006a 094A     		ldr	r2, .L82+20
 963 006c 1A60     		str	r2, [r3]	@ float
 159:user_code/PID1.c ****     }
 964              		.loc 1 159 18
 965 006e 044B     		ldr	r3, .L82+4
 966 0070 084A     		ldr	r2, .L82+24
 967 0072 1A60     		str	r2, [r3]	@ float
 968              	.L81:
 969              		.loc 1 161 1
 970 0074 00BF     		nop
 971 0076 02B0     		add	sp, sp, #8
 972              		.cfi_def_cfa_offset 0
 973              		@ sp needed
 974 0078 7047     		bx	lr
 975              	.L83:
 976 007a 00BF     		.align	2
 977              	.L82:
 978 007c 00000000 		.word	stop_dis
 979 0080 00000000 		.word	max_speed
 980 0084 00004842 		.word	1112014848
 981 0088 00002040 		.word	1075838976
 982 008c 00008C42 		.word	1116471296
 983 0090 00004040 		.word	1077936128
 984 0094 0000A042 		.word	1117782016
 985              		.cfi_endproc
 986              	.LFE486:
 988              		.text
 989              	.Letext0:
 990              		.file 2 "c:\\stellarstudio-7.0\\sdks\\tools-1.4.0\\toolchain\\arm\\mingw64_nt\\10.3-2021.10\\arm-n
 991              		.file 3 "c:\\stellarstudio-7.0\\sdks\\tools-1.4.0\\toolchain\\arm\\mingw64_nt\\10.3-2021.10\\arm-n
 992              		.file 4 "c:\\stellarstudio-7.0\\sdks\\tools-1.4.0\\toolchain\\arm\\mingw64_nt\\10.3-2021.10\\arm-n
 993              		.file 5 "libraries/zf_common/zf_common_typedef.h"
 994              		.file 6 "C:/StellarStudio-7.0/SDKS/StellarESDK-1.7.0/Modules/Platform/MCU/include/sr5e1/sr5e1xx.h"
 995              		.file 7 "libraries/zf_driver/zf_driver_gpio.h"
 996              		.file 8 "libraries/zf_driver/zf_driver_adc.h"
 997              		.file 9 "libraries/zf_driver/zf_driver_can.h"
 998              		.file 10 "libraries/zf_driver/zf_driver_encoder.h"
 999              		.file 11 "libraries/zf_driver/zf_driver_exti.h"
 1000              		.file 12 "libraries/zf_driver/zf_driver_hrtim.h"
 1001              		.file 13 "libraries/zf_driver/zf_driver_pwm.h"
 1002              		.file 14 "libraries/zf_driver/zf_driver_spi.h"
 1003              		.file 15 "libraries/zf_driver/zf_driver_uart.h"
 1004              		.file 16 "libraries/zf_device/zf_device_imu_interface.h"
 1005              		.file 17 "libraries/zf_device/zf_device_wireless_interface.h"
 1006              		.file 18 "libraries/zf_device/zf_device_display_interface.h"
 1007              		.file 19 "user_code/isr.h"
 1008              		.file 20 "user_code/PID1.h"
DEFINED SYMBOLS
                            *ABS*:00000000 PID1.c
C:\Users\EVERYO~1\AppData\Local\Temp\cchTdNU9.s:23     .bss.distance:00000000 distance
C:\Users\EVERYO~1\AppData\Local\Temp\cchTdNU9.s:20     .bss.distance:00000000 $d
C:\Users\EVERYO~1\AppData\Local\Temp\cchTdNU9.s:30     .data.KP:00000000 KP
C:\Users\EVERYO~1\AppData\Local\Temp\cchTdNU9.s:27     .data.KP:00000000 $d
C:\Users\EVERYO~1\AppData\Local\Temp\cchTdNU9.s:37     .bss.KI:00000000 KI
C:\Users\EVERYO~1\AppData\Local\Temp\cchTdNU9.s:34     .bss.KI:00000000 $d
C:\Users\EVERYO~1\AppData\Local\Temp\cchTdNU9.s:44     .data.KD:00000000 KD
C:\Users\EVERYO~1\AppData\Local\Temp\cchTdNU9.s:41     .data.KD:00000000 $d
C:\Users\EVERYO~1\AppData\Local\Temp\cchTdNU9.s:51     .data.Kp_SPEED:00000000 Kp_SPEED
C:\Users\EVERYO~1\AppData\Local\Temp\cchTdNU9.s:48     .data.Kp_SPEED:00000000 $d
C:\Users\EVERYO~1\AppData\Local\Temp\cchTdNU9.s:58     .data.Ki_SPEED:00000000 Ki_SPEED
C:\Users\EVERYO~1\AppData\Local\Temp\cchTdNU9.s:55     .data.Ki_SPEED:00000000 $d
C:\Users\EVERYO~1\AppData\Local\Temp\cchTdNU9.s:65     .data.Kd_SPEED:00000000 Kd_SPEED
C:\Users\EVERYO~1\AppData\Local\Temp\cchTdNU9.s:62     .data.Kd_SPEED:00000000 $d
C:\Users\EVERYO~1\AppData\Local\Temp\cchTdNU9.s:72     .bss.prev_error:00000000 prev_error
C:\Users\EVERYO~1\AppData\Local\Temp\cchTdNU9.s:69     .bss.prev_error:00000000 $d
C:\Users\EVERYO~1\AppData\Local\Temp\cchTdNU9.s:79     .bss.prev2_error:00000000 prev2_error
C:\Users\EVERYO~1\AppData\Local\Temp\cchTdNU9.s:76     .bss.prev2_error:00000000 $d
C:\Users\EVERYO~1\AppData\Local\Temp\cchTdNU9.s:86     .bss.out_increment:00000000 out_increment
C:\Users\EVERYO~1\AppData\Local\Temp\cchTdNU9.s:83     .bss.out_increment:00000000 $d
C:\Users\EVERYO~1\AppData\Local\Temp\cchTdNU9.s:93     .bss.out:00000000 out
C:\Users\EVERYO~1\AppData\Local\Temp\cchTdNU9.s:90     .bss.out:00000000 $d
C:\Users\EVERYO~1\AppData\Local\Temp\cchTdNU9.s:100    .bss.speed_get:00000000 speed_get
C:\Users\EVERYO~1\AppData\Local\Temp\cchTdNU9.s:97     .bss.speed_get:00000000 $d
C:\Users\EVERYO~1\AppData\Local\Temp\cchTdNU9.s:107    .bss.output:00000000 output
C:\Users\EVERYO~1\AppData\Local\Temp\cchTdNU9.s:104    .bss.output:00000000 $d
C:\Users\EVERYO~1\AppData\Local\Temp\cchTdNU9.s:114    .bss.output_last:00000000 output_last
C:\Users\EVERYO~1\AppData\Local\Temp\cchTdNU9.s:111    .bss.output_last:00000000 $d
C:\Users\EVERYO~1\AppData\Local\Temp\cchTdNU9.s:121    .data.speed_far:00000000 speed_far
C:\Users\EVERYO~1\AppData\Local\Temp\cchTdNU9.s:118    .data.speed_far:00000000 $d
C:\Users\EVERYO~1\AppData\Local\Temp\cchTdNU9.s:128    .data.speed_mid:00000000 speed_mid
C:\Users\EVERYO~1\AppData\Local\Temp\cchTdNU9.s:125    .data.speed_mid:00000000 $d
C:\Users\EVERYO~1\AppData\Local\Temp\cchTdNU9.s:135    .data.speed_close:00000000 speed_close
C:\Users\EVERYO~1\AppData\Local\Temp\cchTdNU9.s:132    .data.speed_close:00000000 $d
C:\Users\EVERYO~1\AppData\Local\Temp\cchTdNU9.s:142    .data.speed_turn:00000000 speed_turn
C:\Users\EVERYO~1\AppData\Local\Temp\cchTdNU9.s:139    .data.speed_turn:00000000 $d
C:\Users\EVERYO~1\AppData\Local\Temp\cchTdNU9.s:148    .bss.yaw_45en:00000000 yaw_45en
C:\Users\EVERYO~1\AppData\Local\Temp\cchTdNU9.s:149    .bss.yaw_45en:00000000 $d
C:\Users\EVERYO~1\AppData\Local\Temp\cchTdNU9.s:154    .bss.imu_turn_dir:00000000 imu_turn_dir
C:\Users\EVERYO~1\AppData\Local\Temp\cchTdNU9.s:155    .bss.imu_turn_dir:00000000 $d
C:\Users\EVERYO~1\AppData\Local\Temp\cchTdNU9.s:160    .bss.turn_round_flag:00000000 turn_round_flag
C:\Users\EVERYO~1\AppData\Local\Temp\cchTdNU9.s:161    .bss.turn_round_flag:00000000 $d
C:\Users\EVERYO~1\AppData\Local\Temp\cchTdNU9.s:166    .data.ctrl_flag:00000000 ctrl_flag
C:\Users\EVERYO~1\AppData\Local\Temp\cchTdNU9.s:172    .data.ctrl_en:00000000 ctrl_en
C:\Users\EVERYO~1\AppData\Local\Temp\cchTdNU9.s:178    .bss.gps_index1:00000000 gps_index1
C:\Users\EVERYO~1\AppData\Local\Temp\cchTdNU9.s:179    .bss.gps_index1:00000000 $d
C:\Users\EVERYO~1\AppData\Local\Temp\cchTdNU9.s:184    .bss.gps_index2:00000000 gps_index2
C:\Users\EVERYO~1\AppData\Local\Temp\cchTdNU9.s:185    .bss.gps_index2:00000000 $d
C:\Users\EVERYO~1\AppData\Local\Temp\cchTdNU9.s:190    .bss.gps_index3:00000000 gps_index3
C:\Users\EVERYO~1\AppData\Local\Temp\cchTdNU9.s:191    .bss.gps_index3:00000000 $d
C:\Users\EVERYO~1\AppData\Local\Temp\cchTdNU9.s:196    .data.pile_num:00000000 pile_num
C:\Users\EVERYO~1\AppData\Local\Temp\cchTdNU9.s:202    .data.pile_cnt:00000000 pile_cnt
C:\Users\EVERYO~1\AppData\Local\Temp\cchTdNU9.s:209    .bss.err_last:00000000 err_last
C:\Users\EVERYO~1\AppData\Local\Temp\cchTdNU9.s:206    .bss.err_last:00000000 $d
C:\Users\EVERYO~1\AppData\Local\Temp\cchTdNU9.s:216    .bss.err_last_last:00000000 err_last_last
C:\Users\EVERYO~1\AppData\Local\Temp\cchTdNU9.s:213    .bss.err_last_last:00000000 $d
C:\Users\EVERYO~1\AppData\Local\Temp\cchTdNU9.s:223    .bss.err_all:00000000 err_all
C:\Users\EVERYO~1\AppData\Local\Temp\cchTdNU9.s:220    .bss.err_all:00000000 $d
C:\Users\EVERYO~1\AppData\Local\Temp\cchTdNU9.s:230    .bss.yaw_Overall:00000000 yaw_Overall
C:\Users\EVERYO~1\AppData\Local\Temp\cchTdNU9.s:227    .bss.yaw_Overall:00000000 $d
C:\Users\EVERYO~1\AppData\Local\Temp\cchTdNU9.s:237    .bss.yaw_turn:00000000 yaw_turn
C:\Users\EVERYO~1\AppData\Local\Temp\cchTdNU9.s:234    .bss.yaw_turn:00000000 $d
C:\Users\EVERYO~1\AppData\Local\Temp\cchTdNU9.s:244    .data.pile_dis:00000000 pile_dis
C:\Users\EVERYO~1\AppData\Local\Temp\cchTdNU9.s:241    .data.pile_dis:00000000 $d
C:\Users\EVERYO~1\AppData\Local\Temp\cchTdNU9.s:251    .data.car_pile_dis:00000000 car_pile_dis
C:\Users\EVERYO~1\AppData\Local\Temp\cchTdNU9.s:248    .data.car_pile_dis:00000000 $d
C:\Users\EVERYO~1\AppData\Local\Temp\cchTdNU9.s:258    .bss.direct_run_dis:00000000 direct_run_dis
C:\Users\EVERYO~1\AppData\Local\Temp\cchTdNU9.s:255    .bss.direct_run_dis:00000000 $d
C:\Users\EVERYO~1\AppData\Local\Temp\cchTdNU9.s:265    .bss.speed_target:00000000 speed_target
C:\Users\EVERYO~1\AppData\Local\Temp\cchTdNU9.s:262    .bss.speed_target:00000000 $d
C:\Users\EVERYO~1\AppData\Local\Temp\cchTdNU9.s:272    .bss.add_angle:00000000 add_angle
C:\Users\EVERYO~1\AppData\Local\Temp\cchTdNU9.s:269    .bss.add_angle:00000000 $d
C:\Users\EVERYO~1\AppData\Local\Temp\cchTdNU9.s:279    .data.paramenter:00000000 paramenter
C:\Users\EVERYO~1\AppData\Local\Temp\cchTdNU9.s:276    .data.paramenter:00000000 $d
C:\Users\EVERYO~1\AppData\Local\Temp\cchTdNU9.s:292    .data.max_speed:00000000 max_speed
C:\Users\EVERYO~1\AppData\Local\Temp\cchTdNU9.s:289    .data.max_speed:00000000 $d
C:\Users\EVERYO~1\AppData\Local\Temp\cchTdNU9.s:299    .data.min_speed:00000000 min_speed
C:\Users\EVERYO~1\AppData\Local\Temp\cchTdNU9.s:296    .data.min_speed:00000000 $d
C:\Users\EVERYO~1\AppData\Local\Temp\cchTdNU9.s:302    .text.PID_speed11:00000000 $t
C:\Users\EVERYO~1\AppData\Local\Temp\cchTdNU9.s:309    .text.PID_speed11:00000000 PID_speed11
C:\Users\EVERYO~1\AppData\Local\Temp\cchTdNU9.s:460    .text.PID_speed11:0000012c $d
C:\Users\EVERYO~1\AppData\Local\Temp\cchTdNU9.s:476    .data.stop_dis:00000000 stop_dis
C:\Users\EVERYO~1\AppData\Local\Temp\cchTdNU9.s:473    .data.stop_dis:00000000 $d
C:\Users\EVERYO~1\AppData\Local\Temp\cchTdNU9.s:479    .text.dianji2:00000000 $t
C:\Users\EVERYO~1\AppData\Local\Temp\cchTdNU9.s:486    .text.dianji2:00000000 dianji2
C:\Users\EVERYO~1\AppData\Local\Temp\cchTdNU9.s:565    .text.dianji2:00000098 $d
C:\Users\EVERYO~1\AppData\Local\Temp\cchTdNU9.s:576    .text.speed_up:00000000 $t
C:\Users\EVERYO~1\AppData\Local\Temp\cchTdNU9.s:583    .text.speed_up:00000000 speed_up
C:\Users\EVERYO~1\AppData\Local\Temp\cchTdNU9.s:719    .text.speed_up:000000f8 $d
C:\Users\EVERYO~1\AppData\Local\Temp\cchTdNU9.s:737    .text.servo_ctrl:00000000 $t
C:\Users\EVERYO~1\AppData\Local\Temp\cchTdNU9.s:744    .text.servo_ctrl:00000000 servo_ctrl
C:\Users\EVERYO~1\AppData\Local\Temp\cchTdNU9.s:876    .text.servo_ctrl:00000110 $d
C:\Users\EVERYO~1\AppData\Local\Temp\cchTdNU9.s:892    .text.speed_judge:00000000 $t
C:\Users\EVERYO~1\AppData\Local\Temp\cchTdNU9.s:899    .text.speed_judge:00000000 speed_judge
C:\Users\EVERYO~1\AppData\Local\Temp\cchTdNU9.s:978    .text.speed_judge:0000007c $d
                           .group:00000000 wm4.0.1ea29c7543256e0887205fa7f8c557c8
                           .group:00000000 wm4._newlib_version.h.4.bfdf54b0af045d4a71376ae00f63a22c
                           .group:00000000 wm4.newlib.h.18.1c9fedb6b3cd797cff253cc0fd593ef2
                           .group:00000000 wm4.ieeefp.h.77.2bc94c1d1ed8b02df437510a04ac1e45
                           .group:00000000 wm4.features.h.22.026edb2397769f4ae13f35900dbdb560
                           .group:00000000 wm4.config.h.224.c701144a7b0518c6ee9b9b5465b79f81
                           .group:00000000 wm4._ansi.h.31.de524f58584151836e90d8620a16f8e8
                           .group:00000000 wm4.stdio.h.31.7c0e28c411445f3f9c5b11accf882760
                           .group:00000000 wm4._default_types.h.6.959254cf5f09734ea7516c89e8bb21bd
                           .group:00000000 wm4.stddef.h.181.c3f52a3b0f4c288bddb5dda1562858e2
                           .group:00000000 wm4.cdefs.h.49.a54b2d5c07711bc7320a3fea9f12cb56
                           .group:00000000 wm4.stddef.h.39.c161261b198ee3a963897077fd6fa59f
                           .group:00000000 wm4.stdarg.h.34.3a23a216c0c293b3d2ea2e89281481e6
                           .group:00000000 wm4._types.h.20.dd0d04dca3800a0d2a6129b87f3adbb2
                           .group:00000000 wm4.stddef.h.155.3588ebfdd1e8c7ede80509bb9c3b8009
                           .group:00000000 wm4._types.h.127.34941de1b2539d59d5cac00e0dd27a45
                           .group:00000000 wm4.reent.h.17.e292bf8b0bec6c96e131a54347145a30
                           .group:00000000 wm4.lock.h.2.1461d1fff82dffe8bfddc23307f6484f
                           .group:00000000 wm4.reent.h.77.dcd6129ff07fe81bd5636db29abe53b2
                           .group:00000000 wm4.types.h.40.8b6acba56cefbb11746718204edc8f5e
                           .group:00000000 wm4._stdint.h.10.c24fa3af3bc1706662bb5593a907e841
                           .group:00000000 wm4._endian.h.31.65a10590763c3dde1ac4a7f66d7d4891
                           .group:00000000 wm4.endian.h.9.49f3a4695c1b61e8a0808de3c4a106cb
                           .group:00000000 wm4._timeval.h.32.bec3221fa7a9bb0bdde696c9c57e47d2
                           .group:00000000 wm4.timespec.h.41.d855182eb0e690443ab8651bcedca6e1
                           .group:00000000 wm4.select.h.19.40cd3f2bfc456b193b790c2754690ebf
                           .group:00000000 wm4.types.h.51.5571ec98f267d17d3c670b7a3ba33afa
                           .group:00000000 wm4.sched.h.22.c60982713a5c428609783c78f9c78d95
                           .group:00000000 wm4._pthreadtypes.h.36.fcee9961c35163dde6267ef772ad1972
                           .group:00000000 wm4.stdio.h.2.4aa87247282eca6c8f36f9de33d8df1a
                           .group:00000000 wm4.stdio.h.81.932d0c162786b883f622b8d05c120c78
                           .group:00000000 wm4._intsup.h.10.48bafbb683905c4daa4565a85aeeb264
                           .group:00000000 wm4.stdint.h.23.d53047a68f4a85177f80b422d52785ed
                           .group:00000000 wm4.string.h.8.c4b8571ce60dff2817f43fec8b86aecd
                           .group:00000000 wm4.stddef.h.155.ba788add86a0e365f264484f110c3c29
                           .group:00000000 wm4.sr5e1xx.h.22.e5c808533cc52ed19fb0830cd7d98924
                           .group:00000000 wm4.cmsis_version.h.32.0f826810625204eca22a19868bdc7586
                           .group:00000000 wm4.core_cm7.h.66.8ab2de36917d6fcae18019067fda13e0
                           .group:00000000 wm4.cmsis_gcc.h.26.498d0ad17a45fc9ef20fdc01caf02259
                           .group:00000000 wm4.core_cm7.h.174.43edb295ecdaadad738f48ba6011ffad
                           .group:00000000 wm4.mpu_armv7.h.32.83326921a797fa9d6f70449916b4b839
                           .group:00000000 wm4.cachel1_armv7.h.32.abd77761a989e008b0c60891114a33c7
                           .group:00000000 wm4.SR5E1_ADC.h.14.21608e6aff125ba995dd767d6d8dc311
                           .group:00000000 wm4.SR5E1_CEM.h.14.01fe5742c8f1ae35b1f3af05932f702e
                           .group:00000000 wm4.SR5E1_CMU.h.14.2617b38b159abe38028862394531e06d
                           .group:00000000 wm4.SR5E1_COMP.h.14.4b6fdfe4f5f7fd9bedf3a99b98bdf4cd
                           .group:00000000 wm4.SR5E1_CORDIC.h.14.354fbf7c9eaf6963d38eaa25cf28ffe8
                           .group:00000000 wm4.SR5E1_CRC.h.14.c64d0f7767671ddb92e9ead0a1162100
                           .group:00000000 wm4.SR5E1_DAC.h.14.8c26a0ff04b0cfeb55306cc3f22187b8
                           .group:00000000 wm4.SR5E1_DBGMCU.h.14.427df893d53a8044654f017ba01c25ed
                           .group:00000000 wm4.SR5E1_DMA.h.14.a7f9a92f844b40a86965798c2e64240b
                           .group:00000000 wm4.SR5E1_DMAMUX.h.14.471b3b4dfd4d41515f1df49493698866
                           .group:00000000 wm4.SR5E1_EXTI.h.14.a325ea3fe89cd84894660551c33241ea
                           .group:00000000 wm4.SR5E1_FCCU.h.14.0ebf0f0f36e079d28613ad2c80e17e23
                           .group:00000000 wm4.SR5E1_FDCAN.h.14.ac57101fad5dbc798bfb93f34c899de7
                           .group:00000000 wm4.SR5E1_FLASH_REG_ITF.h.14.d23d1d44923f9b20b8c8fdb51d66aefd
                           .group:00000000 wm4.SR5E1_GPIO.h.14.1c84071e130d7c64b62470ab0e18a1f1
                           .group:00000000 wm4.SR5E1_HRTIM.h.24.03932387d2522e6bd5c772a4edaf2f5d
                           .group:00000000 wm4.SR5E1_HSEM.h.14.cbe70eee519f01b16452c3f8c99d8df1
                           .group:00000000 wm4.SR5E1_I2C.h.14.350ba3e0f4fd57828457efa80135c36c
                           .group:00000000 wm4.SR5E1_IMA.h.14.62b7088985ab2b7ce9b030a02daa1f7d
                           .group:00000000 wm4.SR5E1_IWDG.h.14.20b7c5f05cf7ae94464c360d7af3660d
                           .group:00000000 wm4.SR5E1_MEMU.h.14.04bad7ae4c52ce334a4fc900aad2ae5b
                           .group:00000000 wm4.SR5E1_NVM_CTRL.h.14.5f442617f0628d4f16258f211c614ef9
                           .group:00000000 wm4.SR5E1_PLLDIG.h.14.bd87a8e6917eee17dae2f312c8e5fa53
                           .group:00000000 wm4.SR5E1_PMC_DIG.h.14.54173b566c6656344766ec4ef46c9281
                           .group:00000000 wm4.SR5E1_RCC.h.14.56734803c71534de286e793a53649740
                           .group:00000000 wm4.SR5E1_RTC.h.14.47037cbc7d8175dbf2be1dc0bb955e3f
                           .group:00000000 wm4.SR5E1_SD_ADC.h.14.552b97d0b8f3c1fd4df6d8964b2f1a80
                           .group:00000000 wm4.SR5E1_SMPU.h.14.8ce5bb6d5d7c579cd725f492f46e9085
                           .group:00000000 wm4.SR5E1_SPI.h.14.42d52112e540f85ade4d9135f8b87d72
                           .group:00000000 wm4.SR5E1_SSCM.h.14.8e6a2ad0ce5fca422fc3d69939b6125b
                           .group:00000000 wm4.SR5E1_SYSCFG.h.14.02b969490118ce4069914b5e94f7ca65
                           .group:00000000 wm4.SR5E1_TDM.h.14.a40ed7928cad243a57fd233fccf01ad2
                           .group:00000000 wm4.SR5E1_TIM.h.14.f17572f4c16f3f152b8164ad25c34f5b
                           .group:00000000 wm4.SR5E1_UART.h.14.eec3ab82b02b3bdb3de500483675b83f
                           .group:00000000 wm4.SR5E1_WWDG.h.14.59b45efc70e442cc6ef03702aad4ad88
                           .group:00000000 wm4.stdbool.h.29.07dce69c3b78884144b7f7bd19483461
                           .group:00000000 wm4.typedefs.h.36.07fe3956b4e751037cfee70edcd0b397
                           .group:00000000 wm4.irq_numbers.h.38.6294b95aed1bf7b3a2cda0eed8ce8f57
                           .group:00000000 wm4.regs.h.23.2ac145b4f57126d16daed5fbd86d99c6
                           .group:00000000 wm4.stdarg.h.31.3fa7b8f6daaa31edd1696c08c77f2a73
                           .group:00000000 wm4.stdlib.h.13.4ed386f5c1a80d71e72172885d946ef2
                           .group:00000000 wm4.alloca.h.8.dfc0c703c47ec3e69746825b17d9e66d
                           .group:00000000 wm4.stdlib.h.56.f4862cfbf4363a1db01842d5bdf72c18
                           .group:00000000 wm4.zf_common_typedef.h.47.8c368673885c9d07221c267e15ab1069
                           .group:00000000 wm4.zf_common_debug.h.33.727e0094f4d79012e3b7f7400deabb35
                           .group:00000000 wm4.zf_common_fifo.h.33.e14e643902e26e4e65437b5b20e82793
                           .group:00000000 wm4.zf_common_function.h.33.02bbfb055e8ee322bc4f8b14ea195da2
                           .group:00000000 wm4.zf_common_memory.h.33.d43647290a4d62164ff2ec77cadb89d8
                           .group:00000000 wm4.saradc.h.25.e5a70aef9ec4fddf35f2b7cc0c9cf1bc
                           .group:00000000 wm4.gpio.h.25.d41a0c19fda8c2de42e666afb48ec15a
                           .group:00000000 wm4.zf_driver_gpio.h.65.5a4d2084c62fed7c22fdca02e748c198
                           .group:00000000 wm4.zf_driver_adc.h.64.349fb433626b42172b0e0fee038428ca
                           .group:00000000 wm4.can.h.25.3cfccb6c630ada4f656cab597e231e58
                           .group:00000000 wm4.dmamux.h.25.337aea179f6dbcc87c52aae26d38f76e
                           .group:00000000 wm4.clock_cfg.h.24.0aed3cee9ecce947225a304181294191
                           .group:00000000 wm4.clock.h.37.80236c5607fdd9eb9275e5111a4191c3
                           .group:00000000 wm4.irq.h.37.78714f25754c8b09d1428599101f6cc7
                           .group:00000000 wm4.dma.h.40.f77dd217a06ceba13a3cfdd4102a73c1
                           .group:00000000 wm4.zf_driver_can.h.67.fd10d2fa867eb54a54d4b57027d73a60
                           .group:00000000 wm4.tim.h.25.6e7ad96569e77a70a68b9b4cc59f54f2
                           .group:00000000 wm4.zf_driver_timer.h.33.8df253b6990d9861816977209fb11e90
                           .group:00000000 wm4.zf_driver_encoder.h.57.7e32999f25354fac086ca226b0c630d4
                           .group:00000000 wm4.exti.h.25.21597c35d9630b0985ce88d2c41f4ea4
                           .group:00000000 wm4.zf_driver_exti.h.59.1b02b8083e5295ef5baaf83905d59395
                           .group:00000000 wm4.ssd_types.h.29.b861f4e6d39d333f931bfc05b964cb1c
                           .group:00000000 wm4.ssd_C55.h.37.dad650468a97d71aff4dd65ca085590f
                           .group:00000000 wm4.zf_driver_flash.h.59.db93fe574c35ea9e79030063fbb35a13
                           .group:00000000 wm4.hrtim.h.25.1601aea9d4a0da1de8252dc444355251
                           .group:00000000 wm4.zf_driver_hrtim.h.64.cd8d2bf3bf1c471ea59d9c61e4a721d7
                           .group:00000000 wm4.zf_driver_interrupt.h.33.2c3660dcc36cb090bd75b8f180c14f27
                           .group:00000000 wm4.zf_driver_pit.h.33.834ac720a62e09d5603a9557331e9049
                           .group:00000000 wm4.zf_driver_pwm.h.33.7d80487064ca712231a453396685a551
                           .group:00000000 wm4.zf_driver_rcc.h.33.4c228cf40a79e1b974b30d5a9a3a77a7
                           .group:00000000 wm4.zf_driver_soft_iic.h.33.9067bd298084134f63c61c075f95fa2b
                           .group:00000000 wm4.zf_driver_soft_spi.h.33.a938287c023905d97cafe56e4be63674
                           .group:00000000 wm4.zf_driver_spi.h.62.950b1f52ed365034df2907601137b455
                           .group:00000000 wm4.zf_driver_system.h.33.370922a9681b47d575d2c83d302a180b
                           .group:00000000 wm4.zf_driver_uart.h.70.ffcf3694337ad0b4066179f1abd5d668
                           .group:00000000 wm4.zf_device_imu_interface.h.40.344a2c93b973b58cee305ff406fc3e84
                           .group:00000000 wm4.zf_device_imu660rb.h.37.b47c39afb47c89c2c82bd28e76457042
                           .group:00000000 wm4.zf_device_imu963ra.h.37.e773f164af6f72dd1b0b6c1242bf99b4
                           .group:00000000 wm4.zf_device_wireless_interface.h.40.da0a07f107014cb0888a26f281971a5b
                           .group:00000000 wm4.zf_device_display_interface.h.79.d8df25e52245efbd97fd6415c8db0a72
                           .group:00000000 wm4.zf_device_ips200.h.37.957fc5e8b291701a6f6b47207b045b77
                           .group:00000000 wm4.math.h.13.b6595ad277a643a6127e1a4515a98f91
                           .group:00000000 wm4.zf_device_gnss.h.66.39fe53860d2d190725612db126de8287
                           .group:00000000 wm4.zf_device_key.h.45.b12f9096d8cc68f085b8fe9fe5b730db
                           .group:00000000 wm4.zf_device_uart_receiver.h.43.9ac9496dcaa4780ef86d21fa439379b4
                           .group:00000000 wm4.imu963.h.9.0357a407ee5eca150c2da77b8ad374e8
                           .group:00000000 wm4.Defined.h.8.ba118efb82db5b67af1e2437e5b3cf85
                           .group:00000000 wm4.gps.h.16.e415e513692cd3052ed0c0f0fe95f318
                           .group:00000000 wm4.PID1.h.9.1cc3485a8cc0a8a64a4519addeb351e8
                           .group:00000000 wm4.my_flash.h.9.82a1ad4360117b2f54268b11aa8680a3

UNDEFINED SYMBOLS
zf_gpio_set_level
zf_pwm_set_duty
error_gps_angle
encoder_rpm
